Build started 22/09/2016 21:33:41.
     1>Project "C:\Users\user\Desktop\RelaeseMoogDots\version2.0.0.4.3\MOOG_DOOTS_REALLOCATED_VER\wxMSW-2.6.3-1\wxWidgets-2.6.3\build\msw\wx_wxjpeg.vcxproj" on node 4 (Build target(s)).
     1>ClCompile:
         C:\Program Files (x86)\Microsoft Visual Studio 12.0\VC\bin\CL.exe /c /I..\..\lib\vc_lib\msw /Zi /nologo /W1 /WX- /O2 /Oy- /D WIN32 /D _LIB /D _VC80_UPGRADE=0x0600 /GF /Gm- /EHsc /MD /GS /Gy /fp:precise /Zc:wchar_t /Zc:forScope /GR /Fo".\vc_msw\wxjpeg\\" /Fd"..\..\lib\vc_lib\wxjpeg.pdb" /Gd /TC /analyze- /errorReport:prompt  /EHsc   /EHsc ..\..\src\jpeg\jcapimin.c ..\..\src\jpeg\jcapistd.c ..\..\src\jpeg\jccoefct.c ..\..\src\jpeg\jccolor.c ..\..\src\jpeg\jcdctmgr.c ..\..\src\jpeg\jchuff.c ..\..\src\jpeg\jcinit.c ..\..\src\jpeg\jcmainct.c ..\..\src\jpeg\jcmarker.c ..\..\src\jpeg\jcmaster.c ..\..\src\jpeg\jcomapi.c ..\..\src\jpeg\jcparam.c ..\..\src\jpeg\jcphuff.c ..\..\src\jpeg\jcprepct.c ..\..\src\jpeg\jcsample.c ..\..\src\jpeg\jctrans.c ..\..\src\jpeg\jdapimin.c ..\..\src\jpeg\jdapistd.c ..\..\src\jpeg\jdatadst.c ..\..\src\jpeg\jdatasrc.c ..\..\src\jpeg\jdcoefct.c ..\..\src\jpeg\jdcolor.c ..\..\src\jpeg\jddctmgr.c ..\..\src\jpeg\jdhuff.c ..\..\src\jpeg\jdinput.c ..\..\src\jpeg\jdmainct.c ..\..\src\jpeg\jdmarker.c ..\..\src\jpeg\jdmaster.c ..\..\src\jpeg\jdmerge.c ..\..\src\jpeg\jdphuff.c ..\..\src\jpeg\jdpostct.c ..\..\src\jpeg\jdsample.c ..\..\src\jpeg\jdtrans.c ..\..\src\jpeg\jerror.c ..\..\src\jpeg\jfdctflt.c ..\..\src\jpeg\jfdctfst.c ..\..\src\jpeg\jfdctint.c ..\..\src\jpeg\jidctflt.c ..\..\src\jpeg\jidctfst.c ..\..\src\jpeg\jidctint.c ..\..\src\jpeg\jidctred.c ..\..\src\jpeg\jmemmgr.c ..\..\src\jpeg\jmemnobs.c ..\..\src\jpeg\jquant1.c ..\..\src\jpeg\jquant2.c ..\..\src\jpeg\jutils.c
         jcapimin.c
         jcapistd.c
         jccoefct.c
         jccolor.c
         jcdctmgr.c
         jchuff.c
         jcinit.c
         jcmainct.c
         jcmarker.c
         jcmaster.c
         jcomapi.c
         jcparam.c
         jcphuff.c
         jcprepct.c
         jcsample.c
         jctrans.c
         jdapimin.c
         jdapistd.c
         jdatadst.c
         jdatasrc.c
         Generating Code...
         Compiling...
         jdcoefct.c
         jdcolor.c
         jddctmgr.c
         jdhuff.c
         jdinput.c
         jdmainct.c
         jdmarker.c
         jdmaster.c
         jdmerge.c
         jdphuff.c
         jdpostct.c
         jdsample.c
         jdtrans.c
         jerror.c
         jfdctflt.c
         jfdctfst.c
         jfdctint.c
         jidctflt.c
         jidctfst.c
         jidctint.c
         Generating Code...
         Compiling...
         jidctred.c
         jmemmgr.c
         jmemnobs.c
         jquant1.c
         jquant2.c
         jutils.c
         Generating Code...
       Lib:
         C:\Program Files (x86)\Microsoft Visual Studio 12.0\VC\bin\Lib.exe /OUT:"..\..\lib\vc_lib\wxjpeg.lib" /NOLOGO .\vc_msw\wxjpeg\jcapimin.obj
         .\vc_msw\wxjpeg\jcapistd.obj
         .\vc_msw\wxjpeg\jccoefct.obj
         .\vc_msw\wxjpeg\jccolor.obj
         .\vc_msw\wxjpeg\jcdctmgr.obj
         .\vc_msw\wxjpeg\jchuff.obj
         .\vc_msw\wxjpeg\jcinit.obj
         .\vc_msw\wxjpeg\jcmainct.obj
         .\vc_msw\wxjpeg\jcmarker.obj
         .\vc_msw\wxjpeg\jcmaster.obj
         .\vc_msw\wxjpeg\jcomapi.obj
         .\vc_msw\wxjpeg\jcparam.obj
         .\vc_msw\wxjpeg\jcphuff.obj
         .\vc_msw\wxjpeg\jcprepct.obj
         .\vc_msw\wxjpeg\jcsample.obj
         .\vc_msw\wxjpeg\jctrans.obj
         .\vc_msw\wxjpeg\jdapimin.obj
         .\vc_msw\wxjpeg\jdapistd.obj
         .\vc_msw\wxjpeg\jdatadst.obj
         .\vc_msw\wxjpeg\jdatasrc.obj
         .\vc_msw\wxjpeg\jdcoefct.obj
         .\vc_msw\wxjpeg\jdcolor.obj
         .\vc_msw\wxjpeg\jddctmgr.obj
         .\vc_msw\wxjpeg\jdhuff.obj
         .\vc_msw\wxjpeg\jdinput.obj
         .\vc_msw\wxjpeg\jdmainct.obj
         .\vc_msw\wxjpeg\jdmarker.obj
         .\vc_msw\wxjpeg\jdmaster.obj
         .\vc_msw\wxjpeg\jdmerge.obj
         .\vc_msw\wxjpeg\jdphuff.obj
         .\vc_msw\wxjpeg\jdpostct.obj
         .\vc_msw\wxjpeg\jdsample.obj
         .\vc_msw\wxjpeg\jdtrans.obj
         .\vc_msw\wxjpeg\jerror.obj
         .\vc_msw\wxjpeg\jfdctflt.obj
         .\vc_msw\wxjpeg\jfdctfst.obj
         .\vc_msw\wxjpeg\jfdctint.obj
         .\vc_msw\wxjpeg\jidctflt.obj
         .\vc_msw\wxjpeg\jidctfst.obj
         .\vc_msw\wxjpeg\jidctint.obj
         .\vc_msw\wxjpeg\jidctred.obj
         .\vc_msw\wxjpeg\jmemmgr.obj
         .\vc_msw\wxjpeg\jmemnobs.obj
         .\vc_msw\wxjpeg\jquant1.obj
         .\vc_msw\wxjpeg\jquant2.obj
         .\vc_msw\wxjpeg\jutils.obj
         wx_wxjpeg.vcxproj -> C:\Users\user\Desktop\RelaeseMoogDots\version2.0.0.4.3\MOOG_DOOTS_REALLOCATED_VER\wxMSW-2.6.3-1\wxWidgets-2.6.3\build\msw\.\..\..\lib\vc_lib\wxjpeg.lib
     1>Done Building Project "C:\Users\user\Desktop\RelaeseMoogDots\version2.0.0.4.3\MOOG_DOOTS_REALLOCATED_VER\wxMSW-2.6.3-1\wxWidgets-2.6.3\build\msw\wx_wxjpeg.vcxproj" (Build target(s)).

Build succeeded.

Time Elapsed 00:00:03.41
