Build started 22/09/2016 21:33:41.
     1>Project "C:\Users\user\Desktop\RelaeseMoogDots\version2.0.0.4.3\MOOG_DOOTS_REALLOCATED_VER\wxMSW-2.6.3-1\wxWidgets-2.6.3\build\msw\wx_wxzlib.vcxproj" on node 7 (Build target(s)).
     1>ClCompile:
         C:\Program Files (x86)\Microsoft Visual Studio 12.0\VC\bin\CL.exe /c /Zi /nologo /W1 /WX- /O2 /Oy- /D WIN32 /D _LIB /D _VC80_UPGRADE=0x0600 /GF /Gm- /EHsc /MD /GS /Gy /fp:precise /Zc:wchar_t /Zc:forScope /GR /Fo".\vc_msw\wxzlib\\" /Fd"..\..\lib\vc_lib\wxzlib.pdb" /Gd /TC /analyze- /errorReport:prompt  /EHsc   /EHsc ..\..\src\zlib\adler32.c ..\..\src\zlib\compress.c ..\..\src\zlib\crc32.c ..\..\src\zlib\deflate.c ..\..\src\zlib\gzio.c ..\..\src\zlib\infback.c ..\..\src\zlib\inffast.c ..\..\src\zlib\inflate.c ..\..\src\zlib\inftrees.c ..\..\src\zlib\trees.c ..\..\src\zlib\uncompr.c ..\..\src\zlib\zutil.c
         adler32.c
         compress.c
         crc32.c
         deflate.c
         gzio.c
         infback.c
         inffast.c
         inflate.c
         inftrees.c
         trees.c
         uncompr.c
         zutil.c
         Generating Code...
       Lib:
         C:\Program Files (x86)\Microsoft Visual Studio 12.0\VC\bin\Lib.exe /OUT:"..\..\lib\vc_lib\wxzlib.lib" /NOLOGO .\vc_msw\wxzlib\adler32.obj
         .\vc_msw\wxzlib\compress.obj
         .\vc_msw\wxzlib\crc32.obj
         .\vc_msw\wxzlib\deflate.obj
         .\vc_msw\wxzlib\gzio.obj
         .\vc_msw\wxzlib\infback.obj
         .\vc_msw\wxzlib\inffast.obj
         .\vc_msw\wxzlib\inflate.obj
         .\vc_msw\wxzlib\inftrees.obj
         .\vc_msw\wxzlib\trees.obj
         .\vc_msw\wxzlib\uncompr.obj
         .\vc_msw\wxzlib\zutil.obj
         wx_wxzlib.vcxproj -> C:\Users\user\Desktop\RelaeseMoogDots\version2.0.0.4.3\MOOG_DOOTS_REALLOCATED_VER\wxMSW-2.6.3-1\wxWidgets-2.6.3\build\msw\.\..\..\lib\vc_lib\wxzlib.lib
     1>Done Building Project "C:\Users\user\Desktop\RelaeseMoogDots\version2.0.0.4.3\MOOG_DOOTS_REALLOCATED_VER\wxMSW-2.6.3-1\wxWidgets-2.6.3\build\msw\wx_wxzlib.vcxproj" (Build target(s)).

Build succeeded.

Time Elapsed 00:00:01.46
