Build started 25/05/2015 15:05:54.
     1>Project "C:\Users\robocup\Desktop\290425015\wxMSW-2.6.3-1\wxWidgets-2.6.3\build\msw\wx_media.vcxproj" on node 2 (Rebuild target(s)).
     1>CustomBuild:
         Creating ..\..\lib\vc_lib\mswd\wx\msw\rcdefs.h
         genrcdefs.h
         Creating ..\..\lib\vc_lib\mswd\wx\setup.h
                 1 file(s) copied.
       ClCompile:
         C:\Program Files (x86)\Microsoft Visual Studio 12.0\VC\bin\CL.exe /c /I..\..\lib\vc_lib\mswd /I..\..\include /I..\..\src\tiff /I..\..\src\jpeg /I..\..\src\png /I..\..\src\zlib /I..\..\src\regex /I..\..\src\expat\lib /Zi /nologo /W4 /WX- /Od /Oy- /D WIN32 /D _LIB /D _DEBUG /D __WXMSW__ /D __WXDEBUG__ /D _VC80_UPGRADE=0x0600 /Gm /EHsc /RTC1 /MDd /GS /Gy- /fp:precise /Zc:wchar_t /Zc:forScope /GR /Yc"wx/wxprec.h" /Fp"vc_mswd\wxprec_medialib.pch" /Fo".\vc_mswd\media\\" /Fd"..\..\lib\vc_lib\wxmsw26d_media.pdb" /Gd /TP /analyze- /errorReport:prompt  /EHsc   /EHsc ..\..\src\msw\dummy.cpp
         dummy.cpp
         C:\Program Files (x86)\Microsoft Visual Studio 12.0\VC\bin\CL.exe /c /I..\..\lib\vc_lib\mswd /I..\..\include /I..\..\src\tiff /I..\..\src\jpeg /I..\..\src\png /I..\..\src\zlib /I..\..\src\regex /I..\..\src\expat\lib /Zi /nologo /W4 /WX- /Od /Oy- /D WIN32 /D _LIB /D _DEBUG /D __WXMSW__ /D __WXDEBUG__ /D _VC80_UPGRADE=0x0600 /Gm /EHsc /RTC1 /MDd /GS /Gy- /fp:precise /Zc:wchar_t /Zc:forScope /GR /Yu"wx/wxprec.h" /Fp"vc_mswd\wxprec_medialib.pch" /Fo".\vc_mswd\media\\" /Fd"..\..\lib\vc_lib\wxmsw26d_media.pdb" /Gd /TP /analyze- /errorReport:prompt  /EHsc   /EHsc ..\..\src\common\mediactrlcmn.cpp ..\..\src\msw\mediactrl.cpp ..\..\src\msw\ole\activex.cpp
         activex.cpp
         mediactrl.cpp
         mediactrlcmn.cpp
         Generating Code...
     1>C:\Program Files (x86)\MSBuild\Microsoft.Cpp\v4.0\V120\Microsoft.CppBuild.targets(1361,5): warning MSB8012: TargetPath(C:\Users\robocup\Desktop\290425015\wxMSW-2.6.3-1\wxWidgets-2.6.3\build\msw\.\..\..\lib\vc_lib\media.lib) does not match the Library's OutputFile property value (C:\Users\robocup\Desktop\290425015\wxMSW-2.6.3-1\wxWidgets-2.6.3\lib\vc_lib\wxmsw26d_media.lib). This may cause your project to build incorrectly. To correct this, please make sure that $(OutDir), $(TargetName) and $(TargetExt) property values match the value specified in %(Lib.OutputFile).
     1>C:\Program Files (x86)\MSBuild\Microsoft.Cpp\v4.0\V120\Microsoft.CppBuild.targets(1363,5): warning MSB8012: TargetName(media) does not match the Library's OutputFile property value (wxmsw26d_media). This may cause your project to build incorrectly. To correct this, please make sure that $(OutDir), $(TargetName) and $(TargetExt) property values match the value specified in %(Lib.OutputFile).
       Lib:
         C:\Program Files (x86)\Microsoft Visual Studio 12.0\VC\bin\Lib.exe /OUT:"..\..\lib\vc_lib\wxmsw26d_media.lib" /NOLOGO .\vc_mswd\media\mediactrlcmn.obj
         .\vc_mswd\media\dummy.obj
         .\vc_mswd\media\mediactrl.obj
         .\vc_mswd\media\activex.obj
         wx_media.vcxproj -> C:\Users\robocup\Desktop\290425015\wxMSW-2.6.3-1\wxWidgets-2.6.3\build\msw\.\..\..\lib\vc_lib\media.lib
     1>Done Building Project "C:\Users\robocup\Desktop\290425015\wxMSW-2.6.3-1\wxWidgets-2.6.3\build\msw\wx_media.vcxproj" (Rebuild target(s)).

Build succeeded.

Time Elapsed 00:00:09.90
