Build started 3/20/2018 2:12:10 PM.
     1>Project "C:\Users\AdamLab\Documents\GitHub\MoogLaptop\Adam\Adam\MoogDots -- Human Moog - Curve Screen55\src\MoogDots.vcxproj" on node 2 (Build target(s)).
     1>ClCompile:
         C:\Program Files (x86)\Microsoft Visual Studio 12.0\VC\bin\CL.exe /c /I..\Dependencies\IpCommunication\IpCommunication /I..\Dependencies\MatlabTcpCommunicator\MatlabTcpCommunicator /I..\Dependencies\LPTInterface\LPTInterface /I..\..\..\..\MatlabRDX /I"..\..\..\..\libxl-3.6.5.0\include_cpp" /I"..\..\..\..\oculusvr_samples-master\oculusvr_samples-master\common_libs" /I"..\..\..\..\oculusvr_samples-master\oculusvr_samples-master\common_res" /I..\..\..\..\OculusSDK\LibOVR\Include /I..\..\..\..\OculusSDK\LibOVRKernel\Src /I..\..\..\..\OculusSDK\LibOVR\Src /I..\..\..\..\OculusSDK\LibOVR\Include\Extras /I"..\..\..\..\oculusvr_samples-master\oculusvr_samples-master\common_libs\SDL\include" /I"C:\Program Files\Measurement Computing\DAQ\C" /I"..\..\..\..\wxMSW-2.6.3-1\wxWidgets-2.6.3\include" /I"..\..\..\..\wxMSW-2.6.3-1\wxWidgets-2.6.3\lib\vc_lib\mswd" /I..\..\..\..\cbw /I..\..\NumericalMethods\NumericalMethods /I"..\..\..\..\freeglut-2.0.1\freeglut-2.0.1\Debug" /I"..\..\..\..\freeglut-2.0.1\freeglut-2.0.1\include" /I"..\..\..\..\glew-1.12.0-win32\glew-1.12.0\include\GL" /I..\..\..\..\ /I..\MoogCom\src /I"C:\Program Files (x86)\MATLAB\R2013a\extern\include" /I"C:\Program Files (x86)\MATLAB\R2013a\bin\win32" /I..\Dependencies /Zi /nologo /W3 /WX- /Od /Ob1 /Oy /D WIN32 /D NDEBUG /D _WINDOWS /D WINVER=0x0501 /D STRICT /D _MBCS /GF /Gm- /EHsc /MD /GS /Gy /fp:precise /Zc:wchar_t /Zc:forScope /Fo"..\release\\" /Fd"..\release\vc120.pdb" /Gd /TP /analyze- /errorReport:prompt MainPanel.cpp MoogDots.cpp MoogDotsCom.cpp
         MainPanel.cpp
     1>c:\users\adamlab\documents\github\mooglaptop\adam\adam\moogdots -- human moog - curve screen55\src\GlobalDefs.h(15): warning C4005: 'GET_DATA_FRAME' : macro redefinition
                 c:\users\adamlab\documents\github\mooglaptop\adam\adam\moogdots -- human moog - curve screen55\src\GlobalDefs.h(13) : see previous definition of 'GET_DATA_FRAME'
     1>C:\Users\AdamLab\Documents\GitHub\MoogLaptop\oculusvr_samples-master\oculusvr_samples-master\common_libs\glew-1.11.0/include/GL/glew.h(5439): warning C4005: 'GL_OFFSET' : macro redefinition
                 c:\users\adamlab\documents\github\mooglaptop\adam\adam\moogdots -- human moog - curve screen55\src\GlobalDefs.h(8) : see previous definition of 'GL_OFFSET'
     1>c:\users\adamlab\documents\github\mooglaptop\adam\adam\moogdots -- human moog - curve screen55\src\OculusVR.hpp(85): warning C4244: '=' : conversion from 'double' to 'float', possible loss of data
     1>c:\users\adamlab\documents\github\mooglaptop\adam\adam\moogdots -- human moog - curve screen55\src\OculusVR.hpp(86): warning C4244: '=' : conversion from 'double' to 'float', possible loss of data
     1>c:\users\adamlab\documents\github\mooglaptop\adam\adam\moogdots -- human moog - curve screen55\src\OculusVR.hpp(87): warning C4244: '=' : conversion from 'double' to 'float', possible loss of data
     1>C:\Users\AdamLab\Documents\GitHub\MoogLaptop\Adam\Adam\MoogDots -- Human Moog - Curve Screen55\Dependencies\MatlabTcpCommunicator\MatlabTcpCommunicator\MatlabTcpcommunicator.h(1): warning C4067: unexpected tokens following preprocessor directive - expected a newline
     1>C:\Program Files (x86)\Windows Kits\8.1\Include\shared\ws2ipdef.h(102): error C2146: syntax error : missing ';' before identifier 'iiAddress'
     1>C:\Program Files (x86)\Windows Kits\8.1\Include\shared\ws2ipdef.h(102): error C4430: missing type specifier - int assumed. Note: C++ does not support default-int
     1>C:\Program Files (x86)\Windows Kits\8.1\Include\shared\ws2ipdef.h(103): error C2146: syntax error : missing ';' before identifier 'iiBroadcastAddress'
     1>C:\Program Files (x86)\Windows Kits\8.1\Include\shared\ws2ipdef.h(103): error C4430: missing type specifier - int assumed. Note: C++ does not support default-int
     1>C:\Program Files (x86)\Windows Kits\8.1\Include\shared\ws2ipdef.h(104): error C2146: syntax error : missing ';' before identifier 'iiNetmask'
     1>C:\Program Files (x86)\Windows Kits\8.1\Include\shared\ws2ipdef.h(104): error C4430: missing type specifier - int assumed. Note: C++ does not support default-int
     1>C:\Program Files (x86)\Windows Kits\8.1\Include\shared\ws2ipdef.h(124): warning C4005: 'IP_TOS' : macro redefinition
                 C:\Program Files (x86)\Windows Kits\8.1\Include\um\winsock.h(344) : see previous definition of 'IP_TOS'
     1>C:\Program Files (x86)\Windows Kits\8.1\Include\shared\ws2ipdef.h(125): warning C4005: 'IP_TTL' : macro redefinition
                 C:\Program Files (x86)\Windows Kits\8.1\Include\um\winsock.h(343) : see previous definition of 'IP_TTL'
     1>C:\Program Files (x86)\Windows Kits\8.1\Include\shared\ws2ipdef.h(126): warning C4005: 'IP_MULTICAST_IF' : macro redefinition
                 C:\Program Files (x86)\Windows Kits\8.1\Include\um\winsock.h(338) : see previous definition of 'IP_MULTICAST_IF'
     1>C:\Program Files (x86)\Windows Kits\8.1\Include\shared\ws2ipdef.h(127): warning C4005: 'IP_MULTICAST_TTL' : macro redefinition
                 C:\Program Files (x86)\Windows Kits\8.1\Include\um\winsock.h(339) : see previous definition of 'IP_MULTICAST_TTL'
     1>C:\Program Files (x86)\Windows Kits\8.1\Include\shared\ws2ipdef.h(128): warning C4005: 'IP_MULTICAST_LOOP' : macro redefinition
                 C:\Program Files (x86)\Windows Kits\8.1\Include\um\winsock.h(340) : see previous definition of 'IP_MULTICAST_LOOP'
     1>C:\Program Files (x86)\Windows Kits\8.1\Include\shared\ws2ipdef.h(129): warning C4005: 'IP_ADD_MEMBERSHIP' : macro redefinition
                 C:\Program Files (x86)\Windows Kits\8.1\Include\um\winsock.h(341) : see previous definition of 'IP_ADD_MEMBERSHIP'
     1>C:\Program Files (x86)\Windows Kits\8.1\Include\shared\ws2ipdef.h(130): warning C4005: 'IP_DROP_MEMBERSHIP' : macro redefinition
                 C:\Program Files (x86)\Windows Kits\8.1\Include\um\winsock.h(342) : see previous definition of 'IP_DROP_MEMBERSHIP'
     1>C:\Program Files (x86)\Windows Kits\8.1\Include\shared\ws2ipdef.h(131): warning C4005: 'IP_DONTFRAGMENT' : macro redefinition
                 C:\Program Files (x86)\Windows Kits\8.1\Include\um\winsock.h(345) : see previous definition of 'IP_DONTFRAGMENT'
     1>C:\Program Files (x86)\Windows Kits\8.1\Include\shared\ws2ipdef.h(169): error C2146: syntax error : missing ';' before identifier 'sin6_family'
     1>C:\Program Files (x86)\Windows Kits\8.1\Include\shared\ws2ipdef.h(169): error C4430: missing type specifier - int assumed. Note: C++ does not support default-int
     1>C:\Program Files (x86)\Windows Kits\8.1\Include\shared\ws2ipdef.h(175): error C2146: syntax error : missing ';' before identifier 'sin6_scope_struct'
     1>C:\Program Files (x86)\Windows Kits\8.1\Include\shared\ws2ipdef.h(175): error C4430: missing type specifier - int assumed. Note: C++ does not support default-int
     1>C:\Program Files (x86)\Windows Kits\8.1\Include\shared\ws2ipdef.h(204): error C2146: syntax error : missing ';' before identifier 'si_family'
     1>C:\Program Files (x86)\Windows Kits\8.1\Include\shared\ws2ipdef.h(204): error C4430: missing type specifier - int assumed. Note: C++ does not support default-int
     1>C:\Program Files (x86)\Windows Kits\8.1\Include\shared\ws2ipdef.h(316): error C4430: missing type specifier - int assumed. Note: C++ does not support default-int
     1>C:\Program Files (x86)\Windows Kits\8.1\Include\shared\ws2ipdef.h(316): error C2146: syntax error : missing ';' before identifier 'scopeid_unspecified'
     1>C:\Program Files (x86)\Windows Kits\8.1\Include\shared\ws2ipdef.h(607): error C2039: 'sin6_family' : is not a member of 'sockaddr_in6'
                 C:\Program Files (x86)\Windows Kits\8.1\Include\shared\ws2ipdef.h(168) : see declaration of 'sockaddr_in6'
     1>C:\Program Files (x86)\Windows Kits\8.1\Include\shared\ws2ipdef.h(607): error C2065: 'AF_INET6' : undeclared identifier
     1>C:\Program Files (x86)\Windows Kits\8.1\Include\shared\ws2ipdef.h(618): error C2039: 'sin6_family' : is not a member of 'sockaddr_in6'
                 C:\Program Files (x86)\Windows Kits\8.1\Include\shared\ws2ipdef.h(168) : see declaration of 'sockaddr_in6'
     1>C:\Program Files (x86)\Windows Kits\8.1\Include\shared\ws2ipdef.h(618): error C2065: 'AF_INET6' : undeclared identifier
     1>C:\Program Files (x86)\Windows Kits\8.1\Include\shared\ws2ipdef.h(715): error C2011: 'ip_mreq' : 'struct' type redefinition
                 C:\Program Files (x86)\Windows Kits\8.1\Include\um\winsock.h(355) : see declaration of 'ip_mreq'
     1>C:\Program Files (x86)\Windows Kits\8.1\Include\shared\ws2ipdef.h(812): error C2146: syntax error : missing ';' before identifier 'gr_group'
     1>C:\Program Files (x86)\Windows Kits\8.1\Include\shared\ws2ipdef.h(812): error C4430: missing type specifier - int assumed. Note: C++ does not support default-int
     1>C:\Program Files (x86)\Windows Kits\8.1\Include\shared\ws2ipdef.h(821): error C2146: syntax error : missing ';' before identifier 'gsr_group'
     1>C:\Program Files (x86)\Windows Kits\8.1\Include\shared\ws2ipdef.h(821): error C4430: missing type specifier - int assumed. Note: C++ does not support default-int
     1>C:\Program Files (x86)\Windows Kits\8.1\Include\shared\ws2ipdef.h(822): error C2146: syntax error : missing ';' before identifier 'gsr_source'
     1>C:\Program Files (x86)\Windows Kits\8.1\Include\shared\ws2ipdef.h(822): error C4430: missing type specifier - int assumed. Note: C++ does not support default-int
     1>C:\Program Files (x86)\Windows Kits\8.1\Include\shared\ws2ipdef.h(831): error C2146: syntax error : missing ';' before identifier 'gf_group'
     1>C:\Program Files (x86)\Windows Kits\8.1\Include\shared\ws2ipdef.h(831): error C4430: missing type specifier - int assumed. Note: C++ does not support default-int
     1>C:\Program Files (x86)\Windows Kits\8.1\Include\shared\ws2ipdef.h(834): error C2146: syntax error : missing ';' before identifier 'gf_slist'
     1>C:\Program Files (x86)\Windows Kits\8.1\Include\shared\ws2ipdef.h(834): error C4430: missing type specifier - int assumed. Note: C++ does not support default-int
     1>C:\Program Files (x86)\Windows Kits\8.1\Include\shared\ws2ipdef.h(867): error C2146: syntax error : missing ';' before identifier 'scope_id'
     1>C:\Program Files (x86)\Windows Kits\8.1\Include\shared\ws2ipdef.h(867): error C4430: missing type specifier - int assumed. Note: C++ does not support default-int
     1>C:\Program Files (x86)\Windows Kits\8.1\Include\shared\ws2ipdef.h(870): error C2118: negative subscript
     1>C:\Program Files (x86)\Windows Kits\8.1\Include\shared\ws2ipdef.h(877): error C2146: syntax error : missing ';' before identifier 'scope_id'
     1>C:\Program Files (x86)\Windows Kits\8.1\Include\shared\ws2ipdef.h(877): error C4430: missing type specifier - int assumed. Note: C++ does not support default-int
     1>C:\Program Files (x86)\Windows Kits\8.1\Include\shared\ws2ipdef.h(880): error C2118: negative subscript
     1>C:\Program Files (x86)\Windows Kits\8.1\Include\um\ws2tcpip.h(76): error C2146: syntax error : missing ';' before identifier 'ADDRINFOT'
     1>C:\Program Files (x86)\Windows Kits\8.1\Include\um\ws2tcpip.h(76): error C4430: missing type specifier - int assumed. Note: C++ does not support default-int
     1>C:\Program Files (x86)\Windows Kits\8.1\Include\um\ws2tcpip.h(88): error C2146: syntax error : missing ';' before identifier 'ADDRINFOEX'
     1>C:\Program Files (x86)\Windows Kits\8.1\Include\um\ws2tcpip.h(88): error C4430: missing type specifier - int assumed. Note: C++ does not support default-int
     1>C:\Program Files (x86)\Windows Kits\8.1\Include\um\ws2tcpip.h(99): error C2146: syntax error : missing ';' before identifier 'INT'
     1>C:\Program Files (x86)\Windows Kits\8.1\Include\um\ws2tcpip.h(99): error C4430: missing type specifier - int assumed. Note: C++ does not support default-int
     1>C:\Program Files (x86)\Windows Kits\8.1\Include\um\ws2tcpip.h(100): error C2146: syntax error : missing ';' before identifier 'getaddrinfo'
     1>C:\Program Files (x86)\Windows Kits\8.1\Include\um\ws2tcpip.h(104): error C2061: syntax error : identifier 'PADDRINFOA'
     1>C:\Program Files (x86)\Windows Kits\8.1\Include\um\ws2tcpip.h(105): error C4430: missing type specifier - int assumed. Note: C++ does not support default-int
     1>C:\Program Files (x86)\Windows Kits\8.1\Include\um\ws2tcpip.h(110): error C2146: syntax error : missing ';' before identifier 'INT'
     1>C:\Program Files (x86)\Windows Kits\8.1\Include\um\ws2tcpip.h(110): error C4430: missing type specifier - int assumed. Note: C++ does not support default-int
     1>C:\Program Files (x86)\Windows Kits\8.1\Include\um\ws2tcpip.h(110): error C2086: 'int WINSOCK_API_LINKAGE' : redefinition
                 C:\Program Files (x86)\Windows Kits\8.1\Include\um\ws2tcpip.h(98) : see declaration of 'WINSOCK_API_LINKAGE'
     1>C:\Program Files (x86)\Windows Kits\8.1\Include\um\ws2tcpip.h(111): error C2146: syntax error : missing ';' before identifier 'GetAddrInfoW'
     1>C:\Program Files (x86)\Windows Kits\8.1\Include\um\ws2tcpip.h(111): error C2086: 'INT WSAAPI' : redefinition
                 C:\Program Files (x86)\Windows Kits\8.1\Include\um\ws2tcpip.h(100) : see declaration of 'WSAAPI'
     1>C:\Program Files (x86)\Windows Kits\8.1\Include\um\ws2tcpip.h(114): error C4430: missing type specifier - int assumed. Note: C++ does not support default-int
     1>C:\Program Files (x86)\Windows Kits\8.1\Include\um\ws2tcpip.h(114): error C2143: syntax error : missing ',' before '*'
     1>C:\Program Files (x86)\Windows Kits\8.1\Include\um\ws2tcpip.h(116): error C4430: missing type specifier - int assumed. Note: C++ does not support default-int
     1>C:\Program Files (x86)\Windows Kits\8.1\Include\um\ws2tcpip.h(162): error C2061: syntax error : identifier 'LPWSAOVERLAPPED'
     1>C:\Program Files (x86)\Windows Kits\8.1\Include\um\ws2tcpip.h(167): error C2146: syntax error : missing ';' before identifier 'INT'
     1>C:\Program Files (x86)\Windows Kits\8.1\Include\um\ws2tcpip.h(167): error C4430: missing type specifier - int assumed. Note: C++ does not support default-int
     1>C:\Program Files (x86)\Windows Kits\8.1\Include\um\ws2tcpip.h(167): error C2086: 'int WINSOCK_API_LINKAGE' : redefinition
                 C:\Program Files (x86)\Windows Kits\8.1\Include\um\ws2tcpip.h(98) : see declaration of 'WINSOCK_API_LINKAGE'
     1>C:\Program Files (x86)\Windows Kits\8.1\Include\um\ws2tcpip.h(168): error C2146: syntax error : missing ';' before identifier 'GetAddrInfoExA'
     1>C:\Program Files (x86)\Windows Kits\8.1\Include\um\ws2tcpip.h(168): error C2086: 'INT WSAAPI' : redefinition
                 C:\Program Files (x86)\Windows Kits\8.1\Include\um\ws2tcpip.h(100) : see declaration of 'WSAAPI'
     1>C:\Program Files (x86)\Windows Kits\8.1\Include\um\ws2tcpip.h(174): error C2061: syntax error : identifier 'PADDRINFOEXA'
     1>C:\Program Files (x86)\Windows Kits\8.1\Include\um\ws2tcpip.h(179): error C4430: missing type specifier - int assumed. Note: C++ does not support default-int
     1>C:\Program Files (x86)\Windows Kits\8.1\Include\um\ws2tcpip.h(183): error C2146: syntax error : missing ';' before identifier 'INT'
     1>C:\Program Files (x86)\Windows Kits\8.1\Include\um\ws2tcpip.h(183): error C4430: missing type specifier - int assumed. Note: C++ does not support default-int
     1>C:\Program Files (x86)\Windows Kits\8.1\Include\um\ws2tcpip.h(183): error C2086: 'int WINSOCK_API_LINKAGE' : redefinition
                 C:\Program Files (x86)\Windows Kits\8.1\Include\um\ws2tcpip.h(98) : see declaration of 'WINSOCK_API_LINKAGE'
     1>C:\Program Files (x86)\Windows Kits\8.1\Include\um\ws2tcpip.h(184): error C2146: syntax error : missing ';' before identifier 'GetAddrInfoExW'
     1>C:\Program Files (x86)\Windows Kits\8.1\Include\um\ws2tcpip.h(184): error C2086: 'INT WSAAPI' : redefinition
                 C:\Program Files (x86)\Windows Kits\8.1\Include\um\ws2tcpip.h(100) : see declaration of 'WSAAPI'
     1>C:\Program Files (x86)\Windows Kits\8.1\Include\um\ws2tcpip.h(189): error C4430: missing type specifier - int assumed. Note: C++ does not support default-int
     1>C:\Program Files (x86)\Windows Kits\8.1\Include\um\ws2tcpip.h(189): error C2143: syntax error : missing ',' before '*'
     1>C:\Program Files (x86)\Windows Kits\8.1\Include\um\ws2tcpip.h(195): error C4430: missing type specifier - int assumed. Note: C++ does not support default-int
     1>C:\Program Files (x86)\Windows Kits\8.1\Include\um\ws2tcpip.h(199): error C2146: syntax error : missing ';' before identifier 'INT'
     1>C:\Program Files (x86)\Windows Kits\8.1\Include\um\ws2tcpip.h(199): error C4430: missing type specifier - int assumed. Note: C++ does not support default-int
     1>C:\Program Files (x86)\Windows Kits\8.1\Include\um\ws2tcpip.h(199): error C2086: 'int WINSOCK_API_LINKAGE' : redefinition
                 C:\Program Files (x86)\Windows Kits\8.1\Include\um\ws2tcpip.h(98) : see declaration of 'WINSOCK_API_LINKAGE'
     1>C:\Program Files (x86)\Windows Kits\8.1\Include\um\ws2tcpip.h(200): error C2146: syntax error : missing ';' before identifier 'GetAddrInfoExCancel'
     1>C:\Program Files (x86)\Windows Kits\8.1\Include\um\ws2tcpip.h(200): error C2086: 'INT WSAAPI' : redefinition
                 C:\Program Files (x86)\Windows Kits\8.1\Include\um\ws2tcpip.h(100) : see declaration of 'WSAAPI'
     1>C:\Program Files (x86)\Windows Kits\8.1\Include\um\ws2tcpip.h(202): error C4430: missing type specifier - int assumed. Note: C++ does not support default-int
     1>C:\Program Files (x86)\Windows Kits\8.1\Include\um\ws2tcpip.h(206): error C2146: syntax error : missing ';' before identifier 'INT'
     1>C:\Program Files (x86)\Windows Kits\8.1\Include\um\ws2tcpip.h(206): error C4430: missing type specifier - int assumed. Note: C++ does not support default-int
     1>C:\Program Files (x86)\Windows Kits\8.1\Include\um\ws2tcpip.h(206): error C2086: 'int WINSOCK_API_LINKAGE' : redefinition
                 C:\Program Files (x86)\Windows Kits\8.1\Include\um\ws2tcpip.h(98) : see declaration of 'WINSOCK_API_LINKAGE'
     1>C:\Program Files (x86)\Windows Kits\8.1\Include\um\ws2tcpip.h(207): error C2146: syntax error : missing ';' before identifier 'GetAddrInfoExOverlappedResult'
     1>C:\Program Files (x86)\Windows Kits\8.1\Include\um\ws2tcpip.h(207): error C2086: 'INT WSAAPI' : redefinition
                 C:\Program Files (x86)\Windows Kits\8.1\Include\um\ws2tcpip.h(100) : see declaration of 'WSAAPI'
     1>C:\Program Files (x86)\Windows Kits\8.1\Include\um\ws2tcpip.h(209): error C4430: missing type specifier - int assumed. Note: C++ does not support default-int
     1>C:\Program Files (x86)\Windows Kits\8.1\Include\um\ws2tcpip.h(275): error C2146: syntax error : missing ';' before identifier 'INT'
     1>C:\Program Files (x86)\Windows Kits\8.1\Include\um\ws2tcpip.h(275): error C4430: missing type specifier - int assumed. Note: C++ does not support default-int
     1>C:\Program Files (x86)\Windows Kits\8.1\Include\um\ws2tcpip.h(275): error C2086: 'int WINSOCK_API_LINKAGE' : redefinition
                 C:\Program Files (x86)\Windows Kits\8.1\Include\um\ws2tcpip.h(98) : see declaration of 'WINSOCK_API_LINKAGE'
     1>C:\Program Files (x86)\Windows Kits\8.1\Include\um\ws2tcpip.h(276): error C2146: syntax error : missing ';' before identifier 'SetAddrInfoExA'
     1>C:\Program Files (x86)\Windows Kits\8.1\Include\um\ws2tcpip.h(276): error C2086: 'INT WSAAPI' : redefinition
                 C:\Program Files (x86)\Windows Kits\8.1\Include\um\ws2tcpip.h(100) : see declaration of 'WSAAPI'
     1>C:\Program Files (x86)\Windows Kits\8.1\Include\um\ws2tcpip.h(279): error C2061: syntax error : identifier 'SOCKET_ADDRESS'
     1>C:\Program Files (x86)\Windows Kits\8.1\Include\um\ws2tcpip.h(289): error C4430: missing type specifier - int assumed. Note: C++ does not support default-int
     1>C:\Program Files (x86)\Windows Kits\8.1\Include\um\ws2tcpip.h(293): error C2146: syntax error : missing ';' before identifier 'INT'
     1>C:\Program Files (x86)\Windows Kits\8.1\Include\um\ws2tcpip.h(293): error C4430: missing type specifier - int assumed. Note: C++ does not support default-int
     1>C:\Program Files (x86)\Windows Kits\8.1\Include\um\ws2tcpip.h(293): error C2086: 'int WINSOCK_API_LINKAGE' : redefinition
                 C:\Program Files (x86)\Windows Kits\8.1\Include\um\ws2tcpip.h(98) : see declaration of 'WINSOCK_API_LINKAGE'
     1>C:\Program Files (x86)\Windows Kits\8.1\Include\um\ws2tcpip.h(294): error C2146: syntax error : missing ';' before identifier 'SetAddrInfoExW'
     1>C:\Program Files (x86)\Windows Kits\8.1\Include\um\ws2tcpip.h(294): error C2086: 'INT WSAAPI' : redefinition
                 C:\Program Files (x86)\Windows Kits\8.1\Include\um\ws2tcpip.h(100) : see declaration of 'WSAAPI'
     1>C:\Program Files (x86)\Windows Kits\8.1\Include\um\ws2tcpip.h(297): error C2061: syntax error : identifier 'SOCKET_ADDRESS'
     1>C:\Program Files (x86)\Windows Kits\8.1\Include\um\ws2tcpip.h(307): error C4430: missing type specifier - int assumed. Note: C++ does not support default-int
     1>C:\Program Files (x86)\Windows Kits\8.1\Include\um\ws2tcpip.h(361): error C2144: syntax error : 'void' should be preceded by ';'
     1>C:\Program Files (x86)\Windows Kits\8.1\Include\um\ws2tcpip.h(361): error C4430: missing type specifier - int assumed. Note: C++ does not support default-int
     1>C:\Program Files (x86)\Windows Kits\8.1\Include\um\ws2tcpip.h(361): error C2086: 'int WINSOCK_API_LINKAGE' : redefinition
                 C:\Program Files (x86)\Windows Kits\8.1\Include\um\ws2tcpip.h(98) : see declaration of 'WINSOCK_API_LINKAGE'
     1>C:\Program Files (x86)\Windows Kits\8.1\Include\um\ws2tcpip.h(362): error C2146: syntax error : missing ';' before identifier 'freeaddrinfo'
     1>C:\Program Files (x86)\Windows Kits\8.1\Include\um\ws2tcpip.h(362): error C2182: 'WSAAPI' : illegal use of type 'void'
     1>C:\Program Files (x86)\Windows Kits\8.1\Include\um\ws2tcpip.h(362): error C2086: 'INT WSAAPI' : redefinition
                 C:\Program Files (x86)\Windows Kits\8.1\Include\um\ws2tcpip.h(100) : see declaration of 'WSAAPI'
     1>C:\Program Files (x86)\Windows Kits\8.1\Include\um\ws2tcpip.h(363): error C2065: 'PADDRINFOA' : undeclared identifier
     1>C:\Program Files (x86)\Windows Kits\8.1\Include\um\ws2tcpip.h(364): error C2146: syntax error : missing ')' before identifier 'pAddrInfo'
     1>C:\Program Files (x86)\Windows Kits\8.1\Include\um\ws2tcpip.h(364): error C4430: missing type specifier - int assumed. Note: C++ does not support default-int
     1>C:\Program Files (x86)\Windows Kits\8.1\Include\um\ws2tcpip.h(364): error C2059: syntax error : ')'
     1>C:\Program Files (x86)\Windows Kits\8.1\Include\um\ws2tcpip.h(369): error C2144: syntax error : 'void' should be preceded by ';'
     1>C:\Program Files (x86)\Windows Kits\8.1\Include\um\ws2tcpip.h(369): error C4430: missing type specifier - int assumed. Note: C++ does not support default-int
     1>C:\Program Files (x86)\Windows Kits\8.1\Include\um\ws2tcpip.h(369): error C2086: 'int WINSOCK_API_LINKAGE' : redefinition
                 C:\Program Files (x86)\Windows Kits\8.1\Include\um\ws2tcpip.h(98) : see declaration of 'WINSOCK_API_LINKAGE'
     1>C:\Program Files (x86)\Windows Kits\8.1\Include\um\ws2tcpip.h(370): error C2146: syntax error : missing ';' before identifier 'FreeAddrInfoW'
     1>C:\Program Files (x86)\Windows Kits\8.1\Include\um\ws2tcpip.h(370): error C2182: 'WSAAPI' : illegal use of type 'void'
     1>C:\Program Files (x86)\Windows Kits\8.1\Include\um\ws2tcpip.h(370): error C2086: 'INT WSAAPI' : redefinition
                 C:\Program Files (x86)\Windows Kits\8.1\Include\um\ws2tcpip.h(100) : see declaration of 'WSAAPI'
     1>C:\Program Files (x86)\Windows Kits\8.1\Include\um\ws2tcpip.h(371): error C2065: 'PADDRINFOW' : undeclared identifier
     1>C:\Program Files (x86)\Windows Kits\8.1\Include\um\ws2tcpip.h(372): error C2146: syntax error : missing ')' before identifier 'pAddrInfo'
     1>C:\Program Files (x86)\Windows Kits\8.1\Include\um\ws2tcpip.h(372): error C4430: missing type specifier - int assumed. Note: C++ does not support default-int
     1>C:\Program Files (x86)\Windows Kits\8.1\Include\um\ws2tcpip.h(372): error C2059: syntax error : ')'
     1>C:\Program Files (x86)\Windows Kits\8.1\Include\um\ws2tcpip.h(409): error C2144: syntax error : 'void' should be preceded by ';'
     1>C:\Program Files (x86)\Windows Kits\8.1\Include\um\ws2tcpip.h(409): error C4430: missing type specifier - int assumed. Note: C++ does not support default-int
     1>C:\Program Files (x86)\Windows Kits\8.1\Include\um\ws2tcpip.h(409): error C2086: 'int WINSOCK_API_LINKAGE' : redefinition
                 C:\Program Files (x86)\Windows Kits\8.1\Include\um\ws2tcpip.h(98) : see declaration of 'WINSOCK_API_LINKAGE'
     1>C:\Program Files (x86)\Windows Kits\8.1\Include\um\ws2tcpip.h(410): error C2146: syntax error : missing ';' before identifier 'FreeAddrInfoEx'
     1>C:\Program Files (x86)\Windows Kits\8.1\Include\um\ws2tcpip.h(410): error C2182: 'WSAAPI' : illegal use of type 'void'
     1>C:\Program Files (x86)\Windows Kits\8.1\Include\um\ws2tcpip.h(410): error C2086: 'INT WSAAPI' : redefinition
                 C:\Program Files (x86)\Windows Kits\8.1\Include\um\ws2tcpip.h(100) : see declaration of 'WSAAPI'
     1>C:\Program Files (x86)\Windows Kits\8.1\Include\um\ws2tcpip.h(411): error C2065: 'PADDRINFOEXA' : undeclared identifier
     1>C:\Program Files (x86)\Windows Kits\8.1\Include\um\ws2tcpip.h(412): error C2146: syntax error : missing ')' before identifier 'pAddrInfoEx'
     1>C:\Program Files (x86)\Windows Kits\8.1\Include\um\ws2tcpip.h(412): error C4430: missing type specifier - int assumed. Note: C++ does not support default-int
     1>C:\Program Files (x86)\Windows Kits\8.1\Include\um\ws2tcpip.h(412): error C2059: syntax error : ')'
     1>C:\Program Files (x86)\Windows Kits\8.1\Include\um\ws2tcpip.h(416): error C2144: syntax error : 'void' should be preceded by ';'
     1>C:\Program Files (x86)\Windows Kits\8.1\Include\um\ws2tcpip.h(416): error C4430: missing type specifier - int assumed. Note: C++ does not support default-int
     1>C:\Program Files (x86)\Windows Kits\8.1\Include\um\ws2tcpip.h(416): error C2086: 'int WINSOCK_API_LINKAGE' : redefinition
                 C:\Program Files (x86)\Windows Kits\8.1\Include\um\ws2tcpip.h(98) : see declaration of 'WINSOCK_API_LINKAGE'
     1>C:\Program Files (x86)\Windows Kits\8.1\Include\um\ws2tcpip.h(417): error C2146: syntax error : missing ';' before identifier 'FreeAddrInfoExW'
     1>C:\Program Files (x86)\Windows Kits\8.1\Include\um\ws2tcpip.h(417): error C2182: 'WSAAPI' : illegal use of type 'void'
     1>C:\Program Files (x86)\Windows Kits\8.1\Include\um\ws2tcpip.h(417): error C2086: 'INT WSAAPI' : redefinition
                 C:\Program Files (x86)\Windows Kits\8.1\Include\um\ws2tcpip.h(100) : see declaration of 'WSAAPI'
     1>C:\Program Files (x86)\Windows Kits\8.1\Include\um\ws2tcpip.h(418): error C2065: 'PADDRINFOEXW' : undeclared identifier
     1>C:\Program Files (x86)\Windows Kits\8.1\Include\um\ws2tcpip.h(419): error C2146: syntax error : missing ')' before identifier 'pAddrInfoEx'
     1>C:\Program Files (x86)\Windows Kits\8.1\Include\um\ws2tcpip.h(419): error C4430: missing type specifier - int assumed. Note: C++ does not support default-int
     1>C:\Program Files (x86)\Windows Kits\8.1\Include\um\ws2tcpip.h(419): error C2059: syntax error : ')'
     1>C:\Program Files (x86)\Windows Kits\8.1\Include\um\ws2tcpip.h(454): error C2146: syntax error : missing ';' before identifier 'INT'
     1>C:\Program Files (x86)\Windows Kits\8.1\Include\um\ws2tcpip.h(454): error C4430: missing type specifier - int assumed. Note: C++ does not support default-int
     1>C:\Program Files (x86)\Windows Kits\8.1\Include\um\ws2tcpip.h(454): error C2086: 'int WINSOCK_API_LINKAGE' : redefinition
                 C:\Program Files (x86)\Windows Kits\8.1\Include\um\ws2tcpip.h(98) : see declaration of 'WINSOCK_API_LINKAGE'
     1>C:\Program Files (x86)\Windows Kits\8.1\Include\um\ws2tcpip.h(455): error C2146: syntax error : missing ';' before identifier 'getnameinfo'
     1>C:\Program Files (x86)\Windows Kits\8.1\Include\um\ws2tcpip.h(455): error C2086: 'INT WSAAPI' : redefinition
                 C:\Program Files (x86)\Windows Kits\8.1\Include\um\ws2tcpip.h(100) : see declaration of 'WSAAPI'
     1>C:\Program Files (x86)\Windows Kits\8.1\Include\um\ws2tcpip.h(463): error C4430: missing type specifier - int assumed. Note: C++ does not support default-int
     1>C:\Program Files (x86)\Windows Kits\8.1\Include\um\ws2tcpip.h(468): error C2146: syntax error : missing ';' before identifier 'INT'
     1>C:\Program Files (x86)\Windows Kits\8.1\Include\um\ws2tcpip.h(468): error C4430: missing type specifier - int assumed. Note: C++ does not support default-int
     1>C:\Program Files (x86)\Windows Kits\8.1\Include\um\ws2tcpip.h(468): error C2086: 'int WINSOCK_API_LINKAGE' : redefinition
                 C:\Program Files (x86)\Windows Kits\8.1\Include\um\ws2tcpip.h(98) : see declaration of 'WINSOCK_API_LINKAGE'
     1>C:\Program Files (x86)\Windows Kits\8.1\Include\um\ws2tcpip.h(469): error C2146: syntax error : missing ';' before identifier 'GetNameInfoW'
     1>C:\Program Files (x86)\Windows Kits\8.1\Include\um\ws2tcpip.h(469): error C2086: 'INT WSAAPI' : redefinition
                 C:\Program Files (x86)\Windows Kits\8.1\Include\um\ws2tcpip.h(100) : see declaration of 'WSAAPI'
     1>C:\Program Files (x86)\Windows Kits\8.1\Include\um\ws2tcpip.h(477): error C4430: missing type specifier - int assumed. Note: C++ does not support default-int
     1>C:\Program Files (x86)\Windows Kits\8.1\Include\um\ws2tcpip.h(526): error C2146: syntax error : missing ';' before identifier 'INT'
     1>C:\Program Files (x86)\Windows Kits\8.1\Include\um\ws2tcpip.h(526): fatal error C1003: error count exceeds 100; stopping compilation
         MoogDots.cpp
     1>c:\users\adamlab\documents\github\mooglaptop\adam\adam\moogdots -- human moog - curve screen55\src\GlobalDefs.h(8): warning C4005: 'GL_OFFSET' : macro redefinition
                 C:\Users\AdamLab\Documents\GitHub\MoogLaptop\oculusvr_samples-master\oculusvr_samples-master\common_libs\glew-1.11.0/include/GL/glew.h(5439) : see previous definition of 'GL_OFFSET'
     1>c:\users\adamlab\documents\github\mooglaptop\adam\adam\moogdots -- human moog - curve screen55\src\GlobalDefs.h(15): warning C4005: 'GET_DATA_FRAME' : macro redefinition
                 c:\users\adamlab\documents\github\mooglaptop\adam\adam\moogdots -- human moog - curve screen55\src\GlobalDefs.h(13) : see previous definition of 'GET_DATA_FRAME'
     1>c:\users\adamlab\documents\github\mooglaptop\adam\adam\moogdots -- human moog - curve screen55\src\OculusVR.hpp(85): warning C4244: '=' : conversion from 'double' to 'float', possible loss of data
     1>c:\users\adamlab\documents\github\mooglaptop\adam\adam\moogdots -- human moog - curve screen55\src\OculusVR.hpp(86): warning C4244: '=' : conversion from 'double' to 'float', possible loss of data
     1>c:\users\adamlab\documents\github\mooglaptop\adam\adam\moogdots -- human moog - curve screen55\src\OculusVR.hpp(87): warning C4244: '=' : conversion from 'double' to 'float', possible loss of data
     1>C:\Users\AdamLab\Documents\GitHub\MoogLaptop\Adam\Adam\MoogDots -- Human Moog - Curve Screen55\Dependencies\MatlabTcpCommunicator\MatlabTcpCommunicator\MatlabTcpcommunicator.h(1): warning C4067: unexpected tokens following preprocessor directive - expected a newline
     1>C:\Program Files (x86)\Windows Kits\8.1\Include\shared\ws2ipdef.h(102): error C2146: syntax error : missing ';' before identifier 'iiAddress'
     1>C:\Program Files (x86)\Windows Kits\8.1\Include\shared\ws2ipdef.h(102): error C4430: missing type specifier - int assumed. Note: C++ does not support default-int
     1>C:\Program Files (x86)\Windows Kits\8.1\Include\shared\ws2ipdef.h(103): error C2146: syntax error : missing ';' before identifier 'iiBroadcastAddress'
     1>C:\Program Files (x86)\Windows Kits\8.1\Include\shared\ws2ipdef.h(103): error C4430: missing type specifier - int assumed. Note: C++ does not support default-int
     1>C:\Program Files (x86)\Windows Kits\8.1\Include\shared\ws2ipdef.h(104): error C2146: syntax error : missing ';' before identifier 'iiNetmask'
     1>C:\Program Files (x86)\Windows Kits\8.1\Include\shared\ws2ipdef.h(104): error C4430: missing type specifier - int assumed. Note: C++ does not support default-int
     1>C:\Program Files (x86)\Windows Kits\8.1\Include\shared\ws2ipdef.h(124): warning C4005: 'IP_TOS' : macro redefinition
                 C:\Program Files (x86)\Windows Kits\8.1\Include\um\winsock.h(344) : see previous definition of 'IP_TOS'
     1>C:\Program Files (x86)\Windows Kits\8.1\Include\shared\ws2ipdef.h(125): warning C4005: 'IP_TTL' : macro redefinition
                 C:\Program Files (x86)\Windows Kits\8.1\Include\um\winsock.h(343) : see previous definition of 'IP_TTL'
     1>C:\Program Files (x86)\Windows Kits\8.1\Include\shared\ws2ipdef.h(126): warning C4005: 'IP_MULTICAST_IF' : macro redefinition
                 C:\Program Files (x86)\Windows Kits\8.1\Include\um\winsock.h(338) : see previous definition of 'IP_MULTICAST_IF'
     1>C:\Program Files (x86)\Windows Kits\8.1\Include\shared\ws2ipdef.h(127): warning C4005: 'IP_MULTICAST_TTL' : macro redefinition
                 C:\Program Files (x86)\Windows Kits\8.1\Include\um\winsock.h(339) : see previous definition of 'IP_MULTICAST_TTL'
     1>C:\Program Files (x86)\Windows Kits\8.1\Include\shared\ws2ipdef.h(128): warning C4005: 'IP_MULTICAST_LOOP' : macro redefinition
                 C:\Program Files (x86)\Windows Kits\8.1\Include\um\winsock.h(340) : see previous definition of 'IP_MULTICAST_LOOP'
     1>C:\Program Files (x86)\Windows Kits\8.1\Include\shared\ws2ipdef.h(129): warning C4005: 'IP_ADD_MEMBERSHIP' : macro redefinition
                 C:\Program Files (x86)\Windows Kits\8.1\Include\um\winsock.h(341) : see previous definition of 'IP_ADD_MEMBERSHIP'
     1>C:\Program Files (x86)\Windows Kits\8.1\Include\shared\ws2ipdef.h(130): warning C4005: 'IP_DROP_MEMBERSHIP' : macro redefinition
                 C:\Program Files (x86)\Windows Kits\8.1\Include\um\winsock.h(342) : see previous definition of 'IP_DROP_MEMBERSHIP'
     1>C:\Program Files (x86)\Windows Kits\8.1\Include\shared\ws2ipdef.h(131): warning C4005: 'IP_DONTFRAGMENT' : macro redefinition
                 C:\Program Files (x86)\Windows Kits\8.1\Include\um\winsock.h(345) : see previous definition of 'IP_DONTFRAGMENT'
     1>C:\Program Files (x86)\Windows Kits\8.1\Include\shared\ws2ipdef.h(169): error C2146: syntax error : missing ';' before identifier 'sin6_family'
     1>C:\Program Files (x86)\Windows Kits\8.1\Include\shared\ws2ipdef.h(169): error C4430: missing type specifier - int assumed. Note: C++ does not support default-int
     1>C:\Program Files (x86)\Windows Kits\8.1\Include\shared\ws2ipdef.h(175): error C2146: syntax error : missing ';' before identifier 'sin6_scope_struct'
     1>C:\Program Files (x86)\Windows Kits\8.1\Include\shared\ws2ipdef.h(175): error C4430: missing type specifier - int assumed. Note: C++ does not support default-int
     1>C:\Program Files (x86)\Windows Kits\8.1\Include\shared\ws2ipdef.h(204): error C2146: syntax error : missing ';' before identifier 'si_family'
     1>C:\Program Files (x86)\Windows Kits\8.1\Include\shared\ws2ipdef.h(204): error C4430: missing type specifier - int assumed. Note: C++ does not support default-int
     1>C:\Program Files (x86)\Windows Kits\8.1\Include\shared\ws2ipdef.h(316): error C4430: missing type specifier - int assumed. Note: C++ does not support default-int
     1>C:\Program Files (x86)\Windows Kits\8.1\Include\shared\ws2ipdef.h(316): error C2146: syntax error : missing ';' before identifier 'scopeid_unspecified'
     1>C:\Program Files (x86)\Windows Kits\8.1\Include\shared\ws2ipdef.h(607): error C2039: 'sin6_family' : is not a member of 'sockaddr_in6'
                 C:\Program Files (x86)\Windows Kits\8.1\Include\shared\ws2ipdef.h(168) : see declaration of 'sockaddr_in6'
     1>C:\Program Files (x86)\Windows Kits\8.1\Include\shared\ws2ipdef.h(607): error C2065: 'AF_INET6' : undeclared identifier
     1>C:\Program Files (x86)\Windows Kits\8.1\Include\shared\ws2ipdef.h(618): error C2039: 'sin6_family' : is not a member of 'sockaddr_in6'
                 C:\Program Files (x86)\Windows Kits\8.1\Include\shared\ws2ipdef.h(168) : see declaration of 'sockaddr_in6'
     1>C:\Program Files (x86)\Windows Kits\8.1\Include\shared\ws2ipdef.h(618): error C2065: 'AF_INET6' : undeclared identifier
     1>C:\Program Files (x86)\Windows Kits\8.1\Include\shared\ws2ipdef.h(715): error C2011: 'ip_mreq' : 'struct' type redefinition
                 C:\Program Files (x86)\Windows Kits\8.1\Include\um\winsock.h(355) : see declaration of 'ip_mreq'
     1>C:\Program Files (x86)\Windows Kits\8.1\Include\shared\ws2ipdef.h(812): error C2146: syntax error : missing ';' before identifier 'gr_group'
     1>C:\Program Files (x86)\Windows Kits\8.1\Include\shared\ws2ipdef.h(812): error C4430: missing type specifier - int assumed. Note: C++ does not support default-int
     1>C:\Program Files (x86)\Windows Kits\8.1\Include\shared\ws2ipdef.h(821): error C2146: syntax error : missing ';' before identifier 'gsr_group'
     1>C:\Program Files (x86)\Windows Kits\8.1\Include\shared\ws2ipdef.h(821): error C4430: missing type specifier - int assumed. Note: C++ does not support default-int
     1>C:\Program Files (x86)\Windows Kits\8.1\Include\shared\ws2ipdef.h(822): error C2146: syntax error : missing ';' before identifier 'gsr_source'
     1>C:\Program Files (x86)\Windows Kits\8.1\Include\shared\ws2ipdef.h(822): error C4430: missing type specifier - int assumed. Note: C++ does not support default-int
     1>C:\Program Files (x86)\Windows Kits\8.1\Include\shared\ws2ipdef.h(831): error C2146: syntax error : missing ';' before identifier 'gf_group'
     1>C:\Program Files (x86)\Windows Kits\8.1\Include\shared\ws2ipdef.h(831): error C4430: missing type specifier - int assumed. Note: C++ does not support default-int
     1>C:\Program Files (x86)\Windows Kits\8.1\Include\shared\ws2ipdef.h(834): error C2146: syntax error : missing ';' before identifier 'gf_slist'
     1>C:\Program Files (x86)\Windows Kits\8.1\Include\shared\ws2ipdef.h(834): error C4430: missing type specifier - int assumed. Note: C++ does not support default-int
     1>C:\Program Files (x86)\Windows Kits\8.1\Include\shared\ws2ipdef.h(867): error C2146: syntax error : missing ';' before identifier 'scope_id'
     1>C:\Program Files (x86)\Windows Kits\8.1\Include\shared\ws2ipdef.h(867): error C4430: missing type specifier - int assumed. Note: C++ does not support default-int
     1>C:\Program Files (x86)\Windows Kits\8.1\Include\shared\ws2ipdef.h(870): error C2118: negative subscript
     1>C:\Program Files (x86)\Windows Kits\8.1\Include\shared\ws2ipdef.h(877): error C2146: syntax error : missing ';' before identifier 'scope_id'
     1>C:\Program Files (x86)\Windows Kits\8.1\Include\shared\ws2ipdef.h(877): error C4430: missing type specifier - int assumed. Note: C++ does not support default-int
     1>C:\Program Files (x86)\Windows Kits\8.1\Include\shared\ws2ipdef.h(880): error C2118: negative subscript
     1>C:\Program Files (x86)\Windows Kits\8.1\Include\um\ws2tcpip.h(76): error C2146: syntax error : missing ';' before identifier 'ADDRINFOT'
     1>C:\Program Files (x86)\Windows Kits\8.1\Include\um\ws2tcpip.h(76): error C4430: missing type specifier - int assumed. Note: C++ does not support default-int
     1>C:\Program Files (x86)\Windows Kits\8.1\Include\um\ws2tcpip.h(88): error C2146: syntax error : missing ';' before identifier 'ADDRINFOEX'
     1>C:\Program Files (x86)\Windows Kits\8.1\Include\um\ws2tcpip.h(88): error C4430: missing type specifier - int assumed. Note: C++ does not support default-int
     1>C:\Program Files (x86)\Windows Kits\8.1\Include\um\ws2tcpip.h(99): error C2146: syntax error : missing ';' before identifier 'INT'
     1>C:\Program Files (x86)\Windows Kits\8.1\Include\um\ws2tcpip.h(99): error C4430: missing type specifier - int assumed. Note: C++ does not support default-int
     1>C:\Program Files (x86)\Windows Kits\8.1\Include\um\ws2tcpip.h(100): error C2146: syntax error : missing ';' before identifier 'getaddrinfo'
     1>C:\Program Files (x86)\Windows Kits\8.1\Include\um\ws2tcpip.h(104): error C2061: syntax error : identifier 'PADDRINFOA'
     1>C:\Program Files (x86)\Windows Kits\8.1\Include\um\ws2tcpip.h(105): error C4430: missing type specifier - int assumed. Note: C++ does not support default-int
     1>C:\Program Files (x86)\Windows Kits\8.1\Include\um\ws2tcpip.h(110): error C2146: syntax error : missing ';' before identifier 'INT'
     1>C:\Program Files (x86)\Windows Kits\8.1\Include\um\ws2tcpip.h(110): error C4430: missing type specifier - int assumed. Note: C++ does not support default-int
     1>C:\Program Files (x86)\Windows Kits\8.1\Include\um\ws2tcpip.h(110): error C2086: 'int WINSOCK_API_LINKAGE' : redefinition
                 C:\Program Files (x86)\Windows Kits\8.1\Include\um\ws2tcpip.h(98) : see declaration of 'WINSOCK_API_LINKAGE'
     1>C:\Program Files (x86)\Windows Kits\8.1\Include\um\ws2tcpip.h(111): error C2146: syntax error : missing ';' before identifier 'GetAddrInfoW'
     1>C:\Program Files (x86)\Windows Kits\8.1\Include\um\ws2tcpip.h(111): error C2086: 'INT WSAAPI' : redefinition
                 C:\Program Files (x86)\Windows Kits\8.1\Include\um\ws2tcpip.h(100) : see declaration of 'WSAAPI'
     1>C:\Program Files (x86)\Windows Kits\8.1\Include\um\ws2tcpip.h(114): error C4430: missing type specifier - int assumed. Note: C++ does not support default-int
     1>C:\Program Files (x86)\Windows Kits\8.1\Include\um\ws2tcpip.h(114): error C2143: syntax error : missing ',' before '*'
     1>C:\Program Files (x86)\Windows Kits\8.1\Include\um\ws2tcpip.h(116): error C4430: missing type specifier - int assumed. Note: C++ does not support default-int
     1>C:\Program Files (x86)\Windows Kits\8.1\Include\um\ws2tcpip.h(162): error C2061: syntax error : identifier 'LPWSAOVERLAPPED'
     1>C:\Program Files (x86)\Windows Kits\8.1\Include\um\ws2tcpip.h(167): error C2146: syntax error : missing ';' before identifier 'INT'
     1>C:\Program Files (x86)\Windows Kits\8.1\Include\um\ws2tcpip.h(167): error C4430: missing type specifier - int assumed. Note: C++ does not support default-int
     1>C:\Program Files (x86)\Windows Kits\8.1\Include\um\ws2tcpip.h(167): error C2086: 'int WINSOCK_API_LINKAGE' : redefinition
                 C:\Program Files (x86)\Windows Kits\8.1\Include\um\ws2tcpip.h(98) : see declaration of 'WINSOCK_API_LINKAGE'
     1>C:\Program Files (x86)\Windows Kits\8.1\Include\um\ws2tcpip.h(168): error C2146: syntax error : missing ';' before identifier 'GetAddrInfoExA'
     1>C:\Program Files (x86)\Windows Kits\8.1\Include\um\ws2tcpip.h(168): error C2086: 'INT WSAAPI' : redefinition
                 C:\Program Files (x86)\Windows Kits\8.1\Include\um\ws2tcpip.h(100) : see declaration of 'WSAAPI'
     1>C:\Program Files (x86)\Windows Kits\8.1\Include\um\ws2tcpip.h(174): error C2061: syntax error : identifier 'PADDRINFOEXA'
     1>C:\Program Files (x86)\Windows Kits\8.1\Include\um\ws2tcpip.h(179): error C4430: missing type specifier - int assumed. Note: C++ does not support default-int
     1>C:\Program Files (x86)\Windows Kits\8.1\Include\um\ws2tcpip.h(183): error C2146: syntax error : missing ';' before identifier 'INT'
     1>C:\Program Files (x86)\Windows Kits\8.1\Include\um\ws2tcpip.h(183): error C4430: missing type specifier - int assumed. Note: C++ does not support default-int
     1>C:\Program Files (x86)\Windows Kits\8.1\Include\um\ws2tcpip.h(183): error C2086: 'int WINSOCK_API_LINKAGE' : redefinition
                 C:\Program Files (x86)\Windows Kits\8.1\Include\um\ws2tcpip.h(98) : see declaration of 'WINSOCK_API_LINKAGE'
     1>C:\Program Files (x86)\Windows Kits\8.1\Include\um\ws2tcpip.h(184): error C2146: syntax error : missing ';' before identifier 'GetAddrInfoExW'
     1>C:\Program Files (x86)\Windows Kits\8.1\Include\um\ws2tcpip.h(184): error C2086: 'INT WSAAPI' : redefinition
                 C:\Program Files (x86)\Windows Kits\8.1\Include\um\ws2tcpip.h(100) : see declaration of 'WSAAPI'
     1>C:\Program Files (x86)\Windows Kits\8.1\Include\um\ws2tcpip.h(189): error C4430: missing type specifier - int assumed. Note: C++ does not support default-int
     1>C:\Program Files (x86)\Windows Kits\8.1\Include\um\ws2tcpip.h(189): error C2143: syntax error : missing ',' before '*'
     1>C:\Program Files (x86)\Windows Kits\8.1\Include\um\ws2tcpip.h(195): error C4430: missing type specifier - int assumed. Note: C++ does not support default-int
     1>C:\Program Files (x86)\Windows Kits\8.1\Include\um\ws2tcpip.h(199): error C2146: syntax error : missing ';' before identifier 'INT'
     1>C:\Program Files (x86)\Windows Kits\8.1\Include\um\ws2tcpip.h(199): error C4430: missing type specifier - int assumed. Note: C++ does not support default-int
     1>C:\Program Files (x86)\Windows Kits\8.1\Include\um\ws2tcpip.h(199): error C2086: 'int WINSOCK_API_LINKAGE' : redefinition
                 C:\Program Files (x86)\Windows Kits\8.1\Include\um\ws2tcpip.h(98) : see declaration of 'WINSOCK_API_LINKAGE'
     1>C:\Program Files (x86)\Windows Kits\8.1\Include\um\ws2tcpip.h(200): error C2146: syntax error : missing ';' before identifier 'GetAddrInfoExCancel'
     1>C:\Program Files (x86)\Windows Kits\8.1\Include\um\ws2tcpip.h(200): error C2086: 'INT WSAAPI' : redefinition
                 C:\Program Files (x86)\Windows Kits\8.1\Include\um\ws2tcpip.h(100) : see declaration of 'WSAAPI'
     1>C:\Program Files (x86)\Windows Kits\8.1\Include\um\ws2tcpip.h(202): error C4430: missing type specifier - int assumed. Note: C++ does not support default-int
     1>C:\Program Files (x86)\Windows Kits\8.1\Include\um\ws2tcpip.h(206): error C2146: syntax error : missing ';' before identifier 'INT'
     1>C:\Program Files (x86)\Windows Kits\8.1\Include\um\ws2tcpip.h(206): error C4430: missing type specifier - int assumed. Note: C++ does not support default-int
     1>C:\Program Files (x86)\Windows Kits\8.1\Include\um\ws2tcpip.h(206): error C2086: 'int WINSOCK_API_LINKAGE' : redefinition
                 C:\Program Files (x86)\Windows Kits\8.1\Include\um\ws2tcpip.h(98) : see declaration of 'WINSOCK_API_LINKAGE'
     1>C:\Program Files (x86)\Windows Kits\8.1\Include\um\ws2tcpip.h(207): error C2146: syntax error : missing ';' before identifier 'GetAddrInfoExOverlappedResult'
     1>C:\Program Files (x86)\Windows Kits\8.1\Include\um\ws2tcpip.h(207): error C2086: 'INT WSAAPI' : redefinition
                 C:\Program Files (x86)\Windows Kits\8.1\Include\um\ws2tcpip.h(100) : see declaration of 'WSAAPI'
     1>C:\Program Files (x86)\Windows Kits\8.1\Include\um\ws2tcpip.h(209): error C4430: missing type specifier - int assumed. Note: C++ does not support default-int
     1>C:\Program Files (x86)\Windows Kits\8.1\Include\um\ws2tcpip.h(275): error C2146: syntax error : missing ';' before identifier 'INT'
     1>C:\Program Files (x86)\Windows Kits\8.1\Include\um\ws2tcpip.h(275): error C4430: missing type specifier - int assumed. Note: C++ does not support default-int
     1>C:\Program Files (x86)\Windows Kits\8.1\Include\um\ws2tcpip.h(275): error C2086: 'int WINSOCK_API_LINKAGE' : redefinition
                 C:\Program Files (x86)\Windows Kits\8.1\Include\um\ws2tcpip.h(98) : see declaration of 'WINSOCK_API_LINKAGE'
     1>C:\Program Files (x86)\Windows Kits\8.1\Include\um\ws2tcpip.h(276): error C2146: syntax error : missing ';' before identifier 'SetAddrInfoExA'
     1>C:\Program Files (x86)\Windows Kits\8.1\Include\um\ws2tcpip.h(276): error C2086: 'INT WSAAPI' : redefinition
                 C:\Program Files (x86)\Windows Kits\8.1\Include\um\ws2tcpip.h(100) : see declaration of 'WSAAPI'
     1>C:\Program Files (x86)\Windows Kits\8.1\Include\um\ws2tcpip.h(279): error C2061: syntax error : identifier 'SOCKET_ADDRESS'
     1>C:\Program Files (x86)\Windows Kits\8.1\Include\um\ws2tcpip.h(289): error C4430: missing type specifier - int assumed. Note: C++ does not support default-int
     1>C:\Program Files (x86)\Windows Kits\8.1\Include\um\ws2tcpip.h(293): error C2146: syntax error : missing ';' before identifier 'INT'
     1>C:\Program Files (x86)\Windows Kits\8.1\Include\um\ws2tcpip.h(293): error C4430: missing type specifier - int assumed. Note: C++ does not support default-int
     1>C:\Program Files (x86)\Windows Kits\8.1\Include\um\ws2tcpip.h(293): error C2086: 'int WINSOCK_API_LINKAGE' : redefinition
                 C:\Program Files (x86)\Windows Kits\8.1\Include\um\ws2tcpip.h(98) : see declaration of 'WINSOCK_API_LINKAGE'
     1>C:\Program Files (x86)\Windows Kits\8.1\Include\um\ws2tcpip.h(294): error C2146: syntax error : missing ';' before identifier 'SetAddrInfoExW'
     1>C:\Program Files (x86)\Windows Kits\8.1\Include\um\ws2tcpip.h(294): error C2086: 'INT WSAAPI' : redefinition
                 C:\Program Files (x86)\Windows Kits\8.1\Include\um\ws2tcpip.h(100) : see declaration of 'WSAAPI'
     1>C:\Program Files (x86)\Windows Kits\8.1\Include\um\ws2tcpip.h(297): error C2061: syntax error : identifier 'SOCKET_ADDRESS'
     1>C:\Program Files (x86)\Windows Kits\8.1\Include\um\ws2tcpip.h(307): error C4430: missing type specifier - int assumed. Note: C++ does not support default-int
     1>C:\Program Files (x86)\Windows Kits\8.1\Include\um\ws2tcpip.h(361): error C2144: syntax error : 'void' should be preceded by ';'
     1>C:\Program Files (x86)\Windows Kits\8.1\Include\um\ws2tcpip.h(361): error C4430: missing type specifier - int assumed. Note: C++ does not support default-int
     1>C:\Program Files (x86)\Windows Kits\8.1\Include\um\ws2tcpip.h(361): error C2086: 'int WINSOCK_API_LINKAGE' : redefinition
                 C:\Program Files (x86)\Windows Kits\8.1\Include\um\ws2tcpip.h(98) : see declaration of 'WINSOCK_API_LINKAGE'
     1>C:\Program Files (x86)\Windows Kits\8.1\Include\um\ws2tcpip.h(362): error C2146: syntax error : missing ';' before identifier 'freeaddrinfo'
     1>C:\Program Files (x86)\Windows Kits\8.1\Include\um\ws2tcpip.h(362): error C2182: 'WSAAPI' : illegal use of type 'void'
     1>C:\Program Files (x86)\Windows Kits\8.1\Include\um\ws2tcpip.h(362): error C2086: 'INT WSAAPI' : redefinition
                 C:\Program Files (x86)\Windows Kits\8.1\Include\um\ws2tcpip.h(100) : see declaration of 'WSAAPI'
     1>C:\Program Files (x86)\Windows Kits\8.1\Include\um\ws2tcpip.h(363): error C2065: 'PADDRINFOA' : undeclared identifier
     1>C:\Program Files (x86)\Windows Kits\8.1\Include\um\ws2tcpip.h(364): error C2146: syntax error : missing ')' before identifier 'pAddrInfo'
     1>C:\Program Files (x86)\Windows Kits\8.1\Include\um\ws2tcpip.h(364): error C4430: missing type specifier - int assumed. Note: C++ does not support default-int
     1>C:\Program Files (x86)\Windows Kits\8.1\Include\um\ws2tcpip.h(364): error C2059: syntax error : ')'
     1>C:\Program Files (x86)\Windows Kits\8.1\Include\um\ws2tcpip.h(369): error C2144: syntax error : 'void' should be preceded by ';'
     1>C:\Program Files (x86)\Windows Kits\8.1\Include\um\ws2tcpip.h(369): error C4430: missing type specifier - int assumed. Note: C++ does not support default-int
     1>C:\Program Files (x86)\Windows Kits\8.1\Include\um\ws2tcpip.h(369): error C2086: 'int WINSOCK_API_LINKAGE' : redefinition
                 C:\Program Files (x86)\Windows Kits\8.1\Include\um\ws2tcpip.h(98) : see declaration of 'WINSOCK_API_LINKAGE'
     1>C:\Program Files (x86)\Windows Kits\8.1\Include\um\ws2tcpip.h(370): error C2146: syntax error : missing ';' before identifier 'FreeAddrInfoW'
     1>C:\Program Files (x86)\Windows Kits\8.1\Include\um\ws2tcpip.h(370): error C2182: 'WSAAPI' : illegal use of type 'void'
     1>C:\Program Files (x86)\Windows Kits\8.1\Include\um\ws2tcpip.h(370): error C2086: 'INT WSAAPI' : redefinition
                 C:\Program Files (x86)\Windows Kits\8.1\Include\um\ws2tcpip.h(100) : see declaration of 'WSAAPI'
     1>C:\Program Files (x86)\Windows Kits\8.1\Include\um\ws2tcpip.h(371): error C2065: 'PADDRINFOW' : undeclared identifier
     1>C:\Program Files (x86)\Windows Kits\8.1\Include\um\ws2tcpip.h(372): error C2146: syntax error : missing ')' before identifier 'pAddrInfo'
     1>C:\Program Files (x86)\Windows Kits\8.1\Include\um\ws2tcpip.h(372): error C4430: missing type specifier - int assumed. Note: C++ does not support default-int
     1>C:\Program Files (x86)\Windows Kits\8.1\Include\um\ws2tcpip.h(372): error C2059: syntax error : ')'
     1>C:\Program Files (x86)\Windows Kits\8.1\Include\um\ws2tcpip.h(409): error C2144: syntax error : 'void' should be preceded by ';'
     1>C:\Program Files (x86)\Windows Kits\8.1\Include\um\ws2tcpip.h(409): error C4430: missing type specifier - int assumed. Note: C++ does not support default-int
     1>C:\Program Files (x86)\Windows Kits\8.1\Include\um\ws2tcpip.h(409): error C2086: 'int WINSOCK_API_LINKAGE' : redefinition
                 C:\Program Files (x86)\Windows Kits\8.1\Include\um\ws2tcpip.h(98) : see declaration of 'WINSOCK_API_LINKAGE'
     1>C:\Program Files (x86)\Windows Kits\8.1\Include\um\ws2tcpip.h(410): error C2146: syntax error : missing ';' before identifier 'FreeAddrInfoEx'
     1>C:\Program Files (x86)\Windows Kits\8.1\Include\um\ws2tcpip.h(410): error C2182: 'WSAAPI' : illegal use of type 'void'
     1>C:\Program Files (x86)\Windows Kits\8.1\Include\um\ws2tcpip.h(410): error C2086: 'INT WSAAPI' : redefinition
                 C:\Program Files (x86)\Windows Kits\8.1\Include\um\ws2tcpip.h(100) : see declaration of 'WSAAPI'
     1>C:\Program Files (x86)\Windows Kits\8.1\Include\um\ws2tcpip.h(411): error C2065: 'PADDRINFOEXA' : undeclared identifier
     1>C:\Program Files (x86)\Windows Kits\8.1\Include\um\ws2tcpip.h(412): error C2146: syntax error : missing ')' before identifier 'pAddrInfoEx'
     1>C:\Program Files (x86)\Windows Kits\8.1\Include\um\ws2tcpip.h(412): error C4430: missing type specifier - int assumed. Note: C++ does not support default-int
     1>C:\Program Files (x86)\Windows Kits\8.1\Include\um\ws2tcpip.h(412): error C2059: syntax error : ')'
     1>C:\Program Files (x86)\Windows Kits\8.1\Include\um\ws2tcpip.h(416): error C2144: syntax error : 'void' should be preceded by ';'
     1>C:\Program Files (x86)\Windows Kits\8.1\Include\um\ws2tcpip.h(416): error C4430: missing type specifier - int assumed. Note: C++ does not support default-int
     1>C:\Program Files (x86)\Windows Kits\8.1\Include\um\ws2tcpip.h(416): error C2086: 'int WINSOCK_API_LINKAGE' : redefinition
                 C:\Program Files (x86)\Windows Kits\8.1\Include\um\ws2tcpip.h(98) : see declaration of 'WINSOCK_API_LINKAGE'
     1>C:\Program Files (x86)\Windows Kits\8.1\Include\um\ws2tcpip.h(417): error C2146: syntax error : missing ';' before identifier 'FreeAddrInfoExW'
     1>C:\Program Files (x86)\Windows Kits\8.1\Include\um\ws2tcpip.h(417): error C2182: 'WSAAPI' : illegal use of type 'void'
     1>C:\Program Files (x86)\Windows Kits\8.1\Include\um\ws2tcpip.h(417): error C2086: 'INT WSAAPI' : redefinition
                 C:\Program Files (x86)\Windows Kits\8.1\Include\um\ws2tcpip.h(100) : see declaration of 'WSAAPI'
     1>C:\Program Files (x86)\Windows Kits\8.1\Include\um\ws2tcpip.h(418): error C2065: 'PADDRINFOEXW' : undeclared identifier
     1>C:\Program Files (x86)\Windows Kits\8.1\Include\um\ws2tcpip.h(419): error C2146: syntax error : missing ')' before identifier 'pAddrInfoEx'
     1>C:\Program Files (x86)\Windows Kits\8.1\Include\um\ws2tcpip.h(419): error C4430: missing type specifier - int assumed. Note: C++ does not support default-int
     1>C:\Program Files (x86)\Windows Kits\8.1\Include\um\ws2tcpip.h(419): error C2059: syntax error : ')'
     1>C:\Program Files (x86)\Windows Kits\8.1\Include\um\ws2tcpip.h(454): error C2146: syntax error : missing ';' before identifier 'INT'
     1>C:\Program Files (x86)\Windows Kits\8.1\Include\um\ws2tcpip.h(454): error C4430: missing type specifier - int assumed. Note: C++ does not support default-int
     1>C:\Program Files (x86)\Windows Kits\8.1\Include\um\ws2tcpip.h(454): error C2086: 'int WINSOCK_API_LINKAGE' : redefinition
                 C:\Program Files (x86)\Windows Kits\8.1\Include\um\ws2tcpip.h(98) : see declaration of 'WINSOCK_API_LINKAGE'
     1>C:\Program Files (x86)\Windows Kits\8.1\Include\um\ws2tcpip.h(455): error C2146: syntax error : missing ';' before identifier 'getnameinfo'
     1>C:\Program Files (x86)\Windows Kits\8.1\Include\um\ws2tcpip.h(455): error C2086: 'INT WSAAPI' : redefinition
                 C:\Program Files (x86)\Windows Kits\8.1\Include\um\ws2tcpip.h(100) : see declaration of 'WSAAPI'
     1>C:\Program Files (x86)\Windows Kits\8.1\Include\um\ws2tcpip.h(463): error C4430: missing type specifier - int assumed. Note: C++ does not support default-int
     1>C:\Program Files (x86)\Windows Kits\8.1\Include\um\ws2tcpip.h(468): error C2146: syntax error : missing ';' before identifier 'INT'
     1>C:\Program Files (x86)\Windows Kits\8.1\Include\um\ws2tcpip.h(468): error C4430: missing type specifier - int assumed. Note: C++ does not support default-int
     1>C:\Program Files (x86)\Windows Kits\8.1\Include\um\ws2tcpip.h(468): error C2086: 'int WINSOCK_API_LINKAGE' : redefinition
                 C:\Program Files (x86)\Windows Kits\8.1\Include\um\ws2tcpip.h(98) : see declaration of 'WINSOCK_API_LINKAGE'
     1>C:\Program Files (x86)\Windows Kits\8.1\Include\um\ws2tcpip.h(469): error C2146: syntax error : missing ';' before identifier 'GetNameInfoW'
     1>C:\Program Files (x86)\Windows Kits\8.1\Include\um\ws2tcpip.h(469): error C2086: 'INT WSAAPI' : redefinition
                 C:\Program Files (x86)\Windows Kits\8.1\Include\um\ws2tcpip.h(100) : see declaration of 'WSAAPI'
     1>C:\Program Files (x86)\Windows Kits\8.1\Include\um\ws2tcpip.h(477): error C4430: missing type specifier - int assumed. Note: C++ does not support default-int
     1>C:\Program Files (x86)\Windows Kits\8.1\Include\um\ws2tcpip.h(526): error C2146: syntax error : missing ';' before identifier 'INT'
     1>C:\Program Files (x86)\Windows Kits\8.1\Include\um\ws2tcpip.h(526): fatal error C1003: error count exceeds 100; stopping compilation
         MoogDotsCom.cpp
     1>c:\users\adamlab\documents\github\mooglaptop\adam\adam\moogdots -- human moog - curve screen55\src\GlobalDefs.h(8): warning C4005: 'GL_OFFSET' : macro redefinition
                 C:\Users\AdamLab\Documents\GitHub\MoogLaptop\oculusvr_samples-master\oculusvr_samples-master\common_libs\glew-1.11.0/include/GL/glew.h(5439) : see previous definition of 'GL_OFFSET'
     1>c:\users\adamlab\documents\github\mooglaptop\adam\adam\moogdots -- human moog - curve screen55\src\GlobalDefs.h(15): warning C4005: 'GET_DATA_FRAME' : macro redefinition
                 c:\users\adamlab\documents\github\mooglaptop\adam\adam\moogdots -- human moog - curve screen55\src\GlobalDefs.h(13) : see previous definition of 'GET_DATA_FRAME'
     1>c:\users\adamlab\documents\github\mooglaptop\adam\adam\moogdots -- human moog - curve screen55\src\OculusVR.hpp(85): warning C4244: '=' : conversion from 'double' to 'float', possible loss of data
     1>c:\users\adamlab\documents\github\mooglaptop\adam\adam\moogdots -- human moog - curve screen55\src\OculusVR.hpp(86): warning C4244: '=' : conversion from 'double' to 'float', possible loss of data
     1>c:\users\adamlab\documents\github\mooglaptop\adam\adam\moogdots -- human moog - curve screen55\src\OculusVR.hpp(87): warning C4244: '=' : conversion from 'double' to 'float', possible loss of data
     1>C:\Users\AdamLab\Documents\GitHub\MoogLaptop\Adam\Adam\MoogDots -- Human Moog - Curve Screen55\Dependencies\MatlabTcpCommunicator\MatlabTcpCommunicator\MatlabTcpcommunicator.h(1): warning C4067: unexpected tokens following preprocessor directive - expected a newline
     1>C:\Program Files (x86)\Windows Kits\8.1\Include\shared\ws2ipdef.h(102): error C2146: syntax error : missing ';' before identifier 'iiAddress'
     1>C:\Program Files (x86)\Windows Kits\8.1\Include\shared\ws2ipdef.h(102): error C4430: missing type specifier - int assumed. Note: C++ does not support default-int
     1>C:\Program Files (x86)\Windows Kits\8.1\Include\shared\ws2ipdef.h(103): error C2146: syntax error : missing ';' before identifier 'iiBroadcastAddress'
     1>C:\Program Files (x86)\Windows Kits\8.1\Include\shared\ws2ipdef.h(103): error C4430: missing type specifier - int assumed. Note: C++ does not support default-int
     1>C:\Program Files (x86)\Windows Kits\8.1\Include\shared\ws2ipdef.h(104): error C2146: syntax error : missing ';' before identifier 'iiNetmask'
     1>C:\Program Files (x86)\Windows Kits\8.1\Include\shared\ws2ipdef.h(104): error C4430: missing type specifier - int assumed. Note: C++ does not support default-int
     1>C:\Program Files (x86)\Windows Kits\8.1\Include\shared\ws2ipdef.h(124): warning C4005: 'IP_TOS' : macro redefinition
                 C:\Program Files (x86)\Windows Kits\8.1\Include\um\winsock.h(344) : see previous definition of 'IP_TOS'
     1>C:\Program Files (x86)\Windows Kits\8.1\Include\shared\ws2ipdef.h(125): warning C4005: 'IP_TTL' : macro redefinition
                 C:\Program Files (x86)\Windows Kits\8.1\Include\um\winsock.h(343) : see previous definition of 'IP_TTL'
     1>C:\Program Files (x86)\Windows Kits\8.1\Include\shared\ws2ipdef.h(126): warning C4005: 'IP_MULTICAST_IF' : macro redefinition
                 C:\Program Files (x86)\Windows Kits\8.1\Include\um\winsock.h(338) : see previous definition of 'IP_MULTICAST_IF'
     1>C:\Program Files (x86)\Windows Kits\8.1\Include\shared\ws2ipdef.h(127): warning C4005: 'IP_MULTICAST_TTL' : macro redefinition
                 C:\Program Files (x86)\Windows Kits\8.1\Include\um\winsock.h(339) : see previous definition of 'IP_MULTICAST_TTL'
     1>C:\Program Files (x86)\Windows Kits\8.1\Include\shared\ws2ipdef.h(128): warning C4005: 'IP_MULTICAST_LOOP' : macro redefinition
                 C:\Program Files (x86)\Windows Kits\8.1\Include\um\winsock.h(340) : see previous definition of 'IP_MULTICAST_LOOP'
     1>C:\Program Files (x86)\Windows Kits\8.1\Include\shared\ws2ipdef.h(129): warning C4005: 'IP_ADD_MEMBERSHIP' : macro redefinition
                 C:\Program Files (x86)\Windows Kits\8.1\Include\um\winsock.h(341) : see previous definition of 'IP_ADD_MEMBERSHIP'
     1>C:\Program Files (x86)\Windows Kits\8.1\Include\shared\ws2ipdef.h(130): warning C4005: 'IP_DROP_MEMBERSHIP' : macro redefinition
                 C:\Program Files (x86)\Windows Kits\8.1\Include\um\winsock.h(342) : see previous definition of 'IP_DROP_MEMBERSHIP'
     1>C:\Program Files (x86)\Windows Kits\8.1\Include\shared\ws2ipdef.h(131): warning C4005: 'IP_DONTFRAGMENT' : macro redefinition
                 C:\Program Files (x86)\Windows Kits\8.1\Include\um\winsock.h(345) : see previous definition of 'IP_DONTFRAGMENT'
     1>C:\Program Files (x86)\Windows Kits\8.1\Include\shared\ws2ipdef.h(169): error C2146: syntax error : missing ';' before identifier 'sin6_family'
     1>C:\Program Files (x86)\Windows Kits\8.1\Include\shared\ws2ipdef.h(169): error C4430: missing type specifier - int assumed. Note: C++ does not support default-int
     1>C:\Program Files (x86)\Windows Kits\8.1\Include\shared\ws2ipdef.h(175): error C2146: syntax error : missing ';' before identifier 'sin6_scope_struct'
     1>C:\Program Files (x86)\Windows Kits\8.1\Include\shared\ws2ipdef.h(175): error C4430: missing type specifier - int assumed. Note: C++ does not support default-int
     1>C:\Program Files (x86)\Windows Kits\8.1\Include\shared\ws2ipdef.h(204): error C2146: syntax error : missing ';' before identifier 'si_family'
     1>C:\Program Files (x86)\Windows Kits\8.1\Include\shared\ws2ipdef.h(204): error C4430: missing type specifier - int assumed. Note: C++ does not support default-int
     1>C:\Program Files (x86)\Windows Kits\8.1\Include\shared\ws2ipdef.h(316): error C4430: missing type specifier - int assumed. Note: C++ does not support default-int
     1>C:\Program Files (x86)\Windows Kits\8.1\Include\shared\ws2ipdef.h(316): error C2146: syntax error : missing ';' before identifier 'scopeid_unspecified'
     1>C:\Program Files (x86)\Windows Kits\8.1\Include\shared\ws2ipdef.h(607): error C2039: 'sin6_family' : is not a member of 'sockaddr_in6'
                 C:\Program Files (x86)\Windows Kits\8.1\Include\shared\ws2ipdef.h(168) : see declaration of 'sockaddr_in6'
     1>C:\Program Files (x86)\Windows Kits\8.1\Include\shared\ws2ipdef.h(607): error C2065: 'AF_INET6' : undeclared identifier
     1>C:\Program Files (x86)\Windows Kits\8.1\Include\shared\ws2ipdef.h(618): error C2039: 'sin6_family' : is not a member of 'sockaddr_in6'
                 C:\Program Files (x86)\Windows Kits\8.1\Include\shared\ws2ipdef.h(168) : see declaration of 'sockaddr_in6'
     1>C:\Program Files (x86)\Windows Kits\8.1\Include\shared\ws2ipdef.h(618): error C2065: 'AF_INET6' : undeclared identifier
     1>C:\Program Files (x86)\Windows Kits\8.1\Include\shared\ws2ipdef.h(715): error C2011: 'ip_mreq' : 'struct' type redefinition
                 C:\Program Files (x86)\Windows Kits\8.1\Include\um\winsock.h(355) : see declaration of 'ip_mreq'
     1>C:\Program Files (x86)\Windows Kits\8.1\Include\shared\ws2ipdef.h(812): error C2146: syntax error : missing ';' before identifier 'gr_group'
     1>C:\Program Files (x86)\Windows Kits\8.1\Include\shared\ws2ipdef.h(812): error C4430: missing type specifier - int assumed. Note: C++ does not support default-int
     1>C:\Program Files (x86)\Windows Kits\8.1\Include\shared\ws2ipdef.h(821): error C2146: syntax error : missing ';' before identifier 'gsr_group'
     1>C:\Program Files (x86)\Windows Kits\8.1\Include\shared\ws2ipdef.h(821): error C4430: missing type specifier - int assumed. Note: C++ does not support default-int
     1>C:\Program Files (x86)\Windows Kits\8.1\Include\shared\ws2ipdef.h(822): error C2146: syntax error : missing ';' before identifier 'gsr_source'
     1>C:\Program Files (x86)\Windows Kits\8.1\Include\shared\ws2ipdef.h(822): error C4430: missing type specifier - int assumed. Note: C++ does not support default-int
     1>C:\Program Files (x86)\Windows Kits\8.1\Include\shared\ws2ipdef.h(831): error C2146: syntax error : missing ';' before identifier 'gf_group'
     1>C:\Program Files (x86)\Windows Kits\8.1\Include\shared\ws2ipdef.h(831): error C4430: missing type specifier - int assumed. Note: C++ does not support default-int
     1>C:\Program Files (x86)\Windows Kits\8.1\Include\shared\ws2ipdef.h(834): error C2146: syntax error : missing ';' before identifier 'gf_slist'
     1>C:\Program Files (x86)\Windows Kits\8.1\Include\shared\ws2ipdef.h(834): error C4430: missing type specifier - int assumed. Note: C++ does not support default-int
     1>C:\Program Files (x86)\Windows Kits\8.1\Include\shared\ws2ipdef.h(867): error C2146: syntax error : missing ';' before identifier 'scope_id'
     1>C:\Program Files (x86)\Windows Kits\8.1\Include\shared\ws2ipdef.h(867): error C4430: missing type specifier - int assumed. Note: C++ does not support default-int
     1>C:\Program Files (x86)\Windows Kits\8.1\Include\shared\ws2ipdef.h(870): error C2118: negative subscript
     1>C:\Program Files (x86)\Windows Kits\8.1\Include\shared\ws2ipdef.h(877): error C2146: syntax error : missing ';' before identifier 'scope_id'
     1>C:\Program Files (x86)\Windows Kits\8.1\Include\shared\ws2ipdef.h(877): error C4430: missing type specifier - int assumed. Note: C++ does not support default-int
     1>C:\Program Files (x86)\Windows Kits\8.1\Include\shared\ws2ipdef.h(880): error C2118: negative subscript
     1>C:\Program Files (x86)\Windows Kits\8.1\Include\um\ws2tcpip.h(76): error C2146: syntax error : missing ';' before identifier 'ADDRINFOT'
     1>C:\Program Files (x86)\Windows Kits\8.1\Include\um\ws2tcpip.h(76): error C4430: missing type specifier - int assumed. Note: C++ does not support default-int
     1>C:\Program Files (x86)\Windows Kits\8.1\Include\um\ws2tcpip.h(88): error C2146: syntax error : missing ';' before identifier 'ADDRINFOEX'
     1>C:\Program Files (x86)\Windows Kits\8.1\Include\um\ws2tcpip.h(88): error C4430: missing type specifier - int assumed. Note: C++ does not support default-int
     1>C:\Program Files (x86)\Windows Kits\8.1\Include\um\ws2tcpip.h(99): error C2146: syntax error : missing ';' before identifier 'INT'
     1>C:\Program Files (x86)\Windows Kits\8.1\Include\um\ws2tcpip.h(99): error C4430: missing type specifier - int assumed. Note: C++ does not support default-int
     1>C:\Program Files (x86)\Windows Kits\8.1\Include\um\ws2tcpip.h(100): error C2146: syntax error : missing ';' before identifier 'getaddrinfo'
     1>C:\Program Files (x86)\Windows Kits\8.1\Include\um\ws2tcpip.h(104): error C2061: syntax error : identifier 'PADDRINFOA'
     1>C:\Program Files (x86)\Windows Kits\8.1\Include\um\ws2tcpip.h(105): error C4430: missing type specifier - int assumed. Note: C++ does not support default-int
     1>C:\Program Files (x86)\Windows Kits\8.1\Include\um\ws2tcpip.h(110): error C2146: syntax error : missing ';' before identifier 'INT'
     1>C:\Program Files (x86)\Windows Kits\8.1\Include\um\ws2tcpip.h(110): error C4430: missing type specifier - int assumed. Note: C++ does not support default-int
     1>C:\Program Files (x86)\Windows Kits\8.1\Include\um\ws2tcpip.h(110): error C2086: 'int WINSOCK_API_LINKAGE' : redefinition
                 C:\Program Files (x86)\Windows Kits\8.1\Include\um\ws2tcpip.h(98) : see declaration of 'WINSOCK_API_LINKAGE'
     1>C:\Program Files (x86)\Windows Kits\8.1\Include\um\ws2tcpip.h(111): error C2146: syntax error : missing ';' before identifier 'GetAddrInfoW'
     1>C:\Program Files (x86)\Windows Kits\8.1\Include\um\ws2tcpip.h(111): error C2086: 'INT WSAAPI' : redefinition
                 C:\Program Files (x86)\Windows Kits\8.1\Include\um\ws2tcpip.h(100) : see declaration of 'WSAAPI'
     1>C:\Program Files (x86)\Windows Kits\8.1\Include\um\ws2tcpip.h(114): error C4430: missing type specifier - int assumed. Note: C++ does not support default-int
     1>C:\Program Files (x86)\Windows Kits\8.1\Include\um\ws2tcpip.h(114): error C2143: syntax error : missing ',' before '*'
     1>C:\Program Files (x86)\Windows Kits\8.1\Include\um\ws2tcpip.h(116): error C4430: missing type specifier - int assumed. Note: C++ does not support default-int
     1>C:\Program Files (x86)\Windows Kits\8.1\Include\um\ws2tcpip.h(162): error C2061: syntax error : identifier 'LPWSAOVERLAPPED'
     1>C:\Program Files (x86)\Windows Kits\8.1\Include\um\ws2tcpip.h(167): error C2146: syntax error : missing ';' before identifier 'INT'
     1>C:\Program Files (x86)\Windows Kits\8.1\Include\um\ws2tcpip.h(167): error C4430: missing type specifier - int assumed. Note: C++ does not support default-int
     1>C:\Program Files (x86)\Windows Kits\8.1\Include\um\ws2tcpip.h(167): error C2086: 'int WINSOCK_API_LINKAGE' : redefinition
                 C:\Program Files (x86)\Windows Kits\8.1\Include\um\ws2tcpip.h(98) : see declaration of 'WINSOCK_API_LINKAGE'
     1>C:\Program Files (x86)\Windows Kits\8.1\Include\um\ws2tcpip.h(168): error C2146: syntax error : missing ';' before identifier 'GetAddrInfoExA'
     1>C:\Program Files (x86)\Windows Kits\8.1\Include\um\ws2tcpip.h(168): error C2086: 'INT WSAAPI' : redefinition
                 C:\Program Files (x86)\Windows Kits\8.1\Include\um\ws2tcpip.h(100) : see declaration of 'WSAAPI'
     1>C:\Program Files (x86)\Windows Kits\8.1\Include\um\ws2tcpip.h(174): error C2061: syntax error : identifier 'PADDRINFOEXA'
     1>C:\Program Files (x86)\Windows Kits\8.1\Include\um\ws2tcpip.h(179): error C4430: missing type specifier - int assumed. Note: C++ does not support default-int
     1>C:\Program Files (x86)\Windows Kits\8.1\Include\um\ws2tcpip.h(183): error C2146: syntax error : missing ';' before identifier 'INT'
     1>C:\Program Files (x86)\Windows Kits\8.1\Include\um\ws2tcpip.h(183): error C4430: missing type specifier - int assumed. Note: C++ does not support default-int
     1>C:\Program Files (x86)\Windows Kits\8.1\Include\um\ws2tcpip.h(183): error C2086: 'int WINSOCK_API_LINKAGE' : redefinition
                 C:\Program Files (x86)\Windows Kits\8.1\Include\um\ws2tcpip.h(98) : see declaration of 'WINSOCK_API_LINKAGE'
     1>C:\Program Files (x86)\Windows Kits\8.1\Include\um\ws2tcpip.h(184): error C2146: syntax error : missing ';' before identifier 'GetAddrInfoExW'
     1>C:\Program Files (x86)\Windows Kits\8.1\Include\um\ws2tcpip.h(184): error C2086: 'INT WSAAPI' : redefinition
                 C:\Program Files (x86)\Windows Kits\8.1\Include\um\ws2tcpip.h(100) : see declaration of 'WSAAPI'
     1>C:\Program Files (x86)\Windows Kits\8.1\Include\um\ws2tcpip.h(189): error C4430: missing type specifier - int assumed. Note: C++ does not support default-int
     1>C:\Program Files (x86)\Windows Kits\8.1\Include\um\ws2tcpip.h(189): error C2143: syntax error : missing ',' before '*'
     1>C:\Program Files (x86)\Windows Kits\8.1\Include\um\ws2tcpip.h(195): error C4430: missing type specifier - int assumed. Note: C++ does not support default-int
     1>C:\Program Files (x86)\Windows Kits\8.1\Include\um\ws2tcpip.h(199): error C2146: syntax error : missing ';' before identifier 'INT'
     1>C:\Program Files (x86)\Windows Kits\8.1\Include\um\ws2tcpip.h(199): error C4430: missing type specifier - int assumed. Note: C++ does not support default-int
     1>C:\Program Files (x86)\Windows Kits\8.1\Include\um\ws2tcpip.h(199): error C2086: 'int WINSOCK_API_LINKAGE' : redefinition
                 C:\Program Files (x86)\Windows Kits\8.1\Include\um\ws2tcpip.h(98) : see declaration of 'WINSOCK_API_LINKAGE'
     1>C:\Program Files (x86)\Windows Kits\8.1\Include\um\ws2tcpip.h(200): error C2146: syntax error : missing ';' before identifier 'GetAddrInfoExCancel'
     1>C:\Program Files (x86)\Windows Kits\8.1\Include\um\ws2tcpip.h(200): error C2086: 'INT WSAAPI' : redefinition
                 C:\Program Files (x86)\Windows Kits\8.1\Include\um\ws2tcpip.h(100) : see declaration of 'WSAAPI'
     1>C:\Program Files (x86)\Windows Kits\8.1\Include\um\ws2tcpip.h(202): error C4430: missing type specifier - int assumed. Note: C++ does not support default-int
     1>C:\Program Files (x86)\Windows Kits\8.1\Include\um\ws2tcpip.h(206): error C2146: syntax error : missing ';' before identifier 'INT'
     1>C:\Program Files (x86)\Windows Kits\8.1\Include\um\ws2tcpip.h(206): error C4430: missing type specifier - int assumed. Note: C++ does not support default-int
     1>C:\Program Files (x86)\Windows Kits\8.1\Include\um\ws2tcpip.h(206): error C2086: 'int WINSOCK_API_LINKAGE' : redefinition
                 C:\Program Files (x86)\Windows Kits\8.1\Include\um\ws2tcpip.h(98) : see declaration of 'WINSOCK_API_LINKAGE'
     1>C:\Program Files (x86)\Windows Kits\8.1\Include\um\ws2tcpip.h(207): error C2146: syntax error : missing ';' before identifier 'GetAddrInfoExOverlappedResult'
     1>C:\Program Files (x86)\Windows Kits\8.1\Include\um\ws2tcpip.h(207): error C2086: 'INT WSAAPI' : redefinition
                 C:\Program Files (x86)\Windows Kits\8.1\Include\um\ws2tcpip.h(100) : see declaration of 'WSAAPI'
     1>C:\Program Files (x86)\Windows Kits\8.1\Include\um\ws2tcpip.h(209): error C4430: missing type specifier - int assumed. Note: C++ does not support default-int
     1>C:\Program Files (x86)\Windows Kits\8.1\Include\um\ws2tcpip.h(275): error C2146: syntax error : missing ';' before identifier 'INT'
     1>C:\Program Files (x86)\Windows Kits\8.1\Include\um\ws2tcpip.h(275): error C4430: missing type specifier - int assumed. Note: C++ does not support default-int
     1>C:\Program Files (x86)\Windows Kits\8.1\Include\um\ws2tcpip.h(275): error C2086: 'int WINSOCK_API_LINKAGE' : redefinition
                 C:\Program Files (x86)\Windows Kits\8.1\Include\um\ws2tcpip.h(98) : see declaration of 'WINSOCK_API_LINKAGE'
     1>C:\Program Files (x86)\Windows Kits\8.1\Include\um\ws2tcpip.h(276): error C2146: syntax error : missing ';' before identifier 'SetAddrInfoExA'
     1>C:\Program Files (x86)\Windows Kits\8.1\Include\um\ws2tcpip.h(276): error C2086: 'INT WSAAPI' : redefinition
                 C:\Program Files (x86)\Windows Kits\8.1\Include\um\ws2tcpip.h(100) : see declaration of 'WSAAPI'
     1>C:\Program Files (x86)\Windows Kits\8.1\Include\um\ws2tcpip.h(279): error C2061: syntax error : identifier 'SOCKET_ADDRESS'
     1>C:\Program Files (x86)\Windows Kits\8.1\Include\um\ws2tcpip.h(289): error C4430: missing type specifier - int assumed. Note: C++ does not support default-int
     1>C:\Program Files (x86)\Windows Kits\8.1\Include\um\ws2tcpip.h(293): error C2146: syntax error : missing ';' before identifier 'INT'
     1>C:\Program Files (x86)\Windows Kits\8.1\Include\um\ws2tcpip.h(293): error C4430: missing type specifier - int assumed. Note: C++ does not support default-int
     1>C:\Program Files (x86)\Windows Kits\8.1\Include\um\ws2tcpip.h(293): error C2086: 'int WINSOCK_API_LINKAGE' : redefinition
                 C:\Program Files (x86)\Windows Kits\8.1\Include\um\ws2tcpip.h(98) : see declaration of 'WINSOCK_API_LINKAGE'
     1>C:\Program Files (x86)\Windows Kits\8.1\Include\um\ws2tcpip.h(294): error C2146: syntax error : missing ';' before identifier 'SetAddrInfoExW'
     1>C:\Program Files (x86)\Windows Kits\8.1\Include\um\ws2tcpip.h(294): error C2086: 'INT WSAAPI' : redefinition
                 C:\Program Files (x86)\Windows Kits\8.1\Include\um\ws2tcpip.h(100) : see declaration of 'WSAAPI'
     1>C:\Program Files (x86)\Windows Kits\8.1\Include\um\ws2tcpip.h(297): error C2061: syntax error : identifier 'SOCKET_ADDRESS'
     1>C:\Program Files (x86)\Windows Kits\8.1\Include\um\ws2tcpip.h(307): error C4430: missing type specifier - int assumed. Note: C++ does not support default-int
     1>C:\Program Files (x86)\Windows Kits\8.1\Include\um\ws2tcpip.h(361): error C2144: syntax error : 'void' should be preceded by ';'
     1>C:\Program Files (x86)\Windows Kits\8.1\Include\um\ws2tcpip.h(361): error C4430: missing type specifier - int assumed. Note: C++ does not support default-int
     1>C:\Program Files (x86)\Windows Kits\8.1\Include\um\ws2tcpip.h(361): error C2086: 'int WINSOCK_API_LINKAGE' : redefinition
                 C:\Program Files (x86)\Windows Kits\8.1\Include\um\ws2tcpip.h(98) : see declaration of 'WINSOCK_API_LINKAGE'
     1>C:\Program Files (x86)\Windows Kits\8.1\Include\um\ws2tcpip.h(362): error C2146: syntax error : missing ';' before identifier 'freeaddrinfo'
     1>C:\Program Files (x86)\Windows Kits\8.1\Include\um\ws2tcpip.h(362): error C2182: 'WSAAPI' : illegal use of type 'void'
     1>C:\Program Files (x86)\Windows Kits\8.1\Include\um\ws2tcpip.h(362): error C2086: 'INT WSAAPI' : redefinition
                 C:\Program Files (x86)\Windows Kits\8.1\Include\um\ws2tcpip.h(100) : see declaration of 'WSAAPI'
     1>C:\Program Files (x86)\Windows Kits\8.1\Include\um\ws2tcpip.h(363): error C2065: 'PADDRINFOA' : undeclared identifier
     1>C:\Program Files (x86)\Windows Kits\8.1\Include\um\ws2tcpip.h(364): error C2146: syntax error : missing ')' before identifier 'pAddrInfo'
     1>C:\Program Files (x86)\Windows Kits\8.1\Include\um\ws2tcpip.h(364): error C4430: missing type specifier - int assumed. Note: C++ does not support default-int
     1>C:\Program Files (x86)\Windows Kits\8.1\Include\um\ws2tcpip.h(364): error C2059: syntax error : ')'
     1>C:\Program Files (x86)\Windows Kits\8.1\Include\um\ws2tcpip.h(369): error C2144: syntax error : 'void' should be preceded by ';'
     1>C:\Program Files (x86)\Windows Kits\8.1\Include\um\ws2tcpip.h(369): error C4430: missing type specifier - int assumed. Note: C++ does not support default-int
     1>C:\Program Files (x86)\Windows Kits\8.1\Include\um\ws2tcpip.h(369): error C2086: 'int WINSOCK_API_LINKAGE' : redefinition
                 C:\Program Files (x86)\Windows Kits\8.1\Include\um\ws2tcpip.h(98) : see declaration of 'WINSOCK_API_LINKAGE'
     1>C:\Program Files (x86)\Windows Kits\8.1\Include\um\ws2tcpip.h(370): error C2146: syntax error : missing ';' before identifier 'FreeAddrInfoW'
     1>C:\Program Files (x86)\Windows Kits\8.1\Include\um\ws2tcpip.h(370): error C2182: 'WSAAPI' : illegal use of type 'void'
     1>C:\Program Files (x86)\Windows Kits\8.1\Include\um\ws2tcpip.h(370): error C2086: 'INT WSAAPI' : redefinition
                 C:\Program Files (x86)\Windows Kits\8.1\Include\um\ws2tcpip.h(100) : see declaration of 'WSAAPI'
     1>C:\Program Files (x86)\Windows Kits\8.1\Include\um\ws2tcpip.h(371): error C2065: 'PADDRINFOW' : undeclared identifier
     1>C:\Program Files (x86)\Windows Kits\8.1\Include\um\ws2tcpip.h(372): error C2146: syntax error : missing ')' before identifier 'pAddrInfo'
     1>C:\Program Files (x86)\Windows Kits\8.1\Include\um\ws2tcpip.h(372): error C4430: missing type specifier - int assumed. Note: C++ does not support default-int
     1>C:\Program Files (x86)\Windows Kits\8.1\Include\um\ws2tcpip.h(372): error C2059: syntax error : ')'
     1>C:\Program Files (x86)\Windows Kits\8.1\Include\um\ws2tcpip.h(409): error C2144: syntax error : 'void' should be preceded by ';'
     1>C:\Program Files (x86)\Windows Kits\8.1\Include\um\ws2tcpip.h(409): error C4430: missing type specifier - int assumed. Note: C++ does not support default-int
     1>C:\Program Files (x86)\Windows Kits\8.1\Include\um\ws2tcpip.h(409): error C2086: 'int WINSOCK_API_LINKAGE' : redefinition
                 C:\Program Files (x86)\Windows Kits\8.1\Include\um\ws2tcpip.h(98) : see declaration of 'WINSOCK_API_LINKAGE'
     1>C:\Program Files (x86)\Windows Kits\8.1\Include\um\ws2tcpip.h(410): error C2146: syntax error : missing ';' before identifier 'FreeAddrInfoEx'
     1>C:\Program Files (x86)\Windows Kits\8.1\Include\um\ws2tcpip.h(410): error C2182: 'WSAAPI' : illegal use of type 'void'
     1>C:\Program Files (x86)\Windows Kits\8.1\Include\um\ws2tcpip.h(410): error C2086: 'INT WSAAPI' : redefinition
                 C:\Program Files (x86)\Windows Kits\8.1\Include\um\ws2tcpip.h(100) : see declaration of 'WSAAPI'
     1>C:\Program Files (x86)\Windows Kits\8.1\Include\um\ws2tcpip.h(411): error C2065: 'PADDRINFOEXA' : undeclared identifier
     1>C:\Program Files (x86)\Windows Kits\8.1\Include\um\ws2tcpip.h(412): error C2146: syntax error : missing ')' before identifier 'pAddrInfoEx'
     1>C:\Program Files (x86)\Windows Kits\8.1\Include\um\ws2tcpip.h(412): error C4430: missing type specifier - int assumed. Note: C++ does not support default-int
     1>C:\Program Files (x86)\Windows Kits\8.1\Include\um\ws2tcpip.h(412): error C2059: syntax error : ')'
     1>C:\Program Files (x86)\Windows Kits\8.1\Include\um\ws2tcpip.h(416): error C2144: syntax error : 'void' should be preceded by ';'
     1>C:\Program Files (x86)\Windows Kits\8.1\Include\um\ws2tcpip.h(416): error C4430: missing type specifier - int assumed. Note: C++ does not support default-int
     1>C:\Program Files (x86)\Windows Kits\8.1\Include\um\ws2tcpip.h(416): error C2086: 'int WINSOCK_API_LINKAGE' : redefinition
                 C:\Program Files (x86)\Windows Kits\8.1\Include\um\ws2tcpip.h(98) : see declaration of 'WINSOCK_API_LINKAGE'
     1>C:\Program Files (x86)\Windows Kits\8.1\Include\um\ws2tcpip.h(417): error C2146: syntax error : missing ';' before identifier 'FreeAddrInfoExW'
     1>C:\Program Files (x86)\Windows Kits\8.1\Include\um\ws2tcpip.h(417): error C2182: 'WSAAPI' : illegal use of type 'void'
     1>C:\Program Files (x86)\Windows Kits\8.1\Include\um\ws2tcpip.h(417): error C2086: 'INT WSAAPI' : redefinition
                 C:\Program Files (x86)\Windows Kits\8.1\Include\um\ws2tcpip.h(100) : see declaration of 'WSAAPI'
     1>C:\Program Files (x86)\Windows Kits\8.1\Include\um\ws2tcpip.h(418): error C2065: 'PADDRINFOEXW' : undeclared identifier
     1>C:\Program Files (x86)\Windows Kits\8.1\Include\um\ws2tcpip.h(419): error C2146: syntax error : missing ')' before identifier 'pAddrInfoEx'
     1>C:\Program Files (x86)\Windows Kits\8.1\Include\um\ws2tcpip.h(419): error C4430: missing type specifier - int assumed. Note: C++ does not support default-int
     1>C:\Program Files (x86)\Windows Kits\8.1\Include\um\ws2tcpip.h(419): error C2059: syntax error : ')'
     1>C:\Program Files (x86)\Windows Kits\8.1\Include\um\ws2tcpip.h(454): error C2146: syntax error : missing ';' before identifier 'INT'
     1>C:\Program Files (x86)\Windows Kits\8.1\Include\um\ws2tcpip.h(454): error C4430: missing type specifier - int assumed. Note: C++ does not support default-int
     1>C:\Program Files (x86)\Windows Kits\8.1\Include\um\ws2tcpip.h(454): error C2086: 'int WINSOCK_API_LINKAGE' : redefinition
                 C:\Program Files (x86)\Windows Kits\8.1\Include\um\ws2tcpip.h(98) : see declaration of 'WINSOCK_API_LINKAGE'
     1>C:\Program Files (x86)\Windows Kits\8.1\Include\um\ws2tcpip.h(455): error C2146: syntax error : missing ';' before identifier 'getnameinfo'
     1>C:\Program Files (x86)\Windows Kits\8.1\Include\um\ws2tcpip.h(455): error C2086: 'INT WSAAPI' : redefinition
                 C:\Program Files (x86)\Windows Kits\8.1\Include\um\ws2tcpip.h(100) : see declaration of 'WSAAPI'
     1>C:\Program Files (x86)\Windows Kits\8.1\Include\um\ws2tcpip.h(463): error C4430: missing type specifier - int assumed. Note: C++ does not support default-int
     1>C:\Program Files (x86)\Windows Kits\8.1\Include\um\ws2tcpip.h(468): error C2146: syntax error : missing ';' before identifier 'INT'
     1>C:\Program Files (x86)\Windows Kits\8.1\Include\um\ws2tcpip.h(468): error C4430: missing type specifier - int assumed. Note: C++ does not support default-int
     1>C:\Program Files (x86)\Windows Kits\8.1\Include\um\ws2tcpip.h(468): error C2086: 'int WINSOCK_API_LINKAGE' : redefinition
                 C:\Program Files (x86)\Windows Kits\8.1\Include\um\ws2tcpip.h(98) : see declaration of 'WINSOCK_API_LINKAGE'
     1>C:\Program Files (x86)\Windows Kits\8.1\Include\um\ws2tcpip.h(469): error C2146: syntax error : missing ';' before identifier 'GetNameInfoW'
     1>C:\Program Files (x86)\Windows Kits\8.1\Include\um\ws2tcpip.h(469): error C2086: 'INT WSAAPI' : redefinition
                 C:\Program Files (x86)\Windows Kits\8.1\Include\um\ws2tcpip.h(100) : see declaration of 'WSAAPI'
     1>C:\Program Files (x86)\Windows Kits\8.1\Include\um\ws2tcpip.h(477): error C4430: missing type specifier - int assumed. Note: C++ does not support default-int
     1>C:\Program Files (x86)\Windows Kits\8.1\Include\um\ws2tcpip.h(526): error C2146: syntax error : missing ';' before identifier 'INT'
     1>C:\Program Files (x86)\Windows Kits\8.1\Include\um\ws2tcpip.h(526): fatal error C1003: error count exceeds 100; stopping compilation
         Generating Code...
     1>Done Building Project "C:\Users\AdamLab\Documents\GitHub\MoogLaptop\Adam\Adam\MoogDots -- Human Moog - Curve Screen55\src\MoogDots.vcxproj" (Build target(s)) -- FAILED.

Build FAILED.

Time Elapsed 00:00:04.31
