c:\users\adamlab\documents\github\mooglaptop\adam\adam\moogdots -- human moog - curve screen55\release\vc120.pdb
c:\users\adamlab\documents\github\mooglaptop\adam\adam\moogdots -- human moog - curve screen55\release\ovrtrackerchaperone.obj
c:\users\adamlab\documents\github\mooglaptop\adam\adam\moogdots -- human moog - curve screen55\release\ovrcamerafrustum.obj
c:\users\adamlab\documents\github\mooglaptop\adam\adam\moogdots -- human moog - curve screen55\release\opengl.obj
c:\users\adamlab\documents\github\mooglaptop\adam\adam\moogdots -- human moog - curve screen55\release\oculusvrdebug.obj
c:\users\adamlab\documents\github\mooglaptop\adam\adam\moogdots -- human moog - curve screen55\release\oculusvr.obj
c:\users\adamlab\documents\github\mooglaptop\adam\adam\moogdots -- human moog - curve screen55\release\math.obj
c:\users\adamlab\documents\github\mooglaptop\adam\adam\moogdots -- human moog - curve screen55\release\sdlovrconfig.obj
c:\users\adamlab\documents\github\mooglaptop\adam\adam\moogdots -- human moog - curve screen55\release\logger.obj
c:\users\adamlab\documents\github\mooglaptop\adam\adam\moogdots -- human moog - curve screen55\release\inputhandlers.obj
c:\users\adamlab\documents\github\mooglaptop\adam\adam\moogdots -- human moog - curve screen55\release\grid.obj
c:\users\adamlab\documents\github\mooglaptop\adam\adam\moogdots -- human moog - curve screen55\release\glwindow.obj
c:\users\adamlab\documents\github\mooglaptop\adam\adam\moogdots -- human moog - curve screen55\release\font.obj
c:\users\adamlab\documents\github\mooglaptop\adam\adam\moogdots -- human moog - curve screen55\release\cb_tools.obj
c:\users\adamlab\documents\github\mooglaptop\adam\adam\moogdots -- human moog - curve screen55\release\cameradirector.obj
c:\users\adamlab\documents\github\mooglaptop\adam\adam\moogdots -- human moog - curve screen55\release\camera.obj
c:\users\adamlab\documents\github\mooglaptop\adam\adam\moogdots -- human moog - curve screen55\release\application.obj
c:\users\adamlab\documents\github\mooglaptop\adam\adam\moogdots -- human moog - curve screen55\release\scriptfile.obj
c:\users\adamlab\documents\github\mooglaptop\adam\adam\moogdots -- human moog - curve screen55\release\utils.obj
c:\users\adamlab\documents\github\mooglaptop\adam\adam\moogdots -- human moog - curve screen55\release\texturemanager.obj
c:\users\adamlab\documents\github\mooglaptop\adam\adam\moogdots -- human moog - curve screen55\release\texture.obj
c:\users\adamlab\documents\github\mooglaptop\adam\adam\moogdots -- human moog - curve screen55\release\stdafx.obj
c:\users\adamlab\documents\github\mooglaptop\adam\adam\moogdots -- human moog - curve screen55\release\shadermanager.obj
c:\users\adamlab\documents\github\mooglaptop\adam\adam\moogdots -- human moog - curve screen55\release\rendercontext.obj
c:\users\adamlab\documents\github\mooglaptop\adam\adam\moogdots -- human moog - curve screen55\release\parameterlist.obj
c:\users\adamlab\documents\github\mooglaptop\adam\adam\moogdots -- human moog - curve screen55\release\moogdots.tlog\cl.command.1.tlog
c:\users\adamlab\documents\github\mooglaptop\adam\adam\moogdots -- human moog - curve screen55\release\moogdots.tlog\cl.read.1.tlog
c:\users\adamlab\documents\github\mooglaptop\adam\adam\moogdots -- human moog - curve screen55\release\moogdots.tlog\cl.write.1.tlog
