Build started 22/09/2016 21:33:42.
     1>Project "C:\Users\user\Desktop\RelaeseMoogDots\version2.0.0.4.3\MOOG_DOOTS_REALLOCATED_VER\wxMSW-2.6.3-1\wxWidgets-2.6.3\build\msw\wx_core.vcxproj" on node 2 (Build target(s)).
     1>CustomBuild:
         Creating ..\..\lib\vc_lib\msw\wx\msw\rcdefs.h
         Creating ..\..\lib\vc_lib\msw\wx\setup.h
         genrcdefs.h
                 1 file(s) copied.
       ClCompile:
         C:\Program Files (x86)\Microsoft Visual Studio 12.0\VC\bin\CL.exe /c /I..\..\lib\vc_lib\msw /I..\..\include /I..\..\src\tiff /I..\..\src\jpeg /I..\..\src\png /I..\..\src\zlib /I..\..\src\regex /I..\..\src\expat\lib /Zi /nologo /W4 /WX- /O2 /Oy- /D WIN32 /D _LIB /D __WXMSW__ /D wxUSE_BASE=0 /D _VC80_UPGRADE=0x0600 /GF /Gm- /EHsc /MD /GS /Gy /fp:precise /Zc:wchar_t /Zc:forScope /GR /Yc"wx/wxprec.h" /Fp"vc_msw\wxprec_corelib.pch" /Fo".\vc_msw\core\\" /Fd"..\..\lib\vc_lib\wxmsw26_core.pdb" /Gd /TP /analyze- /errorReport:prompt  /EHsc   /EHsc ..\..\src\msw\dummy.cpp
         dummy.cpp
         C:\Program Files (x86)\Microsoft Visual Studio 12.0\VC\bin\CL.exe /c /I..\..\lib\vc_lib\msw /I..\..\include /I..\..\src\tiff /I..\..\src\jpeg /I..\..\src\png /I..\..\src\zlib /I..\..\src\regex /I..\..\src\expat\lib /Zi /nologo /W4 /WX- /O2 /Oy- /D WIN32 /D _LIB /D __WXMSW__ /D wxUSE_BASE=0 /D _VC80_UPGRADE=0x0600 /GF /Gm- /EHsc /MD /GS /Gy /fp:precise /Zc:wchar_t /Zc:forScope /GR /Yu"wx/wxprec.h" /Fp"vc_msw\wxprec_corelib.pch" /Fo".\vc_msw\core\\" /Fd"..\..\lib\vc_lib\wxmsw26_core.pdb" /Gd /TP /analyze- /errorReport:prompt  /EHsc   /EHsc ..\..\src\common\accesscmn.cpp ..\..\src\common\appcmn.cpp ..\..\src\common\artprov.cpp ..\..\src\common\artstd.cpp ..\..\src\common\bmpbase.cpp ..\..\src\common\bookctrl.cpp ..\..\src\common\choiccmn.cpp ..\..\src\common\clipcmn.cpp ..\..\src\common\cmdproc.cpp ..\..\src\common\cmndata.cpp ..\..\src\common\containr.cpp ..\..\src\common\cshelp.cpp ..\..\src\common\ctrlcmn.cpp ..\..\src\common\ctrlsub.cpp ..\..\src\common\datacmn.cpp ..\..\src\common\dcbase.cpp ..\..\src\common\dlgcmn.cpp ..\..\src\common\dndcmn.cpp ..\..\src\common\dobjcmn.cpp ..\..\src\common\docmdi.cpp ..\..\src\common\docview.cpp ..\..\src\common\dpycmn.cpp ..\..\src\common\dseldlg.cpp ..\..\src\common\effects.cpp ..\..\src\common\event.cpp ..\..\src\common\fddlgcmn.cpp ..\..\src\common\fldlgcmn.cpp ..\..\src\common\fontcmn.cpp ..\..\src\common\fontmap.cpp ..\..\src\common\framecmn.cpp ..\..\src\common\fs_mem.cpp ..\..\src\common\gaugecmn.cpp ..\..\src\common\gbsizer.cpp ..\..\src\common\gdicmn.cpp ..\..\src\common\geometry.cpp ..\..\src\common\gifdecod.cpp ..\..\src\common\helpbase.cpp ..\..\src\common\iconbndl.cpp ..\..\src\common\imagall.cpp ..\..\src\common\imagbmp.cpp ..\..\src\common\image.cpp ..\..\src\common\imagfill.cpp ..\..\src\common\imaggif.cpp ..\..\src\common\imagiff.cpp ..\..\src\common\imagjpeg.cpp ..\..\src\common\imagpcx.cpp ..\..\src\common\imagpng.cpp ..\..\src\common\imagpnm.cpp ..\..\src\common\imagtiff.cpp ..\..\src\common\imagxpm.cpp ..\..\src\common\layout.cpp ..\..\src\common\lboxcmn.cpp ..\..\src\common\matrix.cpp ..\..\src\common\menucmn.cpp ..\..\src\common\msgout.cpp ..\..\src\common\nbkbase.cpp ..\..\src\common\paper.cpp ..\..\src\common\popupcmn.cpp ..\..\src\common\prntbase.cpp ..\..\src\common\quantize.cpp ..\..\src\common\radiocmn.cpp ..\..\src\common\rendcmn.cpp ..\..\src\common\rgncmn.cpp ..\..\src\common\settcmn.cpp ..\..\src\common\sizer.cpp ..\..\src\common\statbar.cpp ..\..\src\common\stockitem.cpp ..\..\src\common\tbarbase.cpp ..\..\src\common\textcmn.cpp ..\..\src\common\timercmn.cpp ..\..\src\common\toplvcmn.cpp ..\..\src\common\treebase.cpp ..\..\src\common\utilscmn.cpp ..\..\src\common\valgen.cpp ..\..\src\common\validate.cpp ..\..\src\common\valtext.cpp ..\..\src\common\wincmn.cpp ..\..\src\common\xpmdecod.cpp ..\..\src\generic\busyinfo.cpp ..\..\src\generic\choicbkg.cpp ..\..\src\generic\choicdgg.cpp ..\..\src\generic\dcpsg.cpp ..\..\src\generic\dirctrlg.cpp ..\..\src\generic\dragimgg.cpp ..\..\src\generic\listbkg.cpp ..\..\src\generic\logg.cpp ..\..\src\generic\numdlgg.cpp ..\..\src\generic\panelg.cpp ..\..\src\generic\printps.cpp ..\..\src\generic\prntdlgg.cpp ..\..\src\generic\progdlgg.cpp ..\..\src\generic\renderg.cpp ..\..\src\generic\scrlwing.cpp ..\..\src\generic\selstore.cpp ..\..\src\generic\spinctlg.cpp ..\..\src\generic\splitter.cpp ..\..\src\generic\statusbr.cpp ..\..\src\generic\textdlgg.cpp ..\..\src\generic\tipwin.cpp ..\..\src\generic\treectlg.cpp ..\..\src\generic\vlbox.cpp ..\..\src\generic\vscroll.cpp ..\..\src\msw\accel.cpp ..\..\src\msw\app.cpp ..\..\src\msw\bitmap.cpp ..\..\src\msw\bmpbuttn.cpp ..\..\src\msw\brush.cpp ..\..\src\msw\button.cpp ..\..\src\msw\caret.cpp ..\..\src\msw\checkbox.cpp ..\..\src\msw\checklst.cpp ..\..\src\msw\choice.cpp ..\..\src\msw\clipbrd.cpp ..\..\src\msw\colordlg.cpp ..\..\src\msw\colour.cpp ..\..\src\msw\combobox.cpp ..\..\src\msw\control.cpp ..\..\src\msw\cursor.cpp ..\..\src\msw\data.cpp ..\..\src\msw\dc.cpp ..\..\src\msw\dcclient.cpp ..\..\src\msw\dcmemory.cpp ..\..\src\msw\dcprint.cpp ..\..\src\msw\dcscreen.cpp ..\..\src\msw\dialog.cpp ..\..\src\msw\dialup.cpp ..\..\src\msw\dib.cpp ..\..\src\msw\dirdlg.cpp ..\..\src\msw\display.cpp ..\..\src\msw\dragimag.cpp ..\..\src\msw\enhmeta.cpp ..\..\src\msw\evtloop.cpp ..\..\src\msw\fdrepdlg.cpp ..\..\src\msw\filedlg.cpp ..\..\src\msw\font.cpp ..\..\src\msw\fontdlg.cpp ..\..\src\msw\fontenum.cpp ..\..\src\msw\fontutil.cpp ..\..\src\msw\frame.cpp ..\..\src\msw\gauge95.cpp ..\..\src\msw\gdiimage.cpp ..\..\src\msw\gdiobj.cpp ..\..\src\msw\gsockmsw.cpp ..\..\src\msw\helpchm.cpp ..\..\src\msw\helpwin.cpp ..\..\src\msw\icon.cpp ..\..\src\msw\imaglist.cpp ..\..\src\msw\iniconf.cpp ..\..\src\msw\listbox.cpp ..\..\src\msw\listctrl.cpp ..\..\src\msw\main.cpp ..\..\src\msw\mdi.cpp ..\..\src\msw\menu.cpp ..\..\src\msw\menuitem.cpp ..\..\src\msw\metafile.cpp ..\..\src\msw\minifram.cpp ..\..\src\msw\msgdlg.cpp ..\..\src\msw\mslu.cpp ..\..\src\msw\nativdlg.cpp ..\..\src\msw\notebook.cpp ..\..\src\msw\ole\access.cpp ..\..\src\msw\ole\automtn.cpp ..\..\src\msw\ole\dataobj.cpp ..\..\src\msw\ole\dropsrc.cpp ..\..\src\msw\ole\droptgt.cpp ..\..\src\msw\ole\oleutils.cpp ..\..\src\msw\ole\uuid.cpp ..\..\src\msw\ownerdrw.cpp ..\..\src\msw\palette.cpp ..\..\src\msw\pen.cpp ..\..\src\msw\popupwin.cpp ..\..\src\msw\printdlg.cpp ..\..\src\msw\printwin.cpp ..\..\src\msw\radiobox.cpp ..\..\src\msw\radiobut.cpp ..\..\src\msw\region.cpp ..\..\src\msw\renderer.cpp ..\..\src\msw\scrolbar.cpp ..\..\src\msw\settings.cpp ..\..\src\msw\slider95.cpp ..\..\src\msw\spinbutt.cpp ..\..\src\msw\spinctrl.cpp ..\..\src\msw\statbmp.cpp ..\..\src\msw\statbox.cpp ..\..\src\msw\statbr95.cpp ..\..\src\msw\statline.cpp ..\..\src\msw\stattext.cpp ..\..\src\msw\tabctrl.cpp ..\..\src\msw\tbar95.cpp ..\..\src\msw\textctrl.cpp ..\..\src\msw\tglbtn.cpp ..\..\src\msw\timer.cpp ..\..\src\msw\tooltip.cpp ..\..\src\msw\toplevel.cpp ..\..\src\msw\treectrl.cpp ..\..\src\msw\utilsgui.cpp ..\..\src\msw\uxtheme.cpp ..\..\src\msw\volume.cpp ..\..\src\msw\window.cpp
         accesscmn.cpp
         appcmn.cpp
         artprov.cpp
         artstd.cpp
         bmpbase.cpp
         bookctrl.cpp
         choiccmn.cpp
         clipcmn.cpp
         cmdproc.cpp
         cmndata.cpp
         containr.cpp
         cshelp.cpp
         ctrlcmn.cpp
         ctrlsub.cpp
         datacmn.cpp
         dcbase.cpp
         dlgcmn.cpp
         dndcmn.cpp
         dobjcmn.cpp
         docmdi.cpp
         Generating Code...
         Compiling...
         docview.cpp
     1>C:\Users\user\Desktop\RelaeseMoogDots\version2.0.0.4.3\MOOG_DOOTS_REALLOCATED_VER\wxMSW-2.6.3-1\wxWidgets-2.6.3\include\wx/confbase.h : warning C4819: The file contains a character that cannot be represented in the current code page (1255). Save the file in Unicode format to prevent data loss
         dpycmn.cpp
         dseldlg.cpp
         effects.cpp
         event.cpp
         fddlgcmn.cpp
         fldlgcmn.cpp
         fontcmn.cpp
         fontmap.cpp
     1>C:\Users\user\Desktop\RelaeseMoogDots\version2.0.0.4.3\MOOG_DOOTS_REALLOCATED_VER\wxMSW-2.6.3-1\wxWidgets-2.6.3\include\wx/confbase.h : warning C4819: The file contains a character that cannot be represented in the current code page (1255). Save the file in Unicode format to prevent data loss
         framecmn.cpp
         fs_mem.cpp
         gaugecmn.cpp
         gbsizer.cpp
         gdicmn.cpp
     1>..\..\src\common\gdicmn.cpp(17): warning C4603: 'XtDisplay' : macro is not defined or definition is different after precompiled header use
                 Add macro to precompiled header instead of defining here
                 ..\..\src\common\gdicmn.cpp(21) : use of precompiled header
         geometry.cpp
         gifdecod.cpp
         helpbase.cpp
         iconbndl.cpp
         imagall.cpp
         imagbmp.cpp
         Generating Code...
         Compiling...
         image.cpp
         imagfill.cpp
         imaggif.cpp
         imagiff.cpp
         imagjpeg.cpp
         imagpcx.cpp
         imagpng.cpp
         imagpnm.cpp
         imagtiff.cpp
         imagxpm.cpp
         layout.cpp
         lboxcmn.cpp
         matrix.cpp
         menucmn.cpp
         msgout.cpp
         nbkbase.cpp
         paper.cpp
         popupcmn.cpp
         prntbase.cpp
         quantize.cpp
         Generating Code...
         Compiling...
         radiocmn.cpp
         rendcmn.cpp
         rgncmn.cpp
         settcmn.cpp
         sizer.cpp
         statbar.cpp
         stockitem.cpp
         tbarbase.cpp
         textcmn.cpp
         timercmn.cpp
         toplvcmn.cpp
         treebase.cpp
         utilscmn.cpp
     1>C:\Users\user\Desktop\RelaeseMoogDots\version2.0.0.4.3\MOOG_DOOTS_REALLOCATED_VER\wxMSW-2.6.3-1\wxWidgets-2.6.3\include\wx/confbase.h : warning C4819: The file contains a character that cannot be represented in the current code page (1255). Save the file in Unicode format to prevent data loss
         valgen.cpp
         validate.cpp
         valtext.cpp
         wincmn.cpp
         xpmdecod.cpp
         busyinfo.cpp
         choicbkg.cpp
         Generating Code...
         Compiling...
         choicdgg.cpp
         dcpsg.cpp
     1>..\..\src\generic\dcpsg.cpp(1837): warning C4819: The file contains a character that cannot be represented in the current code page (1255). Save the file in Unicode format to prevent data loss
         dirctrlg.cpp
         dragimgg.cpp
         listbkg.cpp
         logg.cpp
         numdlgg.cpp
         panelg.cpp
         printps.cpp
         prntdlgg.cpp
         progdlgg.cpp
     1>..\..\src\generic\progdlgg.cpp : warning C4819: The file contains a character that cannot be represented in the current code page (1255). Save the file in Unicode format to prevent data loss
     1>C:\Users\user\Desktop\RelaeseMoogDots\version2.0.0.4.3\MOOG_DOOTS_REALLOCATED_VER\wxMSW-2.6.3-1\wxWidgets-2.6.3\include\wx/generic/progdlgg.h : warning C4819: The file contains a character that cannot be represented in the current code page (1255). Save the file in Unicode format to prevent data loss
         renderg.cpp
         scrlwing.cpp
     1>..\..\src\generic\scrlwing.cpp(26): warning C4603: 'XtDisplay' : macro is not defined or definition is different after precompiled header use
                 Add macro to precompiled header instead of defining here
                 ..\..\src\generic\scrlwing.cpp(30) : use of precompiled header
         selstore.cpp
         spinctlg.cpp
         splitter.cpp
         statusbr.cpp
         textdlgg.cpp
         tipwin.cpp
         treectlg.cpp
         Generating Code...
         Compiling...
         vlbox.cpp
         vscroll.cpp
         accel.cpp
         app.cpp
         bitmap.cpp
         bmpbuttn.cpp
         brush.cpp
         button.cpp
         caret.cpp
         checkbox.cpp
         checklst.cpp
         choice.cpp
         clipbrd.cpp
         colordlg.cpp
         colour.cpp
         combobox.cpp
         control.cpp
         cursor.cpp
         data.cpp
         dc.cpp
         Generating Code...
         Compiling...
         dcclient.cpp
         dcmemory.cpp
         dcprint.cpp
         dcscreen.cpp
         dialog.cpp
         dialup.cpp
         dib.cpp
         dirdlg.cpp
         display.cpp
         dragimag.cpp
         enhmeta.cpp
         evtloop.cpp
         fdrepdlg.cpp
         filedlg.cpp
         font.cpp
         fontdlg.cpp
         fontenum.cpp
         fontutil.cpp
         frame.cpp
         gauge95.cpp
         Generating Code...
         Compiling...
         gdiimage.cpp
         gdiobj.cpp
         gsockmsw.cpp
         helpchm.cpp
         helpwin.cpp
         icon.cpp
         imaglist.cpp
         iniconf.cpp
     1>C:\Users\user\Desktop\RelaeseMoogDots\version2.0.0.4.3\MOOG_DOOTS_REALLOCATED_VER\wxMSW-2.6.3-1\wxWidgets-2.6.3\include\wx/confbase.h : warning C4819: The file contains a character that cannot be represented in the current code page (1255). Save the file in Unicode format to prevent data loss
         listbox.cpp
         listctrl.cpp
         main.cpp
         mdi.cpp
         menu.cpp
         menuitem.cpp
         metafile.cpp
         minifram.cpp
         msgdlg.cpp
         mslu.cpp
         nativdlg.cpp
         notebook.cpp
         Generating Code...
         Compiling...
         access.cpp
         automtn.cpp
         dataobj.cpp
         dropsrc.cpp
         droptgt.cpp
         oleutils.cpp
         uuid.cpp
         ownerdrw.cpp
         palette.cpp
         pen.cpp
         popupwin.cpp
         printdlg.cpp
         printwin.cpp
         radiobox.cpp
         radiobut.cpp
         region.cpp
         renderer.cpp
         scrolbar.cpp
         settings.cpp
         slider95.cpp
         Generating Code...
         Compiling...
         spinbutt.cpp
         spinctrl.cpp
         statbmp.cpp
         statbox.cpp
         statbr95.cpp
         statline.cpp
         stattext.cpp
         tabctrl.cpp
         tbar95.cpp
         textctrl.cpp
         tglbtn.cpp
         timer.cpp
         tooltip.cpp
         toplevel.cpp
         treectrl.cpp
         utilsgui.cpp
         uxtheme.cpp
         volume.cpp
         window.cpp
         Generating Code...
     1>C:\Program Files (x86)\MSBuild\Microsoft.Cpp\v4.0\V120\Microsoft.CppBuild.targets(1361,5): warning MSB8012: TargetPath(C:\Users\user\Desktop\RelaeseMoogDots\version2.0.0.4.3\MOOG_DOOTS_REALLOCATED_VER\wxMSW-2.6.3-1\wxWidgets-2.6.3\build\msw\.\..\..\lib\vc_lib\core.lib) does not match the Library's OutputFile property value (C:\Users\user\Desktop\RelaeseMoogDots\version2.0.0.4.3\MOOG_DOOTS_REALLOCATED_VER\wxMSW-2.6.3-1\wxWidgets-2.6.3\lib\vc_lib\wxmsw26_core.lib). This may cause your project to build incorrectly. To correct this, please make sure that $(OutDir), $(TargetName) and $(TargetExt) property values match the value specified in %(Lib.OutputFile).
     1>C:\Program Files (x86)\MSBuild\Microsoft.Cpp\v4.0\V120\Microsoft.CppBuild.targets(1363,5): warning MSB8012: TargetName(core) does not match the Library's OutputFile property value (wxmsw26_core). This may cause your project to build incorrectly. To correct this, please make sure that $(OutDir), $(TargetName) and $(TargetExt) property values match the value specified in %(Lib.OutputFile).
       Lib:
         C:\Program Files (x86)\Microsoft Visual Studio 12.0\VC\bin\Lib.exe /OUT:"..\..\lib\vc_lib\wxmsw26_core.lib" /NOLOGO .\vc_msw\core\accesscmn.obj
         .\vc_msw\core\appcmn.obj
         .\vc_msw\core\artprov.obj
         .\vc_msw\core\artstd.obj
         .\vc_msw\core\bmpbase.obj
         .\vc_msw\core\bookctrl.obj
         .\vc_msw\core\choiccmn.obj
         .\vc_msw\core\clipcmn.obj
         .\vc_msw\core\cmdproc.obj
         .\vc_msw\core\cmndata.obj
         .\vc_msw\core\containr.obj
         .\vc_msw\core\cshelp.obj
         .\vc_msw\core\ctrlcmn.obj
         .\vc_msw\core\ctrlsub.obj
         .\vc_msw\core\datacmn.obj
         .\vc_msw\core\dcbase.obj
         .\vc_msw\core\dlgcmn.obj
         .\vc_msw\core\dndcmn.obj
         .\vc_msw\core\dobjcmn.obj
         .\vc_msw\core\docmdi.obj
         .\vc_msw\core\docview.obj
         .\vc_msw\core\dpycmn.obj
         .\vc_msw\core\dseldlg.obj
         .\vc_msw\core\effects.obj
         .\vc_msw\core\event.obj
         .\vc_msw\core\fddlgcmn.obj
         .\vc_msw\core\fldlgcmn.obj
         .\vc_msw\core\fontcmn.obj
         .\vc_msw\core\fontmap.obj
         .\vc_msw\core\framecmn.obj
         .\vc_msw\core\fs_mem.obj
         .\vc_msw\core\gaugecmn.obj
         .\vc_msw\core\gbsizer.obj
         .\vc_msw\core\gdicmn.obj
         .\vc_msw\core\geometry.obj
         .\vc_msw\core\gifdecod.obj
         .\vc_msw\core\helpbase.obj
         .\vc_msw\core\iconbndl.obj
         .\vc_msw\core\imagall.obj
         .\vc_msw\core\imagbmp.obj
         .\vc_msw\core\image.obj
         .\vc_msw\core\imagfill.obj
         .\vc_msw\core\imaggif.obj
         .\vc_msw\core\imagiff.obj
         .\vc_msw\core\imagjpeg.obj
         .\vc_msw\core\imagpcx.obj
         .\vc_msw\core\imagpng.obj
         .\vc_msw\core\imagpnm.obj
         .\vc_msw\core\imagtiff.obj
         .\vc_msw\core\imagxpm.obj
         .\vc_msw\core\layout.obj
         .\vc_msw\core\lboxcmn.obj
         .\vc_msw\core\matrix.obj
         .\vc_msw\core\menucmn.obj
         .\vc_msw\core\msgout.obj
         .\vc_msw\core\nbkbase.obj
         .\vc_msw\core\paper.obj
         .\vc_msw\core\popupcmn.obj
         .\vc_msw\core\prntbase.obj
         .\vc_msw\core\quantize.obj
         .\vc_msw\core\radiocmn.obj
         .\vc_msw\core\rendcmn.obj
         .\vc_msw\core\rgncmn.obj
         .\vc_msw\core\settcmn.obj
         .\vc_msw\core\sizer.obj
         .\vc_msw\core\statbar.obj
         .\vc_msw\core\stockitem.obj
         .\vc_msw\core\tbarbase.obj
         .\vc_msw\core\textcmn.obj
         .\vc_msw\core\timercmn.obj
         .\vc_msw\core\toplvcmn.obj
         .\vc_msw\core\treebase.obj
         .\vc_msw\core\utilscmn.obj
         .\vc_msw\core\valgen.obj
         .\vc_msw\core\validate.obj
         .\vc_msw\core\valtext.obj
         .\vc_msw\core\wincmn.obj
         .\vc_msw\core\xpmdecod.obj
         .\vc_msw\core\busyinfo.obj
         .\vc_msw\core\choicbkg.obj
         .\vc_msw\core\choicdgg.obj
         .\vc_msw\core\dcpsg.obj
         .\vc_msw\core\dirctrlg.obj
         .\vc_msw\core\dragimgg.obj
         .\vc_msw\core\listbkg.obj
         .\vc_msw\core\logg.obj
         .\vc_msw\core\numdlgg.obj
         .\vc_msw\core\panelg.obj
         .\vc_msw\core\printps.obj
         .\vc_msw\core\prntdlgg.obj
         .\vc_msw\core\progdlgg.obj
         .\vc_msw\core\renderg.obj
         .\vc_msw\core\scrlwing.obj
         .\vc_msw\core\selstore.obj
         .\vc_msw\core\spinctlg.obj
         .\vc_msw\core\splitter.obj
         .\vc_msw\core\statusbr.obj
         .\vc_msw\core\textdlgg.obj
         .\vc_msw\core\tipwin.obj
         .\vc_msw\core\treectlg.obj
         .\vc_msw\core\vlbox.obj
         .\vc_msw\core\vscroll.obj
         .\vc_msw\core\accel.obj
         .\vc_msw\core\app.obj
         .\vc_msw\core\bitmap.obj
         .\vc_msw\core\bmpbuttn.obj
         .\vc_msw\core\brush.obj
         .\vc_msw\core\button.obj
         .\vc_msw\core\caret.obj
         .\vc_msw\core\checkbox.obj
         .\vc_msw\core\checklst.obj
         .\vc_msw\core\choice.obj
         .\vc_msw\core\clipbrd.obj
         .\vc_msw\core\colordlg.obj
         .\vc_msw\core\colour.obj
         .\vc_msw\core\combobox.obj
         .\vc_msw\core\control.obj
         .\vc_msw\core\cursor.obj
         .\vc_msw\core\data.obj
         .\vc_msw\core\dc.obj
         .\vc_msw\core\dcclient.obj
         .\vc_msw\core\dcmemory.obj
         .\vc_msw\core\dcprint.obj
         .\vc_msw\core\dcscreen.obj
         .\vc_msw\core\dialog.obj
         .\vc_msw\core\dialup.obj
         .\vc_msw\core\dib.obj
         .\vc_msw\core\dirdlg.obj
         .\vc_msw\core\display.obj
         .\vc_msw\core\dragimag.obj
         .\vc_msw\core\dummy.obj
         .\vc_msw\core\enhmeta.obj
         .\vc_msw\core\evtloop.obj
         .\vc_msw\core\fdrepdlg.obj
         .\vc_msw\core\filedlg.obj
         .\vc_msw\core\font.obj
         .\vc_msw\core\fontdlg.obj
         .\vc_msw\core\fontenum.obj
         .\vc_msw\core\fontutil.obj
         .\vc_msw\core\frame.obj
         .\vc_msw\core\gauge95.obj
         .\vc_msw\core\gdiimage.obj
         .\vc_msw\core\gdiobj.obj
         .\vc_msw\core\gsockmsw.obj
         .\vc_msw\core\helpchm.obj
         .\vc_msw\core\helpwin.obj
         .\vc_msw\core\icon.obj
         .\vc_msw\core\imaglist.obj
         .\vc_msw\core\iniconf.obj
         .\vc_msw\core\listbox.obj
         .\vc_msw\core\listctrl.obj
         .\vc_msw\core\main.obj
         .\vc_msw\core\mdi.obj
         .\vc_msw\core\menu.obj
         .\vc_msw\core\menuitem.obj
         .\vc_msw\core\metafile.obj
         .\vc_msw\core\minifram.obj
         .\vc_msw\core\msgdlg.obj
         .\vc_msw\core\mslu.obj
         .\vc_msw\core\nativdlg.obj
         .\vc_msw\core\notebook.obj
         .\vc_msw\core\access.obj
         .\vc_msw\core\automtn.obj
         .\vc_msw\core\dataobj.obj
         .\vc_msw\core\dropsrc.obj
         .\vc_msw\core\droptgt.obj
         .\vc_msw\core\oleutils.obj
         .\vc_msw\core\uuid.obj
         .\vc_msw\core\ownerdrw.obj
         .\vc_msw\core\palette.obj
         .\vc_msw\core\pen.obj
         .\vc_msw\core\popupwin.obj
         .\vc_msw\core\printdlg.obj
         .\vc_msw\core\printwin.obj
         .\vc_msw\core\radiobox.obj
         .\vc_msw\core\radiobut.obj
         .\vc_msw\core\region.obj
         .\vc_msw\core\renderer.obj
         .\vc_msw\core\scrolbar.obj
         .\vc_msw\core\settings.obj
         .\vc_msw\core\slider95.obj
         .\vc_msw\core\spinbutt.obj
         .\vc_msw\core\spinctrl.obj
         .\vc_msw\core\statbmp.obj
         .\vc_msw\core\statbox.obj
         .\vc_msw\core\statbr95.obj
         .\vc_msw\core\statline.obj
         .\vc_msw\core\stattext.obj
         .\vc_msw\core\tabctrl.obj
         .\vc_msw\core\tbar95.obj
         .\vc_msw\core\textctrl.obj
         .\vc_msw\core\tglbtn.obj
         .\vc_msw\core\timer.obj
         .\vc_msw\core\tooltip.obj
         .\vc_msw\core\toplevel.obj
         .\vc_msw\core\treectrl.obj
         .\vc_msw\core\utilsgui.obj
         .\vc_msw\core\uxtheme.obj
         .\vc_msw\core\volume.obj
         .\vc_msw\core\window.obj
         wx_core.vcxproj -> C:\Users\user\Desktop\RelaeseMoogDots\version2.0.0.4.3\MOOG_DOOTS_REALLOCATED_VER\wxMSW-2.6.3-1\wxWidgets-2.6.3\build\msw\.\..\..\lib\vc_lib\core.lib
     1>Done Building Project "C:\Users\user\Desktop\RelaeseMoogDots\version2.0.0.4.3\MOOG_DOOTS_REALLOCATED_VER\wxMSW-2.6.3-1\wxWidgets-2.6.3\build\msw\wx_core.vcxproj" (Build target(s)).

Build succeeded.

Time Elapsed 00:00:16.81
