Build started 25/05/2015 15:05:13.
     1>Project "C:\Users\robocup\Desktop\290425015\wxMSW-2.6.3-1\wxWidgets-2.6.3\build\msw\wx_base.vcxproj" on node 2 (Rebuild target(s)).
     1>CustomBuild:
         Creating ..\..\lib\vc_lib\mswd\wx\msw\rcdefs.h
         The process cannot access the file because it is being used by another process.
         Creating ..\..\lib\vc_lib\mswd\wx\setup.h
                 1 file(s) copied.
       ClCompile:
         C:\Program Files (x86)\Microsoft Visual Studio 12.0\VC\bin\CL.exe /c /I..\..\lib\vc_lib\mswd /I..\..\include /I..\..\src\tiff /I..\..\src\jpeg /I..\..\src\png /I..\..\src\zlib /I..\..\src\regex /I..\..\src\expat\lib /Zi /nologo /W4 /WX- /Od /Oy- /D WIN32 /D _LIB /D _DEBUG /D __WXMSW__ /D __WXDEBUG__ /D wxUSE_GUI=0 /D wxUSE_BASE=1 /D _VC80_UPGRADE=0x0600 /Gm /EHsc /RTC1 /MDd /GS /Gy- /fp:precise /Zc:wchar_t /Zc:forScope /GR /Yc"wx/wxprec.h" /Fp"vc_mswd\wxprec_baselib.pch" /Fo".\vc_mswd\base\\" /Fd"..\..\lib\vc_lib\wxbase26d.pdb" /Gd /TP /analyze- /errorReport:prompt  /EHsc   /EHsc ..\..\src\msw\dummy.cpp
         dummy.cpp
         C:\Program Files (x86)\Microsoft Visual Studio 12.0\VC\bin\CL.exe /c /I..\..\lib\vc_lib\mswd /I..\..\include /I..\..\src\tiff /I..\..\src\jpeg /I..\..\src\png /I..\..\src\zlib /I..\..\src\regex /I..\..\src\expat\lib /Zi /nologo /W4 /WX- /Od /Oy- /D WIN32 /D _LIB /D _DEBUG /D __WXMSW__ /D __WXDEBUG__ /D wxUSE_GUI=0 /D wxUSE_BASE=1 /D _VC80_UPGRADE=0x0600 /Gm /EHsc /RTC1 /MDd /GS /Gy- /fp:precise /Zc:wchar_t /Zc:forScope /GR /Yu"wx/wxprec.h" /Fp"vc_mswd\wxprec_baselib.pch" /Fo".\vc_mswd\base\\" /Fd"..\..\lib\vc_lib\wxbase26d.pdb" /Gd /TP /analyze- /errorReport:prompt  /EHsc   /EHsc ..\..\src\common\appbase.cpp ..\..\src\common\archive.cpp ..\..\src\common\clntdata.cpp ..\..\src\common\cmdline.cpp ..\..\src\common\config.cpp ..\..\src\common\datetime.cpp ..\..\src\common\datstrm.cpp ..\..\src\common\dircmn.cpp ..\..\src\common\dynarray.cpp ..\..\src\common\dynlib.cpp ..\..\src\common\dynload.cpp ..\..\src\common\encconv.cpp ..\..\src\common\event.cpp ..\..\src\common\ffile.cpp ..\..\src\common\file.cpp ..\..\src\common\fileconf.cpp ..\..\src\common\filefn.cpp ..\..\src\common\filename.cpp ..\..\src\common\filesys.cpp ..\..\src\common\fmapbase.cpp ..\..\src\common\fs_mem.cpp ..\..\src\common\fs_zip.cpp ..\..\src\common\hash.cpp ..\..\src\common\hashmap.cpp ..\..\src\common\init.cpp ..\..\src\common\intl.cpp ..\..\src\common\ipcbase.cpp ..\..\src\common\list.cpp ..\..\src\common\log.cpp ..\..\src\common\longlong.cpp ..\..\src\common\memory.cpp ..\..\src\common\mimecmn.cpp ..\..\src\common\module.cpp ..\..\src\common\msgout.cpp ..\..\src\common\mstream.cpp ..\..\src\common\object.cpp ..\..\src\common\process.cpp ..\..\src\common\regex.cpp ..\..\src\common\sstream.cpp ..\..\src\common\stdpbase.cpp ..\..\src\common\stopwatch.cpp ..\..\src\common\strconv.cpp ..\..\src\common\stream.cpp ..\..\src\common\string.cpp ..\..\src\common\sysopt.cpp ..\..\src\common\textbuf.cpp ..\..\src\common\textfile.cpp ..\..\src\common\tokenzr.cpp ..\..\src\common\txtstrm.cpp ..\..\src\common\uri.cpp ..\..\src\common\utilscmn.cpp ..\..\src\common\variant.cpp ..\..\src\common\wfstream.cpp ..\..\src\common\wxchar.cpp ..\..\src\common\xti.cpp ..\..\src\common\xtistrm.cpp ..\..\src\common\zipstrm.cpp ..\..\src\common\zstream.cpp ..\..\src\msw\basemsw.cpp ..\..\src\msw\crashrpt.cpp ..\..\src\msw\dde.cpp ..\..\src\msw\debughlp.cpp ..\..\src\msw\dir.cpp ..\..\src\msw\dlmsw.cpp ..\..\src\msw\main.cpp ..\..\src\msw\mimetype.cpp ..\..\src\msw\mslu.cpp ..\..\src\msw\regconf.cpp ..\..\src\msw\registry.cpp ..\..\src\msw\snglinst.cpp ..\..\src\msw\stackwalk.cpp ..\..\src\msw\stdpaths.cpp ..\..\src\msw\thread.cpp ..\..\src\msw\utils.cpp ..\..\src\msw\utilsexc.cpp ..\..\src\msw\volume.cpp
         volume.cpp
         utilsexc.cpp
         utils.cpp
     1>C:\Users\robocup\Desktop\290425015\wxMSW-2.6.3-1\wxWidgets-2.6.3\include\wx/confbase.h : warning C4819: The file contains a character that cannot be represented in the current code page (1255). Save the file in Unicode format to prevent data loss
     1>..\..\src\msw\utils.cpp(1068): warning C4996: 'GetVersionExA': was declared deprecated
                 C:\Program Files (x86)\Windows Kits\8.1\Include\um\sysinfoapi.h(433) : see declaration of 'GetVersionExA'
     1>..\..\src\msw\utils.cpp(1175): warning C4996: 'GetVersionExA': was declared deprecated
                 C:\Program Files (x86)\Windows Kits\8.1\Include\um\sysinfoapi.h(433) : see declaration of 'GetVersionExA'
         thread.cpp
         stdpaths.cpp
         stackwalk.cpp
         snglinst.cpp
         registry.cpp
         regconf.cpp
     1>C:\Users\robocup\Desktop\290425015\wxMSW-2.6.3-1\wxWidgets-2.6.3\include\wx/confbase.h : warning C4819: The file contains a character that cannot be represented in the current code page (1255). Save the file in Unicode format to prevent data loss
         mslu.cpp
         mimetype.cpp
     1>C:\Users\robocup\Desktop\290425015\wxMSW-2.6.3-1\wxWidgets-2.6.3\include\wx/confbase.h : warning C4819: The file contains a character that cannot be represented in the current code page (1255). Save the file in Unicode format to prevent data loss
         main.cpp
     1>..\..\src\msw\main.cpp(212): warning C4535: calling _set_se_translator() requires /EHa
         dlmsw.cpp
         dir.cpp
         debughlp.cpp
         dde.cpp
         crashrpt.cpp
         basemsw.cpp
         zstream.cpp
         zipstrm.cpp
         Generating Code...
         Compiling...
         xtistrm.cpp
         xti.cpp
         wxchar.cpp
         wfstream.cpp
         variant.cpp
         utilscmn.cpp
     1>C:\Users\robocup\Desktop\290425015\wxMSW-2.6.3-1\wxWidgets-2.6.3\include\wx/confbase.h : warning C4819: The file contains a character that cannot be represented in the current code page (1255). Save the file in Unicode format to prevent data loss
         uri.cpp
         txtstrm.cpp
         tokenzr.cpp
         textfile.cpp
         textbuf.cpp
         sysopt.cpp
         string.cpp
         stream.cpp
         strconv.cpp
         stopwatch.cpp
         stdpbase.cpp
         sstream.cpp
         regex.cpp
     1>..\..\src\common\regex.cpp : warning C4819: The file contains a character that cannot be represented in the current code page (1255). Save the file in Unicode format to prevent data loss
     1>C:\Users\robocup\Desktop\290425015\wxMSW-2.6.3-1\wxWidgets-2.6.3\include\wx/regex.h : warning C4819: The file contains a character that cannot be represented in the current code page (1255). Save the file in Unicode format to prevent data loss
         process.cpp
         Generating Code...
         Compiling...
         object.cpp
         mstream.cpp
         msgout.cpp
         module.cpp
         mimecmn.cpp
     1>C:\Users\robocup\Desktop\290425015\wxMSW-2.6.3-1\wxWidgets-2.6.3\include\wx/confbase.h : warning C4819: The file contains a character that cannot be represented in the current code page (1255). Save the file in Unicode format to prevent data loss
         memory.cpp
         longlong.cpp
         log.cpp
         list.cpp
         ipcbase.cpp
         intl.cpp
     1>..\..\src\common\intl.cpp(34): warning C4603: '__INTERNAL_DEFS' : macro is not defined or definition is different after precompiled header use
                 Add macro to precompiled header instead of defining here
                 ..\..\src\common\intl.cpp(38) : use of precompiled header
         init.cpp
         hashmap.cpp
         hash.cpp
         fs_zip.cpp
         fs_mem.cpp
         fmapbase.cpp
     1>C:\Users\robocup\Desktop\290425015\wxMSW-2.6.3-1\wxWidgets-2.6.3\include\wx/confbase.h : warning C4819: The file contains a character that cannot be represented in the current code page (1255). Save the file in Unicode format to prevent data loss
     1>C:\Users\robocup\Desktop\290425015\wxMSW-2.6.3-1\wxWidgets-2.6.3\include\wx/fileconf.h : warning C4819: The file contains a character that cannot be represented in the current code page (1255). Save the file in Unicode format to prevent data loss
         filesys.cpp
         filename.cpp
     1>C:\Users\robocup\Desktop\290425015\wxMSW-2.6.3-1\wxWidgets-2.6.3\include\wx/confbase.h : warning C4819: The file contains a character that cannot be represented in the current code page (1255). Save the file in Unicode format to prevent data loss
         filefn.cpp
     1>..\..\src\common\filefn.cpp(1977): warning C4996: 'fileno': The POSIX name for this item is deprecated. Instead, use the ISO C++ conformant name: _fileno. See online help for details.
                 C:\Program Files (x86)\Microsoft Visual Studio 12.0\VC\include\stdio.h(718) : see declaration of 'fileno'
         Generating Code...
         Compiling...
         fileconf.cpp
     1>..\..\src\common\fileconf.cpp : warning C4819: The file contains a character that cannot be represented in the current code page (1255). Save the file in Unicode format to prevent data loss
     1>C:\Users\robocup\Desktop\290425015\wxMSW-2.6.3-1\wxWidgets-2.6.3\include\wx/confbase.h : warning C4819: The file contains a character that cannot be represented in the current code page (1255). Save the file in Unicode format to prevent data loss
     1>C:\Users\robocup\Desktop\290425015\wxMSW-2.6.3-1\wxWidgets-2.6.3\include\wx/fileconf.h : warning C4819: The file contains a character that cannot be represented in the current code page (1255). Save the file in Unicode format to prevent data loss
         file.cpp
         ffile.cpp
         event.cpp
         encconv.cpp
         dynload.cpp
         dynlib.cpp
         dynarray.cpp
         dircmn.cpp
         datstrm.cpp
         datetime.cpp
         config.cpp
     1>..\..\src\common\config.cpp : warning C4819: The file contains a character that cannot be represented in the current code page (1255). Save the file in Unicode format to prevent data loss
     1>C:\Users\robocup\Desktop\290425015\wxMSW-2.6.3-1\wxWidgets-2.6.3\include\wx/confbase.h : warning C4819: The file contains a character that cannot be represented in the current code page (1255). Save the file in Unicode format to prevent data loss
         cmdline.cpp
         clntdata.cpp
         archive.cpp
         appbase.cpp
     1>C:\Users\robocup\Desktop\290425015\wxMSW-2.6.3-1\wxWidgets-2.6.3\include\wx/confbase.h : warning C4819: The file contains a character that cannot be represented in the current code page (1255). Save the file in Unicode format to prevent data loss
         Generating Code...
         C:\Program Files (x86)\Microsoft Visual Studio 12.0\VC\bin\CL.exe /c /I..\..\lib\vc_lib\mswd /I..\..\include /I..\..\src\tiff /I..\..\src\jpeg /I..\..\src\png /I..\..\src\zlib /I..\..\src\regex /I..\..\src\expat\lib /Zi /nologo /W4 /WX- /Od /Oy- /D WIN32 /D _LIB /D _DEBUG /D __WXMSW__ /D __WXDEBUG__ /D wxUSE_GUI=0 /D wxUSE_BASE=1 /D _VC80_UPGRADE=0x0600 /Gm /EHsc /RTC1 /MDd /GS /Gy- /fp:precise /Zc:wchar_t /Zc:forScope /GR /Fo".\vc_mswd\base\\" /Fd"..\..\lib\vc_lib\wxbase26d.pdb" /Gd /TC /analyze- /errorReport:prompt  /EHsc   /EHsc ..\..\src\common\extended.c
         extended.c
     1>C:\Program Files (x86)\MSBuild\Microsoft.Cpp\v4.0\V120\Microsoft.CppBuild.targets(1361,5): warning MSB8012: TargetPath(C:\Users\robocup\Desktop\290425015\wxMSW-2.6.3-1\wxWidgets-2.6.3\build\msw\.\..\..\lib\vc_lib\base.lib) does not match the Library's OutputFile property value (C:\Users\robocup\Desktop\290425015\wxMSW-2.6.3-1\wxWidgets-2.6.3\lib\vc_lib\wxbase26d.lib). This may cause your project to build incorrectly. To correct this, please make sure that $(OutDir), $(TargetName) and $(TargetExt) property values match the value specified in %(Lib.OutputFile).
     1>C:\Program Files (x86)\MSBuild\Microsoft.Cpp\v4.0\V120\Microsoft.CppBuild.targets(1363,5): warning MSB8012: TargetName(base) does not match the Library's OutputFile property value (wxbase26d). This may cause your project to build incorrectly. To correct this, please make sure that $(OutDir), $(TargetName) and $(TargetExt) property values match the value specified in %(Lib.OutputFile).
       Lib:
         C:\Program Files (x86)\Microsoft Visual Studio 12.0\VC\bin\Lib.exe /OUT:"..\..\lib\vc_lib\wxbase26d.lib" /NOLOGO .\vc_mswd\base\appbase.obj
         .\vc_mswd\base\archive.obj
         .\vc_mswd\base\clntdata.obj
         .\vc_mswd\base\cmdline.obj
         .\vc_mswd\base\config.obj
         .\vc_mswd\base\datetime.obj
         .\vc_mswd\base\datstrm.obj
         .\vc_mswd\base\dircmn.obj
         .\vc_mswd\base\dynarray.obj
         .\vc_mswd\base\dynlib.obj
         .\vc_mswd\base\dynload.obj
         .\vc_mswd\base\encconv.obj
         .\vc_mswd\base\event.obj
         .\vc_mswd\base\extended.obj
         .\vc_mswd\base\ffile.obj
         .\vc_mswd\base\file.obj
         .\vc_mswd\base\fileconf.obj
         .\vc_mswd\base\filefn.obj
         .\vc_mswd\base\filename.obj
         .\vc_mswd\base\filesys.obj
         .\vc_mswd\base\fmapbase.obj
         .\vc_mswd\base\fs_mem.obj
         .\vc_mswd\base\fs_zip.obj
         .\vc_mswd\base\hash.obj
         .\vc_mswd\base\hashmap.obj
         .\vc_mswd\base\init.obj
         .\vc_mswd\base\intl.obj
         .\vc_mswd\base\ipcbase.obj
         .\vc_mswd\base\list.obj
         .\vc_mswd\base\log.obj
         .\vc_mswd\base\longlong.obj
         .\vc_mswd\base\memory.obj
         .\vc_mswd\base\mimecmn.obj
         .\vc_mswd\base\module.obj
         .\vc_mswd\base\msgout.obj
         .\vc_mswd\base\mstream.obj
         .\vc_mswd\base\object.obj
         .\vc_mswd\base\process.obj
         .\vc_mswd\base\regex.obj
         .\vc_mswd\base\sstream.obj
         .\vc_mswd\base\stdpbase.obj
         .\vc_mswd\base\stopwatch.obj
         .\vc_mswd\base\strconv.obj
         .\vc_mswd\base\stream.obj
         .\vc_mswd\base\string.obj
         .\vc_mswd\base\sysopt.obj
         .\vc_mswd\base\textbuf.obj
         .\vc_mswd\base\textfile.obj
         .\vc_mswd\base\tokenzr.obj
         .\vc_mswd\base\txtstrm.obj
         .\vc_mswd\base\uri.obj
         .\vc_mswd\base\utilscmn.obj
         .\vc_mswd\base\variant.obj
         .\vc_mswd\base\wfstream.obj
         .\vc_mswd\base\wxchar.obj
         .\vc_mswd\base\xti.obj
         .\vc_mswd\base\xtistrm.obj
         .\vc_mswd\base\zipstrm.obj
         .\vc_mswd\base\zstream.obj
         .\vc_mswd\base\basemsw.obj
         .\vc_mswd\base\crashrpt.obj
         .\vc_mswd\base\dde.obj
         .\vc_mswd\base\debughlp.obj
         .\vc_mswd\base\dir.obj
         .\vc_mswd\base\dlmsw.obj
         .\vc_mswd\base\dummy.obj
         .\vc_mswd\base\main.obj
         .\vc_mswd\base\mimetype.obj
         .\vc_mswd\base\mslu.obj
         .\vc_mswd\base\regconf.obj
         .\vc_mswd\base\registry.obj
         .\vc_mswd\base\snglinst.obj
         .\vc_mswd\base\stackwalk.obj
         .\vc_mswd\base\stdpaths.obj
         .\vc_mswd\base\thread.obj
         .\vc_mswd\base\utils.obj
         .\vc_mswd\base\utilsexc.obj
         .\vc_mswd\base\volume.obj
         wx_base.vcxproj -> C:\Users\robocup\Desktop\290425015\wxMSW-2.6.3-1\wxWidgets-2.6.3\build\msw\.\..\..\lib\vc_lib\base.lib
     1>Done Building Project "C:\Users\robocup\Desktop\290425015\wxMSW-2.6.3-1\wxWidgets-2.6.3\build\msw\wx_base.vcxproj" (Rebuild target(s)).

Build succeeded.

Time Elapsed 00:00:39.93
