Build started 25/05/2015 15:06:27.
     1>Project "C:\Users\robocup\Desktop\290425015\wxMSW-2.6.3-1\wxWidgets-2.6.3\build\msw\wx_xrc.vcxproj" on node 2 (Rebuild target(s)).
     1>CustomBuild:
         Creating ..\..\lib\vc_lib\mswd\wx\msw\rcdefs.h
         genrcdefs.h
         Creating ..\..\lib\vc_lib\mswd\wx\setup.h
                 1 file(s) copied.
       ClCompile:
         C:\Program Files (x86)\Microsoft Visual Studio 12.0\VC\bin\CL.exe /c /I..\..\lib\vc_lib\mswd /I..\..\include /I..\..\src\tiff /I..\..\src\jpeg /I..\..\src\png /I..\..\src\zlib /I..\..\src\regex /I..\..\src\expat\lib /Zi /nologo /W4 /WX- /Od /Oy- /D WIN32 /D _LIB /D _DEBUG /D __WXMSW__ /D __WXDEBUG__ /D _VC80_UPGRADE=0x0600 /Gm /EHsc /RTC1 /MDd /GS /Gy- /fp:precise /Zc:wchar_t /Zc:forScope /GR /Yc"wx/wxprec.h" /Fp"vc_mswd\wxprec_xrclib.pch" /Fo".\vc_mswd\xrc\\" /Fd"..\..\lib\vc_lib\wxmsw26d_xrc.pdb" /Gd /TP /analyze- /errorReport:prompt  /EHsc   /EHsc ..\..\src\msw\dummy.cpp
         dummy.cpp
         C:\Program Files (x86)\Microsoft Visual Studio 12.0\VC\bin\CL.exe /c /I..\..\lib\vc_lib\mswd /I..\..\include /I..\..\src\tiff /I..\..\src\jpeg /I..\..\src\png /I..\..\src\zlib /I..\..\src\regex /I..\..\src\expat\lib /Zi /nologo /W4 /WX- /Od /Oy- /D WIN32 /D _LIB /D _DEBUG /D __WXMSW__ /D __WXDEBUG__ /D _VC80_UPGRADE=0x0600 /Gm /EHsc /RTC1 /MDd /GS /Gy- /fp:precise /Zc:wchar_t /Zc:forScope /GR /Yu"wx/wxprec.h" /Fp"vc_mswd\wxprec_xrclib.pch" /Fo".\vc_mswd\xrc\\" /Fd"..\..\lib\vc_lib\wxmsw26d_xrc.pdb" /Gd /TP /analyze- /errorReport:prompt  /EHsc   /EHsc ..\..\src\xrc\xh_bmp.cpp ..\..\src\xrc\xh_bmpbt.cpp ..\..\src\xrc\xh_bttn.cpp ..\..\src\xrc\xh_cald.cpp ..\..\src\xrc\xh_chckb.cpp ..\..\src\xrc\xh_chckl.cpp ..\..\src\xrc\xh_choic.cpp ..\..\src\xrc\xh_choicbk.cpp ..\..\src\xrc\xh_combo.cpp ..\..\src\xrc\xh_datectrl.cpp ..\..\src\xrc\xh_dlg.cpp ..\..\src\xrc\xh_frame.cpp ..\..\src\xrc\xh_gauge.cpp ..\..\src\xrc\xh_gdctl.cpp ..\..\src\xrc\xh_html.cpp ..\..\src\xrc\xh_listb.cpp ..\..\src\xrc\xh_listbk.cpp ..\..\src\xrc\xh_listc.cpp ..\..\src\xrc\xh_mdi.cpp ..\..\src\xrc\xh_menu.cpp ..\..\src\xrc\xh_notbk.cpp ..\..\src\xrc\xh_panel.cpp ..\..\src\xrc\xh_radbt.cpp ..\..\src\xrc\xh_radbx.cpp ..\..\src\xrc\xh_scrol.cpp ..\..\src\xrc\xh_scwin.cpp ..\..\src\xrc\xh_sizer.cpp ..\..\src\xrc\xh_slidr.cpp ..\..\src\xrc\xh_spin.cpp ..\..\src\xrc\xh_split.cpp ..\..\src\xrc\xh_statbar.cpp ..\..\src\xrc\xh_stbmp.cpp ..\..\src\xrc\xh_stbox.cpp ..\..\src\xrc\xh_stlin.cpp ..\..\src\xrc\xh_sttxt.cpp ..\..\src\xrc\xh_text.cpp ..\..\src\xrc\xh_tglbtn.cpp ..\..\src\xrc\xh_toolb.cpp ..\..\src\xrc\xh_tree.cpp ..\..\src\xrc\xh_unkwn.cpp ..\..\src\xrc\xh_wizrd.cpp ..\..\src\xrc\xmlres.cpp ..\..\src\xrc\xmlrsall.cpp
         xmlrsall.cpp
         xmlres.cpp
         xh_wizrd.cpp
         xh_unkwn.cpp
         xh_tree.cpp
         xh_toolb.cpp
         xh_tglbtn.cpp
         xh_text.cpp
         xh_sttxt.cpp
         xh_stlin.cpp
         xh_stbox.cpp
         xh_stbmp.cpp
         xh_statbar.cpp
         xh_split.cpp
         xh_spin.cpp
         xh_slidr.cpp
         xh_sizer.cpp
         xh_scwin.cpp
         xh_scrol.cpp
         xh_radbx.cpp
         Generating Code...
         Compiling...
         xh_radbt.cpp
         xh_panel.cpp
         xh_notbk.cpp
         xh_menu.cpp
         xh_mdi.cpp
         xh_listc.cpp
         xh_listbk.cpp
         xh_listb.cpp
         xh_html.cpp
     1>C:\Users\robocup\Desktop\290425015\wxMSW-2.6.3-1\wxWidgets-2.6.3\include\wx/confbase.h : warning C4819: The file contains a character that cannot be represented in the current code page (1255). Save the file in Unicode format to prevent data loss
         xh_gdctl.cpp
         xh_gauge.cpp
         xh_frame.cpp
         xh_dlg.cpp
         xh_datectrl.cpp
         xh_combo.cpp
         xh_choicbk.cpp
         xh_choic.cpp
         xh_chckl.cpp
         xh_chckb.cpp
         xh_cald.cpp
         Generating Code...
         Compiling...
         xh_bttn.cpp
         xh_bmpbt.cpp
         xh_bmp.cpp
         Generating Code...
     1>C:\Program Files (x86)\MSBuild\Microsoft.Cpp\v4.0\V120\Microsoft.CppBuild.targets(1361,5): warning MSB8012: TargetPath(C:\Users\robocup\Desktop\290425015\wxMSW-2.6.3-1\wxWidgets-2.6.3\build\msw\.\..\..\lib\vc_lib\xrc.lib) does not match the Library's OutputFile property value (C:\Users\robocup\Desktop\290425015\wxMSW-2.6.3-1\wxWidgets-2.6.3\lib\vc_lib\wxmsw26d_xrc.lib). This may cause your project to build incorrectly. To correct this, please make sure that $(OutDir), $(TargetName) and $(TargetExt) property values match the value specified in %(Lib.OutputFile).
     1>C:\Program Files (x86)\MSBuild\Microsoft.Cpp\v4.0\V120\Microsoft.CppBuild.targets(1363,5): warning MSB8012: TargetName(xrc) does not match the Library's OutputFile property value (wxmsw26d_xrc). This may cause your project to build incorrectly. To correct this, please make sure that $(OutDir), $(TargetName) and $(TargetExt) property values match the value specified in %(Lib.OutputFile).
       Lib:
         C:\Program Files (x86)\Microsoft Visual Studio 12.0\VC\bin\Lib.exe /OUT:"..\..\lib\vc_lib\wxmsw26d_xrc.lib" /NOLOGO .\vc_mswd\xrc\dummy.obj
         .\vc_mswd\xrc\xh_bmp.obj
         .\vc_mswd\xrc\xh_bmpbt.obj
         .\vc_mswd\xrc\xh_bttn.obj
         .\vc_mswd\xrc\xh_cald.obj
         .\vc_mswd\xrc\xh_chckb.obj
         .\vc_mswd\xrc\xh_chckl.obj
         .\vc_mswd\xrc\xh_choic.obj
         .\vc_mswd\xrc\xh_choicbk.obj
         .\vc_mswd\xrc\xh_combo.obj
         .\vc_mswd\xrc\xh_datectrl.obj
         .\vc_mswd\xrc\xh_dlg.obj
         .\vc_mswd\xrc\xh_frame.obj
         .\vc_mswd\xrc\xh_gauge.obj
         .\vc_mswd\xrc\xh_gdctl.obj
         .\vc_mswd\xrc\xh_html.obj
         .\vc_mswd\xrc\xh_listb.obj
         .\vc_mswd\xrc\xh_listbk.obj
         .\vc_mswd\xrc\xh_listc.obj
         .\vc_mswd\xrc\xh_mdi.obj
         .\vc_mswd\xrc\xh_menu.obj
         .\vc_mswd\xrc\xh_notbk.obj
         .\vc_mswd\xrc\xh_panel.obj
         .\vc_mswd\xrc\xh_radbt.obj
         .\vc_mswd\xrc\xh_radbx.obj
         .\vc_mswd\xrc\xh_scrol.obj
         .\vc_mswd\xrc\xh_scwin.obj
         .\vc_mswd\xrc\xh_sizer.obj
         .\vc_mswd\xrc\xh_slidr.obj
         .\vc_mswd\xrc\xh_spin.obj
         .\vc_mswd\xrc\xh_split.obj
         .\vc_mswd\xrc\xh_statbar.obj
         .\vc_mswd\xrc\xh_stbmp.obj
         .\vc_mswd\xrc\xh_stbox.obj
         .\vc_mswd\xrc\xh_stlin.obj
         .\vc_mswd\xrc\xh_sttxt.obj
         .\vc_mswd\xrc\xh_text.obj
         .\vc_mswd\xrc\xh_tglbtn.obj
         .\vc_mswd\xrc\xh_toolb.obj
         .\vc_mswd\xrc\xh_tree.obj
         .\vc_mswd\xrc\xh_unkwn.obj
         .\vc_mswd\xrc\xh_wizrd.obj
         .\vc_mswd\xrc\xmlres.obj
         .\vc_mswd\xrc\xmlrsall.obj
         wx_xrc.vcxproj -> C:\Users\robocup\Desktop\290425015\wxMSW-2.6.3-1\wxWidgets-2.6.3\build\msw\.\..\..\lib\vc_lib\xrc.lib
     1>Done Building Project "C:\Users\robocup\Desktop\290425015\wxMSW-2.6.3-1\wxWidgets-2.6.3\build\msw\wx_xrc.vcxproj" (Rebuild target(s)).

Build succeeded.

Time Elapsed 00:00:16.21
