Build started 25/05/2015 15:05:20.
     1>Project "C:\Users\robocup\Desktop\290425015\wxMSW-2.6.3-1\wxWidgets-2.6.3\build\msw\wx_core.vcxproj" on node 2 (Rebuild target(s)).
     1>CustomBuild:
         Creating ..\..\lib\vc_lib\mswd\wx\msw\rcdefs.h
         genrcdefs.h
         Creating ..\..\lib\vc_lib\mswd\wx\setup.h
                 1 file(s) copied.
       ClCompile:
         C:\Program Files (x86)\Microsoft Visual Studio 12.0\VC\bin\CL.exe /c /I..\..\lib\vc_lib\mswd /I..\..\include /I..\..\src\tiff /I..\..\src\jpeg /I..\..\src\png /I..\..\src\zlib /I..\..\src\regex /I..\..\src\expat\lib /Zi /nologo /W4 /WX- /Od /Oy- /D WIN32 /D _LIB /D _DEBUG /D __WXMSW__ /D __WXDEBUG__ /D wxUSE_BASE=0 /D _VC80_UPGRADE=0x0600 /Gm /EHsc /RTC1 /MDd /GS /Gy- /fp:precise /Zc:wchar_t /Zc:forScope /GR /Yc"wx/wxprec.h" /Fp"vc_mswd\wxprec_corelib.pch" /Fo".\vc_mswd\core\\" /Fd"..\..\lib\vc_lib\wxmsw26d_core.pdb" /Gd /TP /analyze- /errorReport:prompt  /EHsc   /EHsc ..\..\src\msw\dummy.cpp
         dummy.cpp
         C:\Program Files (x86)\Microsoft Visual Studio 12.0\VC\bin\CL.exe /c /I..\..\lib\vc_lib\mswd /I..\..\include /I..\..\src\tiff /I..\..\src\jpeg /I..\..\src\png /I..\..\src\zlib /I..\..\src\regex /I..\..\src\expat\lib /Zi /nologo /W4 /WX- /Od /Oy- /D WIN32 /D _LIB /D _DEBUG /D __WXMSW__ /D __WXDEBUG__ /D wxUSE_BASE=0 /D _VC80_UPGRADE=0x0600 /Gm /EHsc /RTC1 /MDd /GS /Gy- /fp:precise /Zc:wchar_t /Zc:forScope /GR /Yu"wx/wxprec.h" /Fp"vc_mswd\wxprec_corelib.pch" /Fo".\vc_mswd\core\\" /Fd"..\..\lib\vc_lib\wxmsw26d_core.pdb" /Gd /TP /analyze- /errorReport:prompt  /EHsc   /EHsc ..\..\src\common\accesscmn.cpp ..\..\src\common\appcmn.cpp ..\..\src\common\artprov.cpp ..\..\src\common\artstd.cpp ..\..\src\common\bmpbase.cpp ..\..\src\common\bookctrl.cpp ..\..\src\common\choiccmn.cpp ..\..\src\common\clipcmn.cpp ..\..\src\common\cmdproc.cpp ..\..\src\common\cmndata.cpp ..\..\src\common\containr.cpp ..\..\src\common\cshelp.cpp ..\..\src\common\ctrlcmn.cpp ..\..\src\common\ctrlsub.cpp ..\..\src\common\datacmn.cpp ..\..\src\common\dcbase.cpp ..\..\src\common\dlgcmn.cpp ..\..\src\common\dndcmn.cpp ..\..\src\common\dobjcmn.cpp ..\..\src\common\docmdi.cpp ..\..\src\common\docview.cpp ..\..\src\common\dpycmn.cpp ..\..\src\common\dseldlg.cpp ..\..\src\common\effects.cpp ..\..\src\common\event.cpp ..\..\src\common\fddlgcmn.cpp ..\..\src\common\fldlgcmn.cpp ..\..\src\common\fontcmn.cpp ..\..\src\common\fontmap.cpp ..\..\src\common\framecmn.cpp ..\..\src\common\fs_mem.cpp ..\..\src\common\gaugecmn.cpp ..\..\src\common\gbsizer.cpp ..\..\src\common\gdicmn.cpp ..\..\src\common\geometry.cpp ..\..\src\common\gifdecod.cpp ..\..\src\common\helpbase.cpp ..\..\src\common\iconbndl.cpp ..\..\src\common\imagall.cpp ..\..\src\common\imagbmp.cpp ..\..\src\common\image.cpp ..\..\src\common\imagfill.cpp ..\..\src\common\imaggif.cpp ..\..\src\common\imagiff.cpp ..\..\src\common\imagjpeg.cpp ..\..\src\common\imagpcx.cpp ..\..\src\common\imagpng.cpp ..\..\src\common\imagpnm.cpp ..\..\src\common\imagtiff.cpp ..\..\src\common\imagxpm.cpp ..\..\src\common\layout.cpp ..\..\src\common\lboxcmn.cpp ..\..\src\common\matrix.cpp ..\..\src\common\menucmn.cpp ..\..\src\common\msgout.cpp ..\..\src\common\nbkbase.cpp ..\..\src\common\paper.cpp ..\..\src\common\popupcmn.cpp ..\..\src\common\prntbase.cpp ..\..\src\common\quantize.cpp ..\..\src\common\radiocmn.cpp ..\..\src\common\rendcmn.cpp ..\..\src\common\rgncmn.cpp ..\..\src\common\settcmn.cpp ..\..\src\common\sizer.cpp ..\..\src\common\statbar.cpp ..\..\src\common\stockitem.cpp ..\..\src\common\tbarbase.cpp ..\..\src\common\textcmn.cpp ..\..\src\common\timercmn.cpp ..\..\src\common\toplvcmn.cpp ..\..\src\common\treebase.cpp ..\..\src\common\utilscmn.cpp ..\..\src\common\valgen.cpp ..\..\src\common\validate.cpp ..\..\src\common\valtext.cpp ..\..\src\common\wincmn.cpp ..\..\src\common\xpmdecod.cpp ..\..\src\generic\busyinfo.cpp ..\..\src\generic\choicbkg.cpp ..\..\src\generic\choicdgg.cpp ..\..\src\generic\dcpsg.cpp ..\..\src\generic\dirctrlg.cpp ..\..\src\generic\dragimgg.cpp ..\..\src\generic\listbkg.cpp ..\..\src\generic\logg.cpp ..\..\src\generic\numdlgg.cpp ..\..\src\generic\panelg.cpp ..\..\src\generic\printps.cpp ..\..\src\generic\prntdlgg.cpp ..\..\src\generic\progdlgg.cpp ..\..\src\generic\renderg.cpp ..\..\src\generic\scrlwing.cpp ..\..\src\generic\selstore.cpp ..\..\src\generic\spinctlg.cpp ..\..\src\generic\splitter.cpp ..\..\src\generic\statusbr.cpp ..\..\src\generic\textdlgg.cpp ..\..\src\generic\tipwin.cpp ..\..\src\generic\treectlg.cpp ..\..\src\generic\vlbox.cpp ..\..\src\generic\vscroll.cpp ..\..\src\msw\accel.cpp ..\..\src\msw\app.cpp ..\..\src\msw\bitmap.cpp ..\..\src\msw\bmpbuttn.cpp ..\..\src\msw\brush.cpp ..\..\src\msw\button.cpp ..\..\src\msw\caret.cpp ..\..\src\msw\checkbox.cpp ..\..\src\msw\checklst.cpp ..\..\src\msw\choice.cpp ..\..\src\msw\clipbrd.cpp ..\..\src\msw\colordlg.cpp ..\..\src\msw\colour.cpp ..\..\src\msw\combobox.cpp ..\..\src\msw\control.cpp ..\..\src\msw\cursor.cpp ..\..\src\msw\data.cpp ..\..\src\msw\dc.cpp ..\..\src\msw\dcclient.cpp ..\..\src\msw\dcmemory.cpp ..\..\src\msw\dcprint.cpp ..\..\src\msw\dcscreen.cpp ..\..\src\msw\dialog.cpp ..\..\src\msw\dialup.cpp ..\..\src\msw\dib.cpp ..\..\src\msw\dirdlg.cpp ..\..\src\msw\display.cpp ..\..\src\msw\dragimag.cpp ..\..\src\msw\enhmeta.cpp ..\..\src\msw\evtloop.cpp ..\..\src\msw\fdrepdlg.cpp ..\..\src\msw\filedlg.cpp ..\..\src\msw\font.cpp ..\..\src\msw\fontdlg.cpp ..\..\src\msw\fontenum.cpp ..\..\src\msw\fontutil.cpp ..\..\src\msw\frame.cpp ..\..\src\msw\gauge95.cpp ..\..\src\msw\gdiimage.cpp ..\..\src\msw\gdiobj.cpp ..\..\src\msw\gsockmsw.cpp ..\..\src\msw\helpchm.cpp ..\..\src\msw\helpwin.cpp ..\..\src\msw\icon.cpp ..\..\src\msw\imaglist.cpp ..\..\src\msw\iniconf.cpp ..\..\src\msw\listbox.cpp ..\..\src\msw\listctrl.cpp ..\..\src\msw\main.cpp ..\..\src\msw\mdi.cpp ..\..\src\msw\menu.cpp ..\..\src\msw\menuitem.cpp ..\..\src\msw\metafile.cpp ..\..\src\msw\minifram.cpp ..\..\src\msw\msgdlg.cpp ..\..\src\msw\mslu.cpp ..\..\src\msw\nativdlg.cpp ..\..\src\msw\notebook.cpp ..\..\src\msw\ole\access.cpp ..\..\src\msw\ole\automtn.cpp ..\..\src\msw\ole\dataobj.cpp ..\..\src\msw\ole\dropsrc.cpp ..\..\src\msw\ole\droptgt.cpp ..\..\src\msw\ole\oleutils.cpp ..\..\src\msw\ole\uuid.cpp ..\..\src\msw\ownerdrw.cpp ..\..\src\msw\palette.cpp ..\..\src\msw\pen.cpp ..\..\src\msw\popupwin.cpp ..\..\src\msw\printdlg.cpp ..\..\src\msw\printwin.cpp ..\..\src\msw\radiobox.cpp ..\..\src\msw\radiobut.cpp ..\..\src\msw\region.cpp ..\..\src\msw\renderer.cpp ..\..\src\msw\scrolbar.cpp ..\..\src\msw\settings.cpp ..\..\src\msw\slider95.cpp ..\..\src\msw\spinbutt.cpp ..\..\src\msw\spinctrl.cpp ..\..\src\msw\statbmp.cpp ..\..\src\msw\statbox.cpp ..\..\src\msw\statbr95.cpp ..\..\src\msw\statline.cpp ..\..\src\msw\stattext.cpp ..\..\src\msw\tabctrl.cpp ..\..\src\msw\tbar95.cpp ..\..\src\msw\textctrl.cpp ..\..\src\msw\tglbtn.cpp ..\..\src\msw\timer.cpp ..\..\src\msw\tooltip.cpp ..\..\src\msw\toplevel.cpp ..\..\src\msw\treectrl.cpp ..\..\src\msw\utilsgui.cpp ..\..\src\msw\uxtheme.cpp ..\..\src\msw\volume.cpp ..\..\src\msw\window.cpp
         window.cpp
         volume.cpp
         uxtheme.cpp
         utilsgui.cpp
         treectrl.cpp
         toplevel.cpp
         tooltip.cpp
         timer.cpp
         tglbtn.cpp
         textctrl.cpp
         tbar95.cpp
         tabctrl.cpp
         stattext.cpp
         statline.cpp
         statbr95.cpp
         statbox.cpp
         statbmp.cpp
         spinctrl.cpp
         spinbutt.cpp
         slider95.cpp
         Generating Code...
         Compiling...
         settings.cpp
         scrolbar.cpp
         renderer.cpp
         region.cpp
         radiobut.cpp
         radiobox.cpp
         printwin.cpp
         printdlg.cpp
         popupwin.cpp
         pen.cpp
         palette.cpp
         ownerdrw.cpp
         uuid.cpp
         oleutils.cpp
         droptgt.cpp
         dropsrc.cpp
         dataobj.cpp
         automtn.cpp
         access.cpp
         notebook.cpp
         Generating Code...
         Compiling...
         nativdlg.cpp
         mslu.cpp
         msgdlg.cpp
         minifram.cpp
         metafile.cpp
         menuitem.cpp
         menu.cpp
         mdi.cpp
         main.cpp
         listctrl.cpp
         listbox.cpp
         iniconf.cpp
     1>C:\Users\robocup\Desktop\290425015\wxMSW-2.6.3-1\wxWidgets-2.6.3\include\wx/confbase.h : warning C4819: The file contains a character that cannot be represented in the current code page (1255). Save the file in Unicode format to prevent data loss
         imaglist.cpp
         icon.cpp
         helpwin.cpp
         helpchm.cpp
         gsockmsw.cpp
         gdiobj.cpp
         gdiimage.cpp
         gauge95.cpp
         Generating Code...
         Compiling...
         frame.cpp
         fontutil.cpp
         fontenum.cpp
         fontdlg.cpp
         font.cpp
         filedlg.cpp
         fdrepdlg.cpp
         evtloop.cpp
         enhmeta.cpp
         dragimag.cpp
         display.cpp
         dirdlg.cpp
         dib.cpp
         dialup.cpp
         dialog.cpp
         dcscreen.cpp
         dcprint.cpp
         dcmemory.cpp
         dcclient.cpp
         dc.cpp
         Generating Code...
         Compiling...
         data.cpp
         cursor.cpp
         control.cpp
         combobox.cpp
         colour.cpp
         colordlg.cpp
         clipbrd.cpp
         choice.cpp
         checklst.cpp
         checkbox.cpp
         caret.cpp
         button.cpp
         brush.cpp
         bmpbuttn.cpp
         bitmap.cpp
         app.cpp
         accel.cpp
         vscroll.cpp
         vlbox.cpp
         treectlg.cpp
         Generating Code...
         Compiling...
         tipwin.cpp
         textdlgg.cpp
         statusbr.cpp
         splitter.cpp
         spinctlg.cpp
         selstore.cpp
         scrlwing.cpp
     1>..\..\src\generic\scrlwing.cpp(26): warning C4603: 'XtDisplay' : macro is not defined or definition is different after precompiled header use
                 Add macro to precompiled header instead of defining here
                 ..\..\src\generic\scrlwing.cpp(30) : use of precompiled header
         renderg.cpp
         progdlgg.cpp
     1>..\..\src\generic\progdlgg.cpp : warning C4819: The file contains a character that cannot be represented in the current code page (1255). Save the file in Unicode format to prevent data loss
     1>C:\Users\robocup\Desktop\290425015\wxMSW-2.6.3-1\wxWidgets-2.6.3\include\wx/generic/progdlgg.h : warning C4819: The file contains a character that cannot be represented in the current code page (1255). Save the file in Unicode format to prevent data loss
         prntdlgg.cpp
         printps.cpp
         panelg.cpp
         numdlgg.cpp
         logg.cpp
         listbkg.cpp
         dragimgg.cpp
         dirctrlg.cpp
         dcpsg.cpp
     1>..\..\src\generic\dcpsg.cpp(1837): warning C4819: The file contains a character that cannot be represented in the current code page (1255). Save the file in Unicode format to prevent data loss
         choicdgg.cpp
         choicbkg.cpp
         Generating Code...
         Compiling...
         busyinfo.cpp
         xpmdecod.cpp
         wincmn.cpp
         valtext.cpp
         validate.cpp
         valgen.cpp
         utilscmn.cpp
     1>C:\Users\robocup\Desktop\290425015\wxMSW-2.6.3-1\wxWidgets-2.6.3\include\wx/confbase.h : warning C4819: The file contains a character that cannot be represented in the current code page (1255). Save the file in Unicode format to prevent data loss
         treebase.cpp
         toplvcmn.cpp
         timercmn.cpp
         textcmn.cpp
         tbarbase.cpp
         stockitem.cpp
         statbar.cpp
         sizer.cpp
         settcmn.cpp
         rgncmn.cpp
         rendcmn.cpp
         radiocmn.cpp
         quantize.cpp
         Generating Code...
         Compiling...
         prntbase.cpp
         popupcmn.cpp
         paper.cpp
         nbkbase.cpp
         msgout.cpp
         menucmn.cpp
         matrix.cpp
         lboxcmn.cpp
         layout.cpp
         imagxpm.cpp
         imagtiff.cpp
         imagpnm.cpp
         imagpng.cpp
         imagpcx.cpp
         imagjpeg.cpp
         imagiff.cpp
         imaggif.cpp
         imagfill.cpp
         image.cpp
         imagbmp.cpp
         Generating Code...
         Compiling...
         imagall.cpp
         iconbndl.cpp
         helpbase.cpp
         gifdecod.cpp
         geometry.cpp
         gdicmn.cpp
     1>..\..\src\common\gdicmn.cpp(17): warning C4603: 'XtDisplay' : macro is not defined or definition is different after precompiled header use
                 Add macro to precompiled header instead of defining here
                 ..\..\src\common\gdicmn.cpp(21) : use of precompiled header
         gbsizer.cpp
         gaugecmn.cpp
         fs_mem.cpp
         framecmn.cpp
         fontmap.cpp
     1>C:\Users\robocup\Desktop\290425015\wxMSW-2.6.3-1\wxWidgets-2.6.3\include\wx/confbase.h : warning C4819: The file contains a character that cannot be represented in the current code page (1255). Save the file in Unicode format to prevent data loss
         fontcmn.cpp
         fldlgcmn.cpp
         fddlgcmn.cpp
         event.cpp
         effects.cpp
         dseldlg.cpp
         dpycmn.cpp
         docview.cpp
     1>C:\Users\robocup\Desktop\290425015\wxMSW-2.6.3-1\wxWidgets-2.6.3\include\wx/confbase.h : warning C4819: The file contains a character that cannot be represented in the current code page (1255). Save the file in Unicode format to prevent data loss
         docmdi.cpp
         Generating Code...
         Compiling...
         dobjcmn.cpp
         dndcmn.cpp
         dlgcmn.cpp
         dcbase.cpp
         datacmn.cpp
         ctrlsub.cpp
         ctrlcmn.cpp
         cshelp.cpp
         containr.cpp
         cmndata.cpp
         cmdproc.cpp
         clipcmn.cpp
         choiccmn.cpp
         bookctrl.cpp
         bmpbase.cpp
         artstd.cpp
         artprov.cpp
         appcmn.cpp
         accesscmn.cpp
         Generating Code...
     1>C:\Program Files (x86)\MSBuild\Microsoft.Cpp\v4.0\V120\Microsoft.CppBuild.targets(1361,5): warning MSB8012: TargetPath(C:\Users\robocup\Desktop\290425015\wxMSW-2.6.3-1\wxWidgets-2.6.3\build\msw\.\..\..\lib\vc_lib\core.lib) does not match the Library's OutputFile property value (C:\Users\robocup\Desktop\290425015\wxMSW-2.6.3-1\wxWidgets-2.6.3\lib\vc_lib\wxmsw26d_core.lib). This may cause your project to build incorrectly. To correct this, please make sure that $(OutDir), $(TargetName) and $(TargetExt) property values match the value specified in %(Lib.OutputFile).
     1>C:\Program Files (x86)\MSBuild\Microsoft.Cpp\v4.0\V120\Microsoft.CppBuild.targets(1363,5): warning MSB8012: TargetName(core) does not match the Library's OutputFile property value (wxmsw26d_core). This may cause your project to build incorrectly. To correct this, please make sure that $(OutDir), $(TargetName) and $(TargetExt) property values match the value specified in %(Lib.OutputFile).
       Lib:
         C:\Program Files (x86)\Microsoft Visual Studio 12.0\VC\bin\Lib.exe /OUT:"..\..\lib\vc_lib\wxmsw26d_core.lib" /NOLOGO .\vc_mswd\core\accesscmn.obj
         .\vc_mswd\core\appcmn.obj
         .\vc_mswd\core\artprov.obj
         .\vc_mswd\core\artstd.obj
         .\vc_mswd\core\bmpbase.obj
         .\vc_mswd\core\bookctrl.obj
         .\vc_mswd\core\choiccmn.obj
         .\vc_mswd\core\clipcmn.obj
         .\vc_mswd\core\cmdproc.obj
         .\vc_mswd\core\cmndata.obj
         .\vc_mswd\core\containr.obj
         .\vc_mswd\core\cshelp.obj
         .\vc_mswd\core\ctrlcmn.obj
         .\vc_mswd\core\ctrlsub.obj
         .\vc_mswd\core\datacmn.obj
         .\vc_mswd\core\dcbase.obj
         .\vc_mswd\core\dlgcmn.obj
         .\vc_mswd\core\dndcmn.obj
         .\vc_mswd\core\dobjcmn.obj
         .\vc_mswd\core\docmdi.obj
         .\vc_mswd\core\docview.obj
         .\vc_mswd\core\dpycmn.obj
         .\vc_mswd\core\dseldlg.obj
         .\vc_mswd\core\effects.obj
         .\vc_mswd\core\event.obj
         .\vc_mswd\core\fddlgcmn.obj
         .\vc_mswd\core\fldlgcmn.obj
         .\vc_mswd\core\fontcmn.obj
         .\vc_mswd\core\fontmap.obj
         .\vc_mswd\core\framecmn.obj
         .\vc_mswd\core\fs_mem.obj
         .\vc_mswd\core\gaugecmn.obj
         .\vc_mswd\core\gbsizer.obj
         .\vc_mswd\core\gdicmn.obj
         .\vc_mswd\core\geometry.obj
         .\vc_mswd\core\gifdecod.obj
         .\vc_mswd\core\helpbase.obj
         .\vc_mswd\core\iconbndl.obj
         .\vc_mswd\core\imagall.obj
         .\vc_mswd\core\imagbmp.obj
         .\vc_mswd\core\image.obj
         .\vc_mswd\core\imagfill.obj
         .\vc_mswd\core\imaggif.obj
         .\vc_mswd\core\imagiff.obj
         .\vc_mswd\core\imagjpeg.obj
         .\vc_mswd\core\imagpcx.obj
         .\vc_mswd\core\imagpng.obj
         .\vc_mswd\core\imagpnm.obj
         .\vc_mswd\core\imagtiff.obj
         .\vc_mswd\core\imagxpm.obj
         .\vc_mswd\core\layout.obj
         .\vc_mswd\core\lboxcmn.obj
         .\vc_mswd\core\matrix.obj
         .\vc_mswd\core\menucmn.obj
         .\vc_mswd\core\msgout.obj
         .\vc_mswd\core\nbkbase.obj
         .\vc_mswd\core\paper.obj
         .\vc_mswd\core\popupcmn.obj
         .\vc_mswd\core\prntbase.obj
         .\vc_mswd\core\quantize.obj
         .\vc_mswd\core\radiocmn.obj
         .\vc_mswd\core\rendcmn.obj
         .\vc_mswd\core\rgncmn.obj
         .\vc_mswd\core\settcmn.obj
         .\vc_mswd\core\sizer.obj
         .\vc_mswd\core\statbar.obj
         .\vc_mswd\core\stockitem.obj
         .\vc_mswd\core\tbarbase.obj
         .\vc_mswd\core\textcmn.obj
         .\vc_mswd\core\timercmn.obj
         .\vc_mswd\core\toplvcmn.obj
         .\vc_mswd\core\treebase.obj
         .\vc_mswd\core\utilscmn.obj
         .\vc_mswd\core\valgen.obj
         .\vc_mswd\core\validate.obj
         .\vc_mswd\core\valtext.obj
         .\vc_mswd\core\wincmn.obj
         .\vc_mswd\core\xpmdecod.obj
         .\vc_mswd\core\busyinfo.obj
         .\vc_mswd\core\choicbkg.obj
         .\vc_mswd\core\choicdgg.obj
         .\vc_mswd\core\dcpsg.obj
         .\vc_mswd\core\dirctrlg.obj
         .\vc_mswd\core\dragimgg.obj
         .\vc_mswd\core\listbkg.obj
         .\vc_mswd\core\logg.obj
         .\vc_mswd\core\numdlgg.obj
         .\vc_mswd\core\panelg.obj
         .\vc_mswd\core\printps.obj
         .\vc_mswd\core\prntdlgg.obj
         .\vc_mswd\core\progdlgg.obj
         .\vc_mswd\core\renderg.obj
         .\vc_mswd\core\scrlwing.obj
         .\vc_mswd\core\selstore.obj
         .\vc_mswd\core\spinctlg.obj
         .\vc_mswd\core\splitter.obj
         .\vc_mswd\core\statusbr.obj
         .\vc_mswd\core\textdlgg.obj
         .\vc_mswd\core\tipwin.obj
         .\vc_mswd\core\treectlg.obj
         .\vc_mswd\core\vlbox.obj
         .\vc_mswd\core\vscroll.obj
         .\vc_mswd\core\accel.obj
         .\vc_mswd\core\app.obj
         .\vc_mswd\core\bitmap.obj
         .\vc_mswd\core\bmpbuttn.obj
         .\vc_mswd\core\brush.obj
         .\vc_mswd\core\button.obj
         .\vc_mswd\core\caret.obj
         .\vc_mswd\core\checkbox.obj
         .\vc_mswd\core\checklst.obj
         .\vc_mswd\core\choice.obj
         .\vc_mswd\core\clipbrd.obj
         .\vc_mswd\core\colordlg.obj
         .\vc_mswd\core\colour.obj
         .\vc_mswd\core\combobox.obj
         .\vc_mswd\core\control.obj
         .\vc_mswd\core\cursor.obj
         .\vc_mswd\core\data.obj
         .\vc_mswd\core\dc.obj
         .\vc_mswd\core\dcclient.obj
         .\vc_mswd\core\dcmemory.obj
         .\vc_mswd\core\dcprint.obj
         .\vc_mswd\core\dcscreen.obj
         .\vc_mswd\core\dialog.obj
         .\vc_mswd\core\dialup.obj
         .\vc_mswd\core\dib.obj
         .\vc_mswd\core\dirdlg.obj
         .\vc_mswd\core\display.obj
         .\vc_mswd\core\dragimag.obj
         .\vc_mswd\core\dummy.obj
         .\vc_mswd\core\enhmeta.obj
         .\vc_mswd\core\evtloop.obj
         .\vc_mswd\core\fdrepdlg.obj
         .\vc_mswd\core\filedlg.obj
         .\vc_mswd\core\font.obj
         .\vc_mswd\core\fontdlg.obj
         .\vc_mswd\core\fontenum.obj
         .\vc_mswd\core\fontutil.obj
         .\vc_mswd\core\frame.obj
         .\vc_mswd\core\gauge95.obj
         .\vc_mswd\core\gdiimage.obj
         .\vc_mswd\core\gdiobj.obj
         .\vc_mswd\core\gsockmsw.obj
         .\vc_mswd\core\helpchm.obj
         .\vc_mswd\core\helpwin.obj
         .\vc_mswd\core\icon.obj
         .\vc_mswd\core\imaglist.obj
         .\vc_mswd\core\iniconf.obj
         .\vc_mswd\core\listbox.obj
         .\vc_mswd\core\listctrl.obj
         .\vc_mswd\core\main.obj
         .\vc_mswd\core\mdi.obj
         .\vc_mswd\core\menu.obj
         .\vc_mswd\core\menuitem.obj
         .\vc_mswd\core\metafile.obj
         .\vc_mswd\core\minifram.obj
         .\vc_mswd\core\msgdlg.obj
         .\vc_mswd\core\mslu.obj
         .\vc_mswd\core\nativdlg.obj
         .\vc_mswd\core\notebook.obj
         .\vc_mswd\core\access.obj
         .\vc_mswd\core\automtn.obj
         .\vc_mswd\core\dataobj.obj
         .\vc_mswd\core\dropsrc.obj
         .\vc_mswd\core\droptgt.obj
         .\vc_mswd\core\oleutils.obj
         .\vc_mswd\core\uuid.obj
         .\vc_mswd\core\ownerdrw.obj
         .\vc_mswd\core\palette.obj
         .\vc_mswd\core\pen.obj
         .\vc_mswd\core\popupwin.obj
         .\vc_mswd\core\printdlg.obj
         .\vc_mswd\core\printwin.obj
         .\vc_mswd\core\radiobox.obj
         .\vc_mswd\core\radiobut.obj
         .\vc_mswd\core\region.obj
         .\vc_mswd\core\renderer.obj
         .\vc_mswd\core\scrolbar.obj
         .\vc_mswd\core\settings.obj
         .\vc_mswd\core\slider95.obj
         .\vc_mswd\core\spinbutt.obj
         .\vc_mswd\core\spinctrl.obj
         .\vc_mswd\core\statbmp.obj
         .\vc_mswd\core\statbox.obj
         .\vc_mswd\core\statbr95.obj
         .\vc_mswd\core\statline.obj
         .\vc_mswd\core\stattext.obj
         .\vc_mswd\core\tabctrl.obj
         .\vc_mswd\core\tbar95.obj
         .\vc_mswd\core\textctrl.obj
         .\vc_mswd\core\tglbtn.obj
         .\vc_mswd\core\timer.obj
         .\vc_mswd\core\tooltip.obj
         .\vc_mswd\core\toplevel.obj
         .\vc_mswd\core\treectrl.obj
         .\vc_mswd\core\utilsgui.obj
         .\vc_mswd\core\uxtheme.obj
         .\vc_mswd\core\volume.obj
         .\vc_mswd\core\window.obj
         wx_core.vcxproj -> C:\Users\robocup\Desktop\290425015\wxMSW-2.6.3-1\wxWidgets-2.6.3\build\msw\.\..\..\lib\vc_lib\core.lib
     1>Done Building Project "C:\Users\robocup\Desktop\290425015\wxMSW-2.6.3-1\wxWidgets-2.6.3\build\msw\wx_core.vcxproj" (Rebuild target(s)).

Build succeeded.

Time Elapsed 00:00:33.74
