Build started 22/09/2016 21:33:41.
     1>Project "C:\Users\user\Desktop\RelaeseMoogDots\version2.0.0.4.3\MOOG_DOOTS_REALLOCATED_VER\wxMSW-2.6.3-1\wxWidgets-2.6.3\build\msw\wx_wxregex.vcxproj" on node 2 (Build target(s)).
     1>CustomBuild:
         Creating ..\..\lib\vc_lib\msw\wx\msw\rcdefs.h
         genrcdefs.h
         Creating ..\..\lib\vc_lib\msw\wx\setup.h
                 1 file(s) copied.
       ClCompile:
         C:\Program Files (x86)\Microsoft Visual Studio 12.0\VC\bin\CL.exe /c /I..\..\include /I..\..\lib\vc_lib\msw /Zi /nologo /W1 /WX- /O2 /Oy- /D WIN32 /D _LIB /D __WXMSW__ /D _VC80_UPGRADE=0x0600 /GF /Gm- /EHsc /MD /GS /Gy /fp:precise /Zc:wchar_t /Zc:forScope /GR /Fo".\vc_msw\wxregex\\" /Fd"..\..\lib\vc_lib\wxregex.pdb" /Gd /TC /analyze- /errorReport:prompt  /EHsc   /EHsc ..\..\src\regex\regcomp.c ..\..\src\regex\regerror.c ..\..\src\regex\regexec.c ..\..\src\regex\regfree.c
         regcomp.c
         regerror.c
         regexec.c
         regfree.c
         Generating Code...
       Lib:
         C:\Program Files (x86)\Microsoft Visual Studio 12.0\VC\bin\Lib.exe /OUT:"..\..\lib\vc_lib\wxregex.lib" /NOLOGO .\vc_msw\wxregex\regcomp.obj
         .\vc_msw\wxregex\regerror.obj
         .\vc_msw\wxregex\regexec.obj
         .\vc_msw\wxregex\regfree.obj
         wx_wxregex.vcxproj -> C:\Users\user\Desktop\RelaeseMoogDots\version2.0.0.4.3\MOOG_DOOTS_REALLOCATED_VER\wxMSW-2.6.3-1\wxWidgets-2.6.3\build\msw\.\..\..\lib\vc_lib\wxregex.lib
     1>Done Building Project "C:\Users\user\Desktop\RelaeseMoogDots\version2.0.0.4.3\MOOG_DOOTS_REALLOCATED_VER\wxMSW-2.6.3-1\wxWidgets-2.6.3\build\msw\wx_wxregex.vcxproj" (Build target(s)).

Build succeeded.

Time Elapsed 00:00:01.31
