Build started 25/05/2015 15:04:53.
     1>Project "C:\Users\robocup\Desktop\290425015\wxMSW-2.6.3-1\wxWidgets-2.6.3\build\msw\wx_wxzlib.vcxproj" on node 3 (Rebuild target(s)).
     1>ClCompile:
         C:\Program Files (x86)\Microsoft Visual Studio 12.0\VC\bin\CL.exe /c /Zi /nologo /W1 /WX- /Od /Oy- /D WIN32 /D _LIB /D _DEBUG /D _VC80_UPGRADE=0x0600 /Gm /EHsc /RTC1 /MDd /GS /Gy- /fp:precise /Zc:wchar_t /Zc:forScope /GR /Fo".\vc_mswd\wxzlib\\" /Fd"..\..\lib\vc_lib\wxzlibd.pdb" /Gd /TC /analyze- /errorReport:prompt  /EHsc   /EHsc ..\..\src\zlib\adler32.c ..\..\src\zlib\compress.c ..\..\src\zlib\crc32.c ..\..\src\zlib\deflate.c ..\..\src\zlib\gzio.c ..\..\src\zlib\infback.c ..\..\src\zlib\inffast.c ..\..\src\zlib\inflate.c ..\..\src\zlib\inftrees.c ..\..\src\zlib\trees.c ..\..\src\zlib\uncompr.c ..\..\src\zlib\zutil.c
         zutil.c
         uncompr.c
         trees.c
         inftrees.c
         inflate.c
         inffast.c
         infback.c
         gzio.c
         deflate.c
         crc32.c
         compress.c
         adler32.c
         Generating Code...
     1>C:\Program Files (x86)\MSBuild\Microsoft.Cpp\v4.0\V120\Microsoft.CppBuild.targets(1361,5): warning MSB8012: TargetPath(C:\Users\robocup\Desktop\290425015\wxMSW-2.6.3-1\wxWidgets-2.6.3\build\msw\.\..\..\lib\vc_lib\wxzlib.lib) does not match the Library's OutputFile property value (C:\Users\robocup\Desktop\290425015\wxMSW-2.6.3-1\wxWidgets-2.6.3\lib\vc_lib\wxzlibd.lib). This may cause your project to build incorrectly. To correct this, please make sure that $(OutDir), $(TargetName) and $(TargetExt) property values match the value specified in %(Lib.OutputFile).
     1>C:\Program Files (x86)\MSBuild\Microsoft.Cpp\v4.0\V120\Microsoft.CppBuild.targets(1363,5): warning MSB8012: TargetName(wxzlib) does not match the Library's OutputFile property value (wxzlibd). This may cause your project to build incorrectly. To correct this, please make sure that $(OutDir), $(TargetName) and $(TargetExt) property values match the value specified in %(Lib.OutputFile).
       Lib:
         C:\Program Files (x86)\Microsoft Visual Studio 12.0\VC\bin\Lib.exe /OUT:"..\..\lib\vc_lib\wxzlibd.lib" /NOLOGO .\vc_mswd\wxzlib\adler32.obj
         .\vc_mswd\wxzlib\compress.obj
         .\vc_mswd\wxzlib\crc32.obj
         .\vc_mswd\wxzlib\deflate.obj
         .\vc_mswd\wxzlib\gzio.obj
         .\vc_mswd\wxzlib\infback.obj
         .\vc_mswd\wxzlib\inffast.obj
         .\vc_mswd\wxzlib\inflate.obj
         .\vc_mswd\wxzlib\inftrees.obj
         .\vc_mswd\wxzlib\trees.obj
         .\vc_mswd\wxzlib\uncompr.obj
         .\vc_mswd\wxzlib\zutil.obj
         wx_wxzlib.vcxproj -> C:\Users\robocup\Desktop\290425015\wxMSW-2.6.3-1\wxWidgets-2.6.3\build\msw\.\..\..\lib\vc_lib\wxzlib.lib
     1>Done Building Project "C:\Users\robocup\Desktop\290425015\wxMSW-2.6.3-1\wxWidgets-2.6.3\build\msw\wx_wxzlib.vcxproj" (Rebuild target(s)).

Build succeeded.

Time Elapsed 00:00:01.33
