c:\users\adamlab\documents\visual studio 2013\projects\matlabtcpcommunicator\matlabtcpcommunicator\debug\matlabtcpcommunicator.pch
c:\users\adamlab\documents\visual studio 2013\projects\matlabtcpcommunicator\matlabtcpcommunicator\debug\vc120.pdb
c:\users\adamlab\documents\visual studio 2013\projects\matlabtcpcommunicator\matlabtcpcommunicator\debug\vc120.idb
c:\users\adamlab\documents\visual studio 2013\projects\matlabtcpcommunicator\matlabtcpcommunicator\debug\stdafx.obj
c:\users\adamlab\documents\visual studio 2013\projects\matlabtcpcommunicator\matlabtcpcommunicator\debug\tcpserver.obj
c:\users\adamlab\documents\visual studio 2013\projects\matlabtcpcommunicator\matlabtcpcommunicator\debug\matlabtcpcommunicator.obj
c:\users\adamlab\documents\visual studio 2013\projects\matlabtcpcommunicator\matlabtcpcommunicator\debug\tcpclient.obj
c:\users\adamlab\documents\visual studio 2013\projects\matlabtcpcommunicator\debug\matlabtcpcommunicator.ilk
c:\users\adamlab\documents\visual studio 2013\projects\matlabtcpcommunicator\debug\matlabtcpcommunicator.exe
c:\users\adamlab\documents\visual studio 2013\projects\matlabtcpcommunicator\debug\matlabtcpcommunicator.pdb
c:\users\adamlab\documents\github\mooglaptop\adam\adam\moogdots -- human moog - curve screen55\dependencies\matlabtcpcommunicator\matlabtcpcommunicator\debug\matlabtcpcommunicator.obj
c:\users\adamlab\documents\github\mooglaptop\adam\adam\moogdots -- human moog - curve screen55\dependencies\matlabtcpcommunicator\matlabtcpcommunicator\debug\stdafx.obj
c:\users\adamlab\documents\github\mooglaptop\adam\adam\moogdots -- human moog - curve screen55\dependencies\matlabtcpcommunicator\matlabtcpcommunicator\debug\tcpclient.obj
c:\users\adamlab\documents\github\mooglaptop\adam\adam\moogdots -- human moog - curve screen55\dependencies\matlabtcpcommunicator\matlabtcpcommunicator\debug\tcpserver.obj
c:\users\adamlab\documents\github\mooglaptop\adam\adam\moogdots -- human moog - curve screen55\dependencies\matlabtcpcommunicator\matlabtcpcommunicator\debug\matlabtcpcommunicator.pch
c:\users\adamlab\documents\github\mooglaptop\adam\adam\moogdots -- human moog - curve screen55\dependencies\matlabtcpcommunicator\matlabtcpcommunicator\debug\vc120.idb
c:\users\adamlab\documents\github\mooglaptop\adam\adam\moogdots -- human moog - curve screen55\dependencies\matlabtcpcommunicator\matlabtcpcommunicator\debug\vc120.pdb
c:\users\adamlab\documents\github\mooglaptop\adam\adam\moogdots -- human moog - curve screen55\dependencies\matlabtcpcommunicator\debug\matlabtcpcommunicator.pdb
c:\users\adamlab\documents\github\mooglaptop\adam\adam\moogdots -- human moog - curve screen55\dependencies\matlabtcpcommunicator\debug\matlabtcpcommunicator.exe
c:\users\adamlab\documents\github\mooglaptop\adam\adam\moogdots -- human moog - curve screen55\dependencies\matlabtcpcommunicator\debug\matlabtcpcommunicator.ilk
c:\users\adamlab\documents\github\mooglaptop\adam\adam\moogdots -- human moog - curve screen55\dependencies\matlabtcpcommunicator\matlabtcpcommunicator\debug\matlabtc.85a7daae.tlog\cl.command.1.tlog
c:\users\adamlab\documents\github\mooglaptop\adam\adam\moogdots -- human moog - curve screen55\dependencies\matlabtcpcommunicator\matlabtcpcommunicator\debug\matlabtc.85a7daae.tlog\cl.read.1.tlog
c:\users\adamlab\documents\github\mooglaptop\adam\adam\moogdots -- human moog - curve screen55\dependencies\matlabtcpcommunicator\matlabtcpcommunicator\debug\matlabtc.85a7daae.tlog\cl.write.1.tlog
c:\users\adamlab\documents\github\mooglaptop\adam\adam\moogdots -- human moog - curve screen55\dependencies\matlabtcpcommunicator\matlabtcpcommunicator\debug\matlabtc.85a7daae.tlog\link.command.1.tlog
c:\users\adamlab\documents\github\mooglaptop\adam\adam\moogdots -- human moog - curve screen55\dependencies\matlabtcpcommunicator\matlabtcpcommunicator\debug\matlabtc.85a7daae.tlog\link.read.1.tlog
c:\users\adamlab\documents\github\mooglaptop\adam\adam\moogdots -- human moog - curve screen55\dependencies\matlabtcpcommunicator\matlabtcpcommunicator\debug\matlabtc.85a7daae.tlog\link.write.1.tlog
