Build started 25/05/2015 15:05:13.
     1>Project "C:\Users\robocup\Desktop\290425015\wxMSW-2.6.3-1\wxWidgets-2.6.3\build\msw\wx_net.vcxproj" on node 3 (Rebuild target(s)).
     1>CustomBuild:
         Creating ..\..\lib\vc_lib\mswd\wx\msw\rcdefs.h
         genrcdefs.h
         Creating ..\..\lib\vc_lib\mswd\wx\setup.h
                 1 file(s) copied.
       ClCompile:
         C:\Program Files (x86)\Microsoft Visual Studio 12.0\VC\bin\CL.exe /c /I..\..\lib\vc_lib\mswd /I..\..\include /I..\..\src\tiff /I..\..\src\jpeg /I..\..\src\png /I..\..\src\zlib /I..\..\src\regex /I..\..\src\expat\lib /Zi /nologo /W4 /WX- /Od /Oy- /D WIN32 /D _LIB /D _DEBUG /D __WXMSW__ /D __WXDEBUG__ /D wxUSE_GUI=0 /D _VC80_UPGRADE=0x0600 /Gm /EHsc /RTC1 /MDd /GS /Gy- /fp:precise /Zc:wchar_t /Zc:forScope /GR /Yc"wx/wxprec.h" /Fp"vc_mswd\wxprec_netlib.pch" /Fo".\vc_mswd\net\\" /Fd"..\..\lib\vc_lib\wxbase26d_net.pdb" /Gd /TP /analyze- /errorReport:prompt  /EHsc   /EHsc ..\..\src\msw\dummy.cpp
         dummy.cpp
         C:\Program Files (x86)\Microsoft Visual Studio 12.0\VC\bin\CL.exe /c /I..\..\lib\vc_lib\mswd /I..\..\include /I..\..\src\tiff /I..\..\src\jpeg /I..\..\src\png /I..\..\src\zlib /I..\..\src\regex /I..\..\src\expat\lib /Zi /nologo /W4 /WX- /Od /Oy- /D WIN32 /D _LIB /D _DEBUG /D __WXMSW__ /D __WXDEBUG__ /D wxUSE_GUI=0 /D _VC80_UPGRADE=0x0600 /Gm /EHsc /RTC1 /MDd /GS /Gy- /fp:precise /Zc:wchar_t /Zc:forScope /GR /Yu"wx/wxprec.h" /Fp"vc_mswd\wxprec_netlib.pch" /Fo".\vc_mswd\net\\" /Fd"..\..\lib\vc_lib\wxbase26d_net.pdb" /Gd /TP /analyze- /errorReport:prompt  /EHsc   /EHsc ..\..\src\common\fs_inet.cpp ..\..\src\common\ftp.cpp ..\..\src\common\http.cpp ..\..\src\common\protocol.cpp ..\..\src\common\sckaddr.cpp ..\..\src\common\sckfile.cpp ..\..\src\common\sckipc.cpp ..\..\src\common\sckstrm.cpp ..\..\src\common\socket.cpp ..\..\src\common\url.cpp ..\..\src\msw\gsocket.cpp ..\..\src\msw\urlmsw.cpp
         urlmsw.cpp
         gsocket.cpp
         url.cpp
         socket.cpp
         sckstrm.cpp
         sckipc.cpp
         sckfile.cpp
         sckaddr.cpp
         protocol.cpp
         http.cpp
         ftp.cpp
         fs_inet.cpp
         Generating Code...
     1>C:\Program Files (x86)\MSBuild\Microsoft.Cpp\v4.0\V120\Microsoft.CppBuild.targets(1361,5): warning MSB8012: TargetPath(C:\Users\robocup\Desktop\290425015\wxMSW-2.6.3-1\wxWidgets-2.6.3\build\msw\.\..\..\lib\vc_lib\net.lib) does not match the Library's OutputFile property value (C:\Users\robocup\Desktop\290425015\wxMSW-2.6.3-1\wxWidgets-2.6.3\lib\vc_lib\wxbase26d_net.lib). This may cause your project to build incorrectly. To correct this, please make sure that $(OutDir), $(TargetName) and $(TargetExt) property values match the value specified in %(Lib.OutputFile).
     1>C:\Program Files (x86)\MSBuild\Microsoft.Cpp\v4.0\V120\Microsoft.CppBuild.targets(1363,5): warning MSB8012: TargetName(net) does not match the Library's OutputFile property value (wxbase26d_net). This may cause your project to build incorrectly. To correct this, please make sure that $(OutDir), $(TargetName) and $(TargetExt) property values match the value specified in %(Lib.OutputFile).
       Lib:
         C:\Program Files (x86)\Microsoft Visual Studio 12.0\VC\bin\Lib.exe /OUT:"..\..\lib\vc_lib\wxbase26d_net.lib" /NOLOGO .\vc_mswd\net\fs_inet.obj
         .\vc_mswd\net\ftp.obj
         .\vc_mswd\net\http.obj
         .\vc_mswd\net\protocol.obj
         .\vc_mswd\net\sckaddr.obj
         .\vc_mswd\net\sckfile.obj
         .\vc_mswd\net\sckipc.obj
         .\vc_mswd\net\sckstrm.obj
         .\vc_mswd\net\socket.obj
         .\vc_mswd\net\url.obj
         .\vc_mswd\net\dummy.obj
         .\vc_mswd\net\gsocket.obj
         .\vc_mswd\net\urlmsw.obj
         wx_net.vcxproj -> C:\Users\robocup\Desktop\290425015\wxMSW-2.6.3-1\wxWidgets-2.6.3\build\msw\.\..\..\lib\vc_lib\net.lib
     1>Done Building Project "C:\Users\robocup\Desktop\290425015\wxMSW-2.6.3-1\wxWidgets-2.6.3\build\msw\wx_net.vcxproj" (Rebuild target(s)).

Build succeeded.

Time Elapsed 00:00:06.09
