Build started 22/09/2016 21:33:45.
     1>Project "C:\Users\user\Desktop\RelaeseMoogDots\version2.0.0.4.3\MOOG_DOOTS_REALLOCATED_VER\wxMSW-2.6.3-1\wxWidgets-2.6.3\build\msw\wx_html.vcxproj" on node 7 (Build target(s)).
     1>CustomBuild:
         Creating ..\..\lib\vc_lib\msw\wx\msw\rcdefs.h
         genrcdefs.h
         Creating ..\..\lib\vc_lib\msw\wx\setup.h
                 1 file(s) copied.
       ClCompile:
         C:\Program Files (x86)\Microsoft Visual Studio 12.0\VC\bin\CL.exe /c /I..\..\lib\vc_lib\msw /I..\..\include /I..\..\src\tiff /I..\..\src\jpeg /I..\..\src\png /I..\..\src\zlib /I..\..\src\regex /I..\..\src\expat\lib /Zi /nologo /W4 /WX- /O2 /Oy- /D WIN32 /D _LIB /D __WXMSW__ /D _VC80_UPGRADE=0x0600 /GF /Gm- /EHsc /MD /GS /Gy /fp:precise /Zc:wchar_t /Zc:forScope /GR /Yc"wx/wxprec.h" /Fp"vc_msw\wxprec_htmllib.pch" /Fo".\vc_msw\html\\" /Fd"..\..\lib\vc_lib\wxmsw26_html.pdb" /Gd /TP /analyze- /errorReport:prompt  /EHsc   /EHsc ..\..\src\msw\dummy.cpp
         dummy.cpp
         C:\Program Files (x86)\Microsoft Visual Studio 12.0\VC\bin\CL.exe /c /I..\..\lib\vc_lib\msw /I..\..\include /I..\..\src\tiff /I..\..\src\jpeg /I..\..\src\png /I..\..\src\zlib /I..\..\src\regex /I..\..\src\expat\lib /Zi /nologo /W4 /WX- /O2 /Oy- /D WIN32 /D _LIB /D __WXMSW__ /D _VC80_UPGRADE=0x0600 /GF /Gm- /EHsc /MD /GS /Gy /fp:precise /Zc:wchar_t /Zc:forScope /GR /Yu"wx/wxprec.h" /Fp"vc_msw\wxprec_htmllib.pch" /Fo".\vc_msw\html\\" /Fd"..\..\lib\vc_lib\wxmsw26_html.pdb" /Gd /TP /analyze- /errorReport:prompt  /EHsc   /EHsc ..\..\src\generic\htmllbox.cpp ..\..\src\html\helpctrl.cpp ..\..\src\html\helpdata.cpp ..\..\src\html\helpfrm.cpp ..\..\src\html\htmlcell.cpp ..\..\src\html\htmlfilt.cpp ..\..\src\html\htmlpars.cpp ..\..\src\html\htmltag.cpp ..\..\src\html\htmlwin.cpp ..\..\src\html\htmprint.cpp ..\..\src\html\m_dflist.cpp ..\..\src\html\m_fonts.cpp ..\..\src\html\m_hline.cpp ..\..\src\html\m_image.cpp ..\..\src\html\m_layout.cpp ..\..\src\html\m_links.cpp ..\..\src\html\m_list.cpp ..\..\src\html\m_pre.cpp ..\..\src\html\m_style.cpp ..\..\src\html\m_tables.cpp ..\..\src\html\winpars.cpp ..\..\src\msw\helpbest.cpp
         htmllbox.cpp
         helpctrl.cpp
     1>C:\Users\user\Desktop\RelaeseMoogDots\version2.0.0.4.3\MOOG_DOOTS_REALLOCATED_VER\wxMSW-2.6.3-1\wxWidgets-2.6.3\include\wx/confbase.h : warning C4819: The file contains a character that cannot be represented in the current code page (1255). Save the file in Unicode format to prevent data loss
         helpdata.cpp
         helpfrm.cpp
     1>C:\Users\user\Desktop\RelaeseMoogDots\version2.0.0.4.3\MOOG_DOOTS_REALLOCATED_VER\wxMSW-2.6.3-1\wxWidgets-2.6.3\include\wx/confbase.h : warning C4819: The file contains a character that cannot be represented in the current code page (1255). Save the file in Unicode format to prevent data loss
     1>C:\Users\user\Desktop\RelaeseMoogDots\version2.0.0.4.3\MOOG_DOOTS_REALLOCATED_VER\wxMSW-2.6.3-1\wxWidgets-2.6.3\include\wx/generic/progdlgg.h : warning C4819: The file contains a character that cannot be represented in the current code page (1255). Save the file in Unicode format to prevent data loss
         htmlcell.cpp
     1>C:\Users\user\Desktop\RelaeseMoogDots\version2.0.0.4.3\MOOG_DOOTS_REALLOCATED_VER\wxMSW-2.6.3-1\wxWidgets-2.6.3\include\wx/confbase.h : warning C4819: The file contains a character that cannot be represented in the current code page (1255). Save the file in Unicode format to prevent data loss
         htmlfilt.cpp
     1>C:\Users\user\Desktop\RelaeseMoogDots\version2.0.0.4.3\MOOG_DOOTS_REALLOCATED_VER\wxMSW-2.6.3-1\wxWidgets-2.6.3\include\wx/confbase.h : warning C4819: The file contains a character that cannot be represented in the current code page (1255). Save the file in Unicode format to prevent data loss
         htmlpars.cpp
         htmltag.cpp
         htmlwin.cpp
     1>C:\Users\user\Desktop\RelaeseMoogDots\version2.0.0.4.3\MOOG_DOOTS_REALLOCATED_VER\wxMSW-2.6.3-1\wxWidgets-2.6.3\include\wx/confbase.h : warning C4819: The file contains a character that cannot be represented in the current code page (1255). Save the file in Unicode format to prevent data loss
         htmprint.cpp
     1>C:\Users\user\Desktop\RelaeseMoogDots\version2.0.0.4.3\MOOG_DOOTS_REALLOCATED_VER\wxMSW-2.6.3-1\wxWidgets-2.6.3\include\wx/confbase.h : warning C4819: The file contains a character that cannot be represented in the current code page (1255). Save the file in Unicode format to prevent data loss
         m_dflist.cpp
         m_fonts.cpp
         m_hline.cpp
         m_image.cpp
     1>C:\Users\user\Desktop\RelaeseMoogDots\version2.0.0.4.3\MOOG_DOOTS_REALLOCATED_VER\wxMSW-2.6.3-1\wxWidgets-2.6.3\include\wx/confbase.h : warning C4819: The file contains a character that cannot be represented in the current code page (1255). Save the file in Unicode format to prevent data loss
         m_layout.cpp
     1>C:\Users\user\Desktop\RelaeseMoogDots\version2.0.0.4.3\MOOG_DOOTS_REALLOCATED_VER\wxMSW-2.6.3-1\wxWidgets-2.6.3\include\wx/confbase.h : warning C4819: The file contains a character that cannot be represented in the current code page (1255). Save the file in Unicode format to prevent data loss
         m_links.cpp
         m_list.cpp
         m_pre.cpp
         m_style.cpp
         m_tables.cpp
         Generating Code...
         Compiling...
         winpars.cpp
     1>C:\Users\user\Desktop\RelaeseMoogDots\version2.0.0.4.3\MOOG_DOOTS_REALLOCATED_VER\wxMSW-2.6.3-1\wxWidgets-2.6.3\include\wx/confbase.h : warning C4819: The file contains a character that cannot be represented in the current code page (1255). Save the file in Unicode format to prevent data loss
         helpbest.cpp
     1>C:\Users\user\Desktop\RelaeseMoogDots\version2.0.0.4.3\MOOG_DOOTS_REALLOCATED_VER\wxMSW-2.6.3-1\wxWidgets-2.6.3\include\wx/confbase.h : warning C4819: The file contains a character that cannot be represented in the current code page (1255). Save the file in Unicode format to prevent data loss
         Generating Code...
     1>C:\Program Files (x86)\MSBuild\Microsoft.Cpp\v4.0\V120\Microsoft.CppBuild.targets(1361,5): warning MSB8012: TargetPath(C:\Users\user\Desktop\RelaeseMoogDots\version2.0.0.4.3\MOOG_DOOTS_REALLOCATED_VER\wxMSW-2.6.3-1\wxWidgets-2.6.3\build\msw\.\..\..\lib\vc_lib\html.lib) does not match the Library's OutputFile property value (C:\Users\user\Desktop\RelaeseMoogDots\version2.0.0.4.3\MOOG_DOOTS_REALLOCATED_VER\wxMSW-2.6.3-1\wxWidgets-2.6.3\lib\vc_lib\wxmsw26_html.lib). This may cause your project to build incorrectly. To correct this, please make sure that $(OutDir), $(TargetName) and $(TargetExt) property values match the value specified in %(Lib.OutputFile).
     1>C:\Program Files (x86)\MSBuild\Microsoft.Cpp\v4.0\V120\Microsoft.CppBuild.targets(1363,5): warning MSB8012: TargetName(html) does not match the Library's OutputFile property value (wxmsw26_html). This may cause your project to build incorrectly. To correct this, please make sure that $(OutDir), $(TargetName) and $(TargetExt) property values match the value specified in %(Lib.OutputFile).
       Lib:
         C:\Program Files (x86)\Microsoft Visual Studio 12.0\VC\bin\Lib.exe /OUT:"..\..\lib\vc_lib\wxmsw26_html.lib" /NOLOGO .\vc_msw\html\htmllbox.obj
         .\vc_msw\html\helpctrl.obj
         .\vc_msw\html\helpdata.obj
         .\vc_msw\html\helpfrm.obj
         .\vc_msw\html\htmlcell.obj
         .\vc_msw\html\htmlfilt.obj
         .\vc_msw\html\htmlpars.obj
         .\vc_msw\html\htmltag.obj
         .\vc_msw\html\htmlwin.obj
         .\vc_msw\html\htmprint.obj
         .\vc_msw\html\m_dflist.obj
         .\vc_msw\html\m_fonts.obj
         .\vc_msw\html\m_hline.obj
         .\vc_msw\html\m_image.obj
         .\vc_msw\html\m_layout.obj
         .\vc_msw\html\m_links.obj
         .\vc_msw\html\m_list.obj
         .\vc_msw\html\m_pre.obj
         .\vc_msw\html\m_style.obj
         .\vc_msw\html\m_tables.obj
         .\vc_msw\html\winpars.obj
         .\vc_msw\html\dummy.obj
         .\vc_msw\html\helpbest.obj
         wx_html.vcxproj -> C:\Users\user\Desktop\RelaeseMoogDots\version2.0.0.4.3\MOOG_DOOTS_REALLOCATED_VER\wxMSW-2.6.3-1\wxWidgets-2.6.3\build\msw\.\..\..\lib\vc_lib\html.lib
     1>Done Building Project "C:\Users\user\Desktop\RelaeseMoogDots\version2.0.0.4.3\MOOG_DOOTS_REALLOCATED_VER\wxMSW-2.6.3-1\wxWidgets-2.6.3\build\msw\wx_html.vcxproj" (Build target(s)).

Build succeeded.

Time Elapsed 00:00:06.40
