Build started 22/09/2016 21:33:41.
     1>Project "C:\Users\user\Desktop\RelaeseMoogDots\version2.0.0.4.3\MOOG_DOOTS_REALLOCATED_VER\wxMSW-2.6.3-1\wxWidgets-2.6.3\build\msw\wx_base.vcxproj" on node 8 (Build target(s)).
     1>CustomBuild:
         Creating ..\..\lib\vc_lib\msw\wx\msw\rcdefs.h
         genrcdefs.h
         Creating ..\..\lib\vc_lib\msw\wx\setup.h
                 1 file(s) copied.
       ClCompile:
         C:\Program Files (x86)\Microsoft Visual Studio 12.0\VC\bin\CL.exe /c /I..\..\lib\vc_lib\msw /I..\..\include /I..\..\src\tiff /I..\..\src\jpeg /I..\..\src\png /I..\..\src\zlib /I..\..\src\regex /I..\..\src\expat\lib /Zi /nologo /W4 /WX- /O2 /Oy- /D WIN32 /D _LIB /D __WXMSW__ /D wxUSE_GUI=0 /D wxUSE_BASE=1 /D _VC80_UPGRADE=0x0600 /GF /Gm- /EHsc /MD /GS /Gy /fp:precise /Zc:wchar_t /Zc:forScope /GR /Yc"wx/wxprec.h" /Fp"vc_msw\wxprec_baselib.pch" /Fo".\vc_msw\base\\" /Fd"..\..\lib\vc_lib\wxbase26.pdb" /Gd /TP /analyze- /errorReport:prompt  /EHsc   /EHsc ..\..\src\msw\dummy.cpp
         dummy.cpp
         C:\Program Files (x86)\Microsoft Visual Studio 12.0\VC\bin\CL.exe /c /I..\..\lib\vc_lib\msw /I..\..\include /I..\..\src\tiff /I..\..\src\jpeg /I..\..\src\png /I..\..\src\zlib /I..\..\src\regex /I..\..\src\expat\lib /Zi /nologo /W4 /WX- /O2 /Oy- /D WIN32 /D _LIB /D __WXMSW__ /D wxUSE_GUI=0 /D wxUSE_BASE=1 /D _VC80_UPGRADE=0x0600 /GF /Gm- /EHsc /MD /GS /Gy /fp:precise /Zc:wchar_t /Zc:forScope /GR /Yu"wx/wxprec.h" /Fp"vc_msw\wxprec_baselib.pch" /Fo".\vc_msw\base\\" /Fd"..\..\lib\vc_lib\wxbase26.pdb" /Gd /TP /analyze- /errorReport:prompt  /EHsc   /EHsc ..\..\src\common\appbase.cpp ..\..\src\common\archive.cpp ..\..\src\common\clntdata.cpp ..\..\src\common\cmdline.cpp ..\..\src\common\config.cpp ..\..\src\common\datetime.cpp ..\..\src\common\datstrm.cpp ..\..\src\common\dircmn.cpp ..\..\src\common\dynarray.cpp ..\..\src\common\dynlib.cpp ..\..\src\common\dynload.cpp ..\..\src\common\encconv.cpp ..\..\src\common\event.cpp ..\..\src\common\ffile.cpp ..\..\src\common\file.cpp ..\..\src\common\fileconf.cpp ..\..\src\common\filefn.cpp ..\..\src\common\filename.cpp ..\..\src\common\filesys.cpp ..\..\src\common\fmapbase.cpp ..\..\src\common\fs_mem.cpp ..\..\src\common\fs_zip.cpp ..\..\src\common\hash.cpp ..\..\src\common\hashmap.cpp ..\..\src\common\init.cpp ..\..\src\common\intl.cpp ..\..\src\common\ipcbase.cpp ..\..\src\common\list.cpp ..\..\src\common\log.cpp ..\..\src\common\longlong.cpp ..\..\src\common\memory.cpp ..\..\src\common\mimecmn.cpp ..\..\src\common\module.cpp ..\..\src\common\msgout.cpp ..\..\src\common\mstream.cpp ..\..\src\common\object.cpp ..\..\src\common\process.cpp ..\..\src\common\regex.cpp ..\..\src\common\sstream.cpp ..\..\src\common\stdpbase.cpp ..\..\src\common\stopwatch.cpp ..\..\src\common\strconv.cpp ..\..\src\common\stream.cpp ..\..\src\common\string.cpp ..\..\src\common\sysopt.cpp ..\..\src\common\textbuf.cpp ..\..\src\common\textfile.cpp ..\..\src\common\tokenzr.cpp ..\..\src\common\txtstrm.cpp ..\..\src\common\uri.cpp ..\..\src\common\utilscmn.cpp ..\..\src\common\variant.cpp ..\..\src\common\wfstream.cpp ..\..\src\common\wxchar.cpp ..\..\src\common\xti.cpp ..\..\src\common\xtistrm.cpp ..\..\src\common\zipstrm.cpp ..\..\src\common\zstream.cpp ..\..\src\msw\basemsw.cpp ..\..\src\msw\crashrpt.cpp ..\..\src\msw\dde.cpp ..\..\src\msw\debughlp.cpp ..\..\src\msw\dir.cpp ..\..\src\msw\dlmsw.cpp ..\..\src\msw\main.cpp ..\..\src\msw\mimetype.cpp ..\..\src\msw\mslu.cpp ..\..\src\msw\regconf.cpp ..\..\src\msw\registry.cpp ..\..\src\msw\snglinst.cpp ..\..\src\msw\stackwalk.cpp ..\..\src\msw\stdpaths.cpp ..\..\src\msw\thread.cpp ..\..\src\msw\utils.cpp ..\..\src\msw\utilsexc.cpp ..\..\src\msw\volume.cpp
         appbase.cpp
     1>C:\Users\user\Desktop\RelaeseMoogDots\version2.0.0.4.3\MOOG_DOOTS_REALLOCATED_VER\wxMSW-2.6.3-1\wxWidgets-2.6.3\include\wx/confbase.h : warning C4819: The file contains a character that cannot be represented in the current code page (1255). Save the file in Unicode format to prevent data loss
         archive.cpp
         clntdata.cpp
         cmdline.cpp
         config.cpp
     1>..\..\src\common\config.cpp : warning C4819: The file contains a character that cannot be represented in the current code page (1255). Save the file in Unicode format to prevent data loss
     1>C:\Users\user\Desktop\RelaeseMoogDots\version2.0.0.4.3\MOOG_DOOTS_REALLOCATED_VER\wxMSW-2.6.3-1\wxWidgets-2.6.3\include\wx/confbase.h : warning C4819: The file contains a character that cannot be represented in the current code page (1255). Save the file in Unicode format to prevent data loss
         datetime.cpp
         datstrm.cpp
         dircmn.cpp
         dynarray.cpp
         dynlib.cpp
         dynload.cpp
         encconv.cpp
         event.cpp
         ffile.cpp
         file.cpp
         fileconf.cpp
     1>..\..\src\common\fileconf.cpp : warning C4819: The file contains a character that cannot be represented in the current code page (1255). Save the file in Unicode format to prevent data loss
     1>C:\Users\user\Desktop\RelaeseMoogDots\version2.0.0.4.3\MOOG_DOOTS_REALLOCATED_VER\wxMSW-2.6.3-1\wxWidgets-2.6.3\include\wx/confbase.h : warning C4819: The file contains a character that cannot be represented in the current code page (1255). Save the file in Unicode format to prevent data loss
     1>C:\Users\user\Desktop\RelaeseMoogDots\version2.0.0.4.3\MOOG_DOOTS_REALLOCATED_VER\wxMSW-2.6.3-1\wxWidgets-2.6.3\include\wx/fileconf.h : warning C4819: The file contains a character that cannot be represented in the current code page (1255). Save the file in Unicode format to prevent data loss
         filefn.cpp
     1>..\..\src\common\filefn.cpp(1977): warning C4996: 'fileno': The POSIX name for this item is deprecated. Instead, use the ISO C++ conformant name: _fileno. See online help for details.
                 C:\Program Files (x86)\Microsoft Visual Studio 12.0\VC\include\stdio.h(718) : see declaration of 'fileno'
         filename.cpp
     1>C:\Users\user\Desktop\RelaeseMoogDots\version2.0.0.4.3\MOOG_DOOTS_REALLOCATED_VER\wxMSW-2.6.3-1\wxWidgets-2.6.3\include\wx/confbase.h : warning C4819: The file contains a character that cannot be represented in the current code page (1255). Save the file in Unicode format to prevent data loss
         filesys.cpp
         fmapbase.cpp
     1>C:\Users\user\Desktop\RelaeseMoogDots\version2.0.0.4.3\MOOG_DOOTS_REALLOCATED_VER\wxMSW-2.6.3-1\wxWidgets-2.6.3\include\wx/confbase.h : warning C4819: The file contains a character that cannot be represented in the current code page (1255). Save the file in Unicode format to prevent data loss
     1>C:\Users\user\Desktop\RelaeseMoogDots\version2.0.0.4.3\MOOG_DOOTS_REALLOCATED_VER\wxMSW-2.6.3-1\wxWidgets-2.6.3\include\wx/fileconf.h : warning C4819: The file contains a character that cannot be represented in the current code page (1255). Save the file in Unicode format to prevent data loss
         Generating Code...
         Compiling...
         fs_mem.cpp
         fs_zip.cpp
         hash.cpp
         hashmap.cpp
         init.cpp
         intl.cpp
     1>..\..\src\common\intl.cpp(34): warning C4603: '__INTERNAL_DEFS' : macro is not defined or definition is different after precompiled header use
                 Add macro to precompiled header instead of defining here
                 ..\..\src\common\intl.cpp(38) : use of precompiled header
         ipcbase.cpp
         list.cpp
         log.cpp
         longlong.cpp
         memory.cpp
         mimecmn.cpp
     1>C:\Users\user\Desktop\RelaeseMoogDots\version2.0.0.4.3\MOOG_DOOTS_REALLOCATED_VER\wxMSW-2.6.3-1\wxWidgets-2.6.3\include\wx/confbase.h : warning C4819: The file contains a character that cannot be represented in the current code page (1255). Save the file in Unicode format to prevent data loss
         module.cpp
         msgout.cpp
         mstream.cpp
         object.cpp
         process.cpp
         regex.cpp
     1>..\..\src\common\regex.cpp : warning C4819: The file contains a character that cannot be represented in the current code page (1255). Save the file in Unicode format to prevent data loss
     1>C:\Users\user\Desktop\RelaeseMoogDots\version2.0.0.4.3\MOOG_DOOTS_REALLOCATED_VER\wxMSW-2.6.3-1\wxWidgets-2.6.3\include\wx/regex.h : warning C4819: The file contains a character that cannot be represented in the current code page (1255). Save the file in Unicode format to prevent data loss
         sstream.cpp
         stdpbase.cpp
         Generating Code...
         Compiling...
         stopwatch.cpp
         strconv.cpp
         stream.cpp
         string.cpp
         sysopt.cpp
         textbuf.cpp
         textfile.cpp
         tokenzr.cpp
         txtstrm.cpp
         uri.cpp
         utilscmn.cpp
     1>C:\Users\user\Desktop\RelaeseMoogDots\version2.0.0.4.3\MOOG_DOOTS_REALLOCATED_VER\wxMSW-2.6.3-1\wxWidgets-2.6.3\include\wx/confbase.h : warning C4819: The file contains a character that cannot be represented in the current code page (1255). Save the file in Unicode format to prevent data loss
         variant.cpp
         wfstream.cpp
         wxchar.cpp
         xti.cpp
         xtistrm.cpp
         zipstrm.cpp
         zstream.cpp
         basemsw.cpp
         crashrpt.cpp
         Generating Code...
         Compiling...
         dde.cpp
         debughlp.cpp
         dir.cpp
         dlmsw.cpp
         main.cpp
     1>..\..\src\msw\main.cpp(212): warning C4535: calling _set_se_translator() requires /EHa
         mimetype.cpp
     1>C:\Users\user\Desktop\RelaeseMoogDots\version2.0.0.4.3\MOOG_DOOTS_REALLOCATED_VER\wxMSW-2.6.3-1\wxWidgets-2.6.3\include\wx/confbase.h : warning C4819: The file contains a character that cannot be represented in the current code page (1255). Save the file in Unicode format to prevent data loss
         mslu.cpp
         regconf.cpp
     1>C:\Users\user\Desktop\RelaeseMoogDots\version2.0.0.4.3\MOOG_DOOTS_REALLOCATED_VER\wxMSW-2.6.3-1\wxWidgets-2.6.3\include\wx/confbase.h : warning C4819: The file contains a character that cannot be represented in the current code page (1255). Save the file in Unicode format to prevent data loss
         registry.cpp
         snglinst.cpp
         stackwalk.cpp
         stdpaths.cpp
         thread.cpp
         utils.cpp
     1>C:\Users\user\Desktop\RelaeseMoogDots\version2.0.0.4.3\MOOG_DOOTS_REALLOCATED_VER\wxMSW-2.6.3-1\wxWidgets-2.6.3\include\wx/confbase.h : warning C4819: The file contains a character that cannot be represented in the current code page (1255). Save the file in Unicode format to prevent data loss
     1>..\..\src\msw\utils.cpp(1068): warning C4996: 'GetVersionExA': was declared deprecated
                 C:\Program Files (x86)\Windows Kits\8.1\Include\um\sysinfoapi.h(433) : see declaration of 'GetVersionExA'
     1>..\..\src\msw\utils.cpp(1175): warning C4996: 'GetVersionExA': was declared deprecated
                 C:\Program Files (x86)\Windows Kits\8.1\Include\um\sysinfoapi.h(433) : see declaration of 'GetVersionExA'
         utilsexc.cpp
         volume.cpp
         Generating Code...
         C:\Program Files (x86)\Microsoft Visual Studio 12.0\VC\bin\CL.exe /c /I..\..\lib\vc_lib\msw /I..\..\include /I..\..\src\tiff /I..\..\src\jpeg /I..\..\src\png /I..\..\src\zlib /I..\..\src\regex /I..\..\src\expat\lib /Zi /nologo /W4 /WX- /O2 /Oy- /D WIN32 /D _LIB /D __WXMSW__ /D wxUSE_GUI=0 /D wxUSE_BASE=1 /D _VC80_UPGRADE=0x0600 /GF /Gm- /EHsc /MD /GS /Gy /fp:precise /Zc:wchar_t /Zc:forScope /GR /Fo".\vc_msw\base\\" /Fd"..\..\lib\vc_lib\wxbase26.pdb" /Gd /TC /analyze- /errorReport:prompt  /EHsc   /EHsc ..\..\src\common\extended.c
         extended.c
     1>C:\Program Files (x86)\MSBuild\Microsoft.Cpp\v4.0\V120\Microsoft.CppBuild.targets(1361,5): warning MSB8012: TargetPath(C:\Users\user\Desktop\RelaeseMoogDots\version2.0.0.4.3\MOOG_DOOTS_REALLOCATED_VER\wxMSW-2.6.3-1\wxWidgets-2.6.3\build\msw\.\..\..\lib\vc_lib\base.lib) does not match the Library's OutputFile property value (C:\Users\user\Desktop\RelaeseMoogDots\version2.0.0.4.3\MOOG_DOOTS_REALLOCATED_VER\wxMSW-2.6.3-1\wxWidgets-2.6.3\lib\vc_lib\wxbase26.lib). This may cause your project to build incorrectly. To correct this, please make sure that $(OutDir), $(TargetName) and $(TargetExt) property values match the value specified in %(Lib.OutputFile).
     1>C:\Program Files (x86)\MSBuild\Microsoft.Cpp\v4.0\V120\Microsoft.CppBuild.targets(1363,5): warning MSB8012: TargetName(base) does not match the Library's OutputFile property value (wxbase26). This may cause your project to build incorrectly. To correct this, please make sure that $(OutDir), $(TargetName) and $(TargetExt) property values match the value specified in %(Lib.OutputFile).
       Lib:
         C:\Program Files (x86)\Microsoft Visual Studio 12.0\VC\bin\Lib.exe /OUT:"..\..\lib\vc_lib\wxbase26.lib" /NOLOGO .\vc_msw\base\appbase.obj
         .\vc_msw\base\archive.obj
         .\vc_msw\base\clntdata.obj
         .\vc_msw\base\cmdline.obj
         .\vc_msw\base\config.obj
         .\vc_msw\base\datetime.obj
         .\vc_msw\base\datstrm.obj
         .\vc_msw\base\dircmn.obj
         .\vc_msw\base\dynarray.obj
         .\vc_msw\base\dynlib.obj
         .\vc_msw\base\dynload.obj
         .\vc_msw\base\encconv.obj
         .\vc_msw\base\event.obj
         .\vc_msw\base\extended.obj
         .\vc_msw\base\ffile.obj
         .\vc_msw\base\file.obj
         .\vc_msw\base\fileconf.obj
         .\vc_msw\base\filefn.obj
         .\vc_msw\base\filename.obj
         .\vc_msw\base\filesys.obj
         .\vc_msw\base\fmapbase.obj
         .\vc_msw\base\fs_mem.obj
         .\vc_msw\base\fs_zip.obj
         .\vc_msw\base\hash.obj
         .\vc_msw\base\hashmap.obj
         .\vc_msw\base\init.obj
         .\vc_msw\base\intl.obj
         .\vc_msw\base\ipcbase.obj
         .\vc_msw\base\list.obj
         .\vc_msw\base\log.obj
         .\vc_msw\base\longlong.obj
         .\vc_msw\base\memory.obj
         .\vc_msw\base\mimecmn.obj
         .\vc_msw\base\module.obj
         .\vc_msw\base\msgout.obj
         .\vc_msw\base\mstream.obj
         .\vc_msw\base\object.obj
         .\vc_msw\base\process.obj
         .\vc_msw\base\regex.obj
         .\vc_msw\base\sstream.obj
         .\vc_msw\base\stdpbase.obj
         .\vc_msw\base\stopwatch.obj
         .\vc_msw\base\strconv.obj
         .\vc_msw\base\stream.obj
         .\vc_msw\base\string.obj
         .\vc_msw\base\sysopt.obj
         .\vc_msw\base\textbuf.obj
         .\vc_msw\base\textfile.obj
         .\vc_msw\base\tokenzr.obj
         .\vc_msw\base\txtstrm.obj
         .\vc_msw\base\uri.obj
         .\vc_msw\base\utilscmn.obj
         .\vc_msw\base\variant.obj
         .\vc_msw\base\wfstream.obj
         .\vc_msw\base\wxchar.obj
         .\vc_msw\base\xti.obj
         .\vc_msw\base\xtistrm.obj
         .\vc_msw\base\zipstrm.obj
         .\vc_msw\base\zstream.obj
         .\vc_msw\base\basemsw.obj
         .\vc_msw\base\crashrpt.obj
         .\vc_msw\base\dde.obj
         .\vc_msw\base\debughlp.obj
         .\vc_msw\base\dir.obj
         .\vc_msw\base\dlmsw.obj
         .\vc_msw\base\dummy.obj
         .\vc_msw\base\main.obj
         .\vc_msw\base\mimetype.obj
         .\vc_msw\base\mslu.obj
         .\vc_msw\base\regconf.obj
         .\vc_msw\base\registry.obj
         .\vc_msw\base\snglinst.obj
         .\vc_msw\base\stackwalk.obj
         .\vc_msw\base\stdpaths.obj
         .\vc_msw\base\thread.obj
         .\vc_msw\base\utils.obj
         .\vc_msw\base\utilsexc.obj
         .\vc_msw\base\volume.obj
         wx_base.vcxproj -> C:\Users\user\Desktop\RelaeseMoogDots\version2.0.0.4.3\MOOG_DOOTS_REALLOCATED_VER\wxMSW-2.6.3-1\wxWidgets-2.6.3\build\msw\.\..\..\lib\vc_lib\base.lib
     1>Done Building Project "C:\Users\user\Desktop\RelaeseMoogDots\version2.0.0.4.3\MOOG_DOOTS_REALLOCATED_VER\wxMSW-2.6.3-1\wxWidgets-2.6.3\build\msw\wx_base.vcxproj" (Build target(s)).

Build succeeded.

Time Elapsed 00:00:09.77
