Build started 22/09/2016 21:33:41.
     1>Project "C:\Users\user\Desktop\RelaeseMoogDots\version2.0.0.4.3\MOOG_DOOTS_REALLOCATED_VER\wxMSW-2.6.3-1\wxWidgets-2.6.3\build\msw\wx_wxpng.vcxproj" on node 6 (Build target(s)).
     1>ClCompile:
         C:\Program Files (x86)\Microsoft Visual Studio 12.0\VC\bin\CL.exe /c /I..\..\src\zlib /Zi /nologo /W1 /WX- /O2 /Oy- /D WIN32 /D _LIB /D _VC80_UPGRADE=0x0600 /GF /Gm- /EHsc /MD /GS /Gy /fp:precise /Zc:wchar_t /Zc:forScope /GR /Fo".\vc_msw\wxpng\\" /Fd"..\..\lib\vc_lib\wxpng.pdb" /Gd /TC /analyze- /errorReport:prompt  /EHsc   /EHsc ..\..\src\png\png.c ..\..\src\png\pngerror.c ..\..\src\png\pnggccrd.c ..\..\src\png\pngget.c ..\..\src\png\pngmem.c ..\..\src\png\pngpread.c ..\..\src\png\pngread.c ..\..\src\png\pngrio.c ..\..\src\png\pngrtran.c ..\..\src\png\pngrutil.c ..\..\src\png\pngset.c ..\..\src\png\pngtrans.c ..\..\src\png\pngvcrd.c ..\..\src\png\pngwio.c ..\..\src\png\pngwrite.c ..\..\src\png\pngwtran.c ..\..\src\png\pngwutil.c
         png.c
         pngerror.c
         pnggccrd.c
         pngget.c
         pngmem.c
         pngpread.c
         pngread.c
         pngrio.c
         pngrtran.c
         pngrutil.c
         pngset.c
         pngtrans.c
         pngvcrd.c
         pngwio.c
         pngwrite.c
         pngwtran.c
         pngwutil.c
         Generating Code...
       Lib:
         C:\Program Files (x86)\Microsoft Visual Studio 12.0\VC\bin\Lib.exe /OUT:"..\..\lib\vc_lib\wxpng.lib" /NOLOGO .\vc_msw\wxpng\png.obj
         .\vc_msw\wxpng\pngerror.obj
         .\vc_msw\wxpng\pnggccrd.obj
         .\vc_msw\wxpng\pngget.obj
         .\vc_msw\wxpng\pngmem.obj
         .\vc_msw\wxpng\pngpread.obj
         .\vc_msw\wxpng\pngread.obj
         .\vc_msw\wxpng\pngrio.obj
         .\vc_msw\wxpng\pngrtran.obj
         .\vc_msw\wxpng\pngrutil.obj
         .\vc_msw\wxpng\pngset.obj
         .\vc_msw\wxpng\pngtrans.obj
         .\vc_msw\wxpng\pngvcrd.obj
         .\vc_msw\wxpng\pngwio.obj
         .\vc_msw\wxpng\pngwrite.obj
         .\vc_msw\wxpng\pngwtran.obj
         .\vc_msw\wxpng\pngwutil.obj
         wx_wxpng.vcxproj -> C:\Users\user\Desktop\RelaeseMoogDots\version2.0.0.4.3\MOOG_DOOTS_REALLOCATED_VER\wxMSW-2.6.3-1\wxWidgets-2.6.3\build\msw\.\..\..\lib\vc_lib\wxpng.lib
     1>Done Building Project "C:\Users\user\Desktop\RelaeseMoogDots\version2.0.0.4.3\MOOG_DOOTS_REALLOCATED_VER\wxMSW-2.6.3-1\wxWidgets-2.6.3\build\msw\wx_wxpng.vcxproj" (Build target(s)).

Build succeeded.

Time Elapsed 00:00:01.96
