Build started 22/09/2016 21:33:41.
     1>Project "C:\Users\user\Desktop\RelaeseMoogDots\version2.0.0.4.3\MOOG_DOOTS_REALLOCATED_VER\wxMSW-2.6.3-1\wxWidgets-2.6.3\build\msw\wx_wxtiff.vcxproj" on node 9 (Build target(s)).
     1>ClCompile:
         C:\Program Files (x86)\Microsoft Visual Studio 12.0\VC\bin\CL.exe /c /I..\..\src\zlib /I..\..\src\jpeg /Zi /nologo /W1 /WX- /O2 /Oy- /D WIN32 /D _LIB /D _VC80_UPGRADE=0x0600 /GF /Gm- /EHsc /MD /GS /Gy /fp:precise /Zc:wchar_t /Zc:forScope /GR /Fo".\vc_msw\wxtiff\\" /Fd"..\..\lib\vc_lib\wxtiff.pdb" /Gd /TC /analyze- /errorReport:prompt  /EHsc   /EHsc ..\..\src\tiff\tif_aux.c ..\..\src\tiff\tif_close.c ..\..\src\tiff\tif_codec.c ..\..\src\tiff\tif_color.c ..\..\src\tiff\tif_compress.c ..\..\src\tiff\tif_dir.c ..\..\src\tiff\tif_dirinfo.c ..\..\src\tiff\tif_dirread.c ..\..\src\tiff\tif_dirwrite.c ..\..\src\tiff\tif_dumpmode.c ..\..\src\tiff\tif_error.c ..\..\src\tiff\tif_extension.c ..\..\src\tiff\tif_fax3.c ..\..\src\tiff\tif_fax3sm.c ..\..\src\tiff\tif_flush.c ..\..\src\tiff\tif_getimage.c ..\..\src\tiff\tif_jpeg.c ..\..\src\tiff\tif_luv.c ..\..\src\tiff\tif_lzw.c ..\..\src\tiff\tif_next.c ..\..\src\tiff\tif_open.c ..\..\src\tiff\tif_packbits.c ..\..\src\tiff\tif_pixarlog.c ..\..\src\tiff\tif_predict.c ..\..\src\tiff\tif_print.c ..\..\src\tiff\tif_read.c ..\..\src\tiff\tif_strip.c ..\..\src\tiff\tif_swab.c ..\..\src\tiff\tif_thunder.c ..\..\src\tiff\tif_tile.c ..\..\src\tiff\tif_version.c ..\..\src\tiff\tif_warning.c ..\..\src\tiff\tif_win32.c ..\..\src\tiff\tif_write.c ..\..\src\tiff\tif_zip.c
         tif_aux.c
         tif_close.c
         tif_codec.c
         tif_color.c
         tif_compress.c
         tif_dir.c
         tif_dirinfo.c
         tif_dirread.c
         tif_dirwrite.c
         tif_dumpmode.c
         tif_error.c
         tif_extension.c
         tif_fax3.c
         tif_fax3sm.c
         tif_flush.c
         tif_getimage.c
         tif_jpeg.c
         tif_luv.c
         tif_lzw.c
         tif_next.c
         Generating Code...
         Compiling...
         tif_open.c
         tif_packbits.c
         tif_pixarlog.c
         tif_predict.c
         tif_print.c
         tif_read.c
         tif_strip.c
         tif_swab.c
         tif_thunder.c
         tif_tile.c
         tif_version.c
         tif_warning.c
         tif_win32.c
         tif_write.c
         tif_zip.c
         Generating Code...
       Lib:
         C:\Program Files (x86)\Microsoft Visual Studio 12.0\VC\bin\Lib.exe /OUT:"..\..\lib\vc_lib\wxtiff.lib" /NOLOGO .\vc_msw\wxtiff\tif_aux.obj
         .\vc_msw\wxtiff\tif_close.obj
         .\vc_msw\wxtiff\tif_codec.obj
         .\vc_msw\wxtiff\tif_color.obj
         .\vc_msw\wxtiff\tif_compress.obj
         .\vc_msw\wxtiff\tif_dir.obj
         .\vc_msw\wxtiff\tif_dirinfo.obj
         .\vc_msw\wxtiff\tif_dirread.obj
         .\vc_msw\wxtiff\tif_dirwrite.obj
         .\vc_msw\wxtiff\tif_dumpmode.obj
         .\vc_msw\wxtiff\tif_error.obj
         .\vc_msw\wxtiff\tif_extension.obj
         .\vc_msw\wxtiff\tif_fax3.obj
         .\vc_msw\wxtiff\tif_fax3sm.obj
         .\vc_msw\wxtiff\tif_flush.obj
         .\vc_msw\wxtiff\tif_getimage.obj
         .\vc_msw\wxtiff\tif_jpeg.obj
         .\vc_msw\wxtiff\tif_luv.obj
         .\vc_msw\wxtiff\tif_lzw.obj
         .\vc_msw\wxtiff\tif_next.obj
         .\vc_msw\wxtiff\tif_open.obj
         .\vc_msw\wxtiff\tif_packbits.obj
         .\vc_msw\wxtiff\tif_pixarlog.obj
         .\vc_msw\wxtiff\tif_predict.obj
         .\vc_msw\wxtiff\tif_print.obj
         .\vc_msw\wxtiff\tif_read.obj
         .\vc_msw\wxtiff\tif_strip.obj
         .\vc_msw\wxtiff\tif_swab.obj
         .\vc_msw\wxtiff\tif_thunder.obj
         .\vc_msw\wxtiff\tif_tile.obj
         .\vc_msw\wxtiff\tif_version.obj
         .\vc_msw\wxtiff\tif_warning.obj
         .\vc_msw\wxtiff\tif_win32.obj
         .\vc_msw\wxtiff\tif_write.obj
         .\vc_msw\wxtiff\tif_zip.obj
         wx_wxtiff.vcxproj -> C:\Users\user\Desktop\RelaeseMoogDots\version2.0.0.4.3\MOOG_DOOTS_REALLOCATED_VER\wxMSW-2.6.3-1\wxWidgets-2.6.3\build\msw\.\..\..\lib\vc_lib\wxtiff.lib
     1>Done Building Project "C:\Users\user\Desktop\RelaeseMoogDots\version2.0.0.4.3\MOOG_DOOTS_REALLOCATED_VER\wxMSW-2.6.3-1\wxWidgets-2.6.3\build\msw\wx_wxtiff.vcxproj" (Build target(s)).

Build succeeded.

Time Elapsed 00:00:12.53
