Build started 04/03/2018 21:41:04.
     1>Project "C:\MoogDotsAllVersions\WorkingVersion\MOOG_DOOTS_REALLOCATED_VER\Adam\Adam\MoogDots -- Human Moog - Curve Screen55\MoogCom\src\MoogCom.vcxproj" on node 2 (Build target(s)).
     1>ClCompile:
         C:\Program Files (x86)\Microsoft Visual Studio 12.0\VC\bin\CL.exe /c /I"..\..\..\..\..\libxl-3.6.5.0\include_cpp" /I..\..\..\NumericalMethods\NumericalMethods /I..\..\Dependencies\MoogDev /Zi /nologo /W3 /WX- /Od /Ob1 /Oi /Oy /D WIN32 /D NDEBUG /D _LIB /D WINVER=0x0501 /D STRICT /D _MBCS /GF /Gm- /EHsc /MD /GS /Gy /fp:precise /Zc:wchar_t /Zc:forScope /Fo"..\release\\" /Fd"..\release\MoogCom.pdb" /Gd /TP /analyze- /errorReport:prompt MBC_Interface.cpp MoogCom.cpp
         MBC_Interface.cpp
     1>MBC_Interface.cpp(194): warning C4996: 'inet_addr': Use inet_pton() or InetPton() instead or define _WINSOCK_DEPRECATED_NO_WARNINGS to disable deprecated API warnings
                 C:\Program Files (x86)\Windows Kits\8.1\Include\um\winsock2.h(1850) : see declaration of 'inet_addr'
     1>MBC_Interface.cpp(199): warning C4996: 'inet_addr': Use inet_pton() or InetPton() instead or define _WINSOCK_DEPRECATED_NO_WARNINGS to disable deprecated API warnings
                 C:\Program Files (x86)\Windows Kits\8.1\Include\um\winsock2.h(1850) : see declaration of 'inet_addr'
         MoogCom.cpp
     1>MoogCom.cpp(125): warning C4996: 'inet_addr': Use inet_pton() or InetPton() instead or define _WINSOCK_DEPRECATED_NO_WARNINGS to disable deprecated API warnings
                 C:\Program Files (x86)\Windows Kits\8.1\Include\um\winsock2.h(1850) : see declaration of 'inet_addr'
     1>MoogCom.cpp(137): warning C4996: 'inet_addr': Use inet_pton() or InetPton() instead or define _WINSOCK_DEPRECATED_NO_WARNINGS to disable deprecated API warnings
                 C:\Program Files (x86)\Windows Kits\8.1\Include\um\winsock2.h(1850) : see declaration of 'inet_addr'
     1>MoogCom.cpp(523): warning C4244: 'argument' : conversion from 'double' to 'float', possible loss of data
     1>MoogCom.cpp(533): warning C4244: 'argument' : conversion from 'double' to 'float', possible loss of data
     1>MoogCom.cpp(547): warning C4244: 'argument' : conversion from 'double' to 'float', possible loss of data
     1>MoogCom.cpp(557): warning C4244: 'initializing' : conversion from 'double' to 'float', possible loss of data
     1>MoogCom.cpp(571): warning C4244: 'initializing' : conversion from 'double' to 'float', possible loss of data
     1>MoogCom.cpp(585): warning C4244: 'initializing' : conversion from 'double' to 'float', possible loss of data
         Generating Code...
       Lib:
         C:\Program Files (x86)\Microsoft Visual Studio 12.0\VC\bin\Lib.exe /OUT:"..\release\MoogCom.lib" libxl.lib InverseKinematics.obj ReverseTransform.obj Ws2_32.lib /LIBPATH:"..\..\..\..\..\libxl-3.6.5.0\lib" /LIBPATH:Z:\Users\Chris\MoogDev /LIBPATH:..\..\Dependencies\MoogDev /LIBPATH:..\..\..\NumericalMethods\NumericalMethods\Release /NOLOGO ..\release\ConfigFile.obj
         ..\release\ConvertEnum.obj
         ..\release\LogOutput.obj
         ..\release\MBC_Interface.obj
         ..\release\MoogCom.obj
         ..\release\Motion_Base_Host.obj
         ..\release\ScriptFile.obj
         ..\release\SignalGenerator.obj
         ..\release\stdafx.obj
     1>Ws2_32.lib(WS2_32.dll) : warning LNK4006: __NULL_IMPORT_DESCRIPTOR already defined in libxl.lib(libxl.dll); second definition ignored
     1>Ws2_32.lib(WS2_32.dll) : warning LNK4221: This object file does not define any previously undefined public symbols, so it will not be used by any link operation that consumes this library
         MoogCom.vcxproj -> C:\MoogDotsAllVersions\WorkingVersion\MOOG_DOOTS_REALLOCATED_VER\Adam\Adam\MoogDots -- Human Moog - Curve Screen55\MoogCom\src\..\release\MoogCom.lib
     1>Done Building Project "C:\MoogDotsAllVersions\WorkingVersion\MOOG_DOOTS_REALLOCATED_VER\Adam\Adam\MoogDots -- Human Moog - Curve Screen55\MoogCom\src\MoogCom.vcxproj" (Build target(s)).

Build succeeded.

Time Elapsed 00:00:01.19
